ARM GAS  C:\Users\MONICA~1\AppData\Local\Temp\ccerkEsg.s 			page 1


   1              		.syntax unified
   2              		.cpu cortex-m3
   3              		.fpu softvfp
   4              		.eabi_attribute 20, 1
   5              		.eabi_attribute 21, 1
   6              		.eabi_attribute 23, 3
   7              		.eabi_attribute 24, 1
   8              		.eabi_attribute 25, 1
   9              		.eabi_attribute 26, 1
  10              		.eabi_attribute 30, 6
  11              		.eabi_attribute 34, 1
  12              		.eabi_attribute 18, 4
  13              		.thumb
  14              		.file	"cymetadata.c"
  15              		.text
  16              	.Ltext0:
  17              		.cfi_sections	.debug_frame
  18              		.global	cy_meta_configecc
  19              		.section	.cyconfigecc,"a",%progbits
  20              		.align	2
  21              		.type	cy_meta_configecc, %object
  22              		.size	cy_meta_configecc, 1064
  23              	cy_meta_configecc:
  24 0000 02       		.byte	2
  25 0001 5A       		.byte	90
  26 0002 00       		.byte	0
  27 0003 40       		.byte	64
  28 0004 01       		.byte	1
  29 0005 64       		.byte	100
  30 0006 00       		.byte	0
  31 0007 40       		.byte	64
  32 0008 02       		.byte	2
  33 0009 65       		.byte	101
  34 000a 00       		.byte	0
  35 000b 40       		.byte	64
  36 000c 62       		.byte	98
  37 000d 08       		.byte	8
  38 000e 01       		.byte	1
  39 000f 40       		.byte	64
  40 0010 3E       		.byte	62
  41 0011 09       		.byte	9
  42 0012 01       		.byte	1
  43 0013 40       		.byte	64
  44 0014 01       		.byte	1
  45 0015 15       		.byte	21
  46 0016 01       		.byte	1
  47 0017 40       		.byte	64
  48 0018 01       		.byte	1
  49 0019 17       		.byte	23
  50 001a 01       		.byte	1
  51 001b 40       		.byte	64
  52 001c 43       		.byte	67
  53 001d 18       		.byte	24
  54 001e 01       		.byte	1
  55 001f 40       		.byte	64
  56 0020 3B       		.byte	59
  57 0021 19       		.byte	25
ARM GAS  C:\Users\MONICA~1\AppData\Local\Temp\ccerkEsg.s 			page 2


  58 0022 01       		.byte	1
  59 0023 40       		.byte	64
  60 0024 52       		.byte	82
  61 0025 1A       		.byte	26
  62 0026 01       		.byte	1
  63 0027 40       		.byte	64
  64 0028 40       		.byte	64
  65 0029 1B       		.byte	27
  66 002a 01       		.byte	1
  67 002b 40       		.byte	64
  68 002c 04       		.byte	4
  69 002d 44       		.byte	68
  70 002e 01       		.byte	1
  71 002f 40       		.byte	64
  72 0030 01       		.byte	1
  73 0031 45       		.byte	69
  74 0032 01       		.byte	1
  75 0033 40       		.byte	64
  76 0034 03       		.byte	3
  77 0035 46       		.byte	70
  78 0036 01       		.byte	1
  79 0037 40       		.byte	64
  80 0038 02       		.byte	2
  81 0039 47       		.byte	71
  82 003a 01       		.byte	1
  83 003b 40       		.byte	64
  84 003c 05       		.byte	5
  85 003d 48       		.byte	72
  86 003e 01       		.byte	1
  87 003f 40       		.byte	64
  88 0040 01       		.byte	1
  89 0041 49       		.byte	73
  90 0042 01       		.byte	1
  91 0043 40       		.byte	64
  92 0044 05       		.byte	5
  93 0045 4C       		.byte	76
  94 0046 01       		.byte	1
  95 0047 40       		.byte	64
  96 0048 0A       		.byte	10
  97 0049 4D       		.byte	77
  98 004a 01       		.byte	1
  99 004b 40       		.byte	64
 100 004c 04       		.byte	4
 101 004d 50       		.byte	80
 102 004e 01       		.byte	1
 103 004f 40       		.byte	64
 104 0050 0B       		.byte	11
 105 0051 01       		.byte	1
 106 0052 0C       		.byte	12
 107 0053 04       		.byte	4
 108 0054 88       		.byte	-120
 109 0055 0F       		.byte	15
 110 0056 89       		.byte	-119
 111 0057 72       		.byte	114
 112 0058 8B       		.byte	-117
 113 0059 38       		.byte	56
 114 005a 00       		.byte	0
ARM GAS  C:\Users\MONICA~1\AppData\Local\Temp\ccerkEsg.s 			page 3


 115 005b 38       		.byte	56
 116 005c 02       		.byte	2
 117 005d 05       		.byte	5
 118 005e 03       		.byte	3
 119 005f 0A       		.byte	10
 120 0060 06       		.byte	6
 121 0061 06       		.byte	6
 122 0062 08       		.byte	8
 123 0063 28       		.byte	40
 124 0064 09       		.byte	9
 125 0065 06       		.byte	6
 126 0066 0B       		.byte	11
 127 0067 08       		.byte	8
 128 0068 0C       		.byte	12
 129 0069 21       		.byte	33
 130 006a 0D       		.byte	13
 131 006b 06       		.byte	6
 132 006c 0E       		.byte	14
 133 006d 18       		.byte	24
 134 006e 0F       		.byte	15
 135 006f 08       		.byte	8
 136 0070 10       		.byte	16
 137 0071 19       		.byte	25
 138 0072 11       		.byte	17
 139 0073 06       		.byte	6
 140 0074 12       		.byte	18
 141 0075 22       		.byte	34
 142 0076 13       		.byte	19
 143 0077 18       		.byte	24
 144 0078 18       		.byte	24
 145 0079 20       		.byte	32
 146 007a 1E       		.byte	30
 147 007b 01       		.byte	1
 148 007c 1F       		.byte	31
 149 007d 10       		.byte	16
 150 007e 20       		.byte	32
 151 007f 12       		.byte	18
 152 0080 21       		.byte	33
 153 0081 14       		.byte	20
 154 0082 22       		.byte	34
 155 0083 20       		.byte	32
 156 0084 23       		.byte	35
 157 0085 08       		.byte	8
 158 0086 26       		.byte	38
 159 0087 01       		.byte	1
 160 0088 2D       		.byte	45
 161 0089 01       		.byte	1
 162 008a 32       		.byte	50
 163 008b 3E       		.byte	62
 164 008c 35       		.byte	53
 165 008d 01       		.byte	1
 166 008e 36       		.byte	54
 167 008f 01       		.byte	1
 168 0090 37       		.byte	55
 169 0091 1E       		.byte	30
 170 0092 3B       		.byte	59
 171 0093 80       		.byte	-128
ARM GAS  C:\Users\MONICA~1\AppData\Local\Temp\ccerkEsg.s 			page 4


 172 0094 3E       		.byte	62
 173 0095 40       		.byte	64
 174 0096 3F       		.byte	63
 175 0097 10       		.byte	16
 176 0098 40       		.byte	64
 177 0099 41       		.byte	65
 178 009a 41       		.byte	65
 179 009b 05       		.byte	5
 180 009c 46       		.byte	70
 181 009d C0       		.byte	-64
 182 009e 47       		.byte	71
 183 009f EB       		.byte	-21
 184 00a0 48       		.byte	72
 185 00a1 38       		.byte	56
 186 00a2 49       		.byte	73
 187 00a3 FF       		.byte	-1
 188 00a4 4A       		.byte	74
 189 00a5 FF       		.byte	-1
 190 00a6 4B       		.byte	75
 191 00a7 FF       		.byte	-1
 192 00a8 4E       		.byte	78
 193 00a9 F0       		.byte	-16
 194 00aa 4F       		.byte	79
 195 00ab 44       		.byte	68
 196 00ac 50       		.byte	80
 197 00ad 0C       		.byte	12
 198 00ae 54       		.byte	84
 199 00af 01       		.byte	1
 200 00b0 58       		.byte	88
 201 00b1 04       		.byte	4
 202 00b2 59       		.byte	89
 203 00b3 04       		.byte	4
 204 00b4 5A       		.byte	90
 205 00b5 04       		.byte	4
 206 00b6 5B       		.byte	91
 207 00b7 04       		.byte	4
 208 00b8 5C       		.byte	92
 209 00b9 11       		.byte	17
 210 00ba 5D       		.byte	93
 211 00bb 11       		.byte	17
 212 00bc 5F       		.byte	95
 213 00bd 01       		.byte	1
 214 00be 66       		.byte	102
 215 00bf C0       		.byte	-64
 216 00c0 6A       		.byte	106
 217 00c1 40       		.byte	64
 218 00c2 6B       		.byte	107
 219 00c3 02       		.byte	2
 220 00c4 80       		.byte	-128
 221 00c5 02       		.byte	2
 222 00c6 81       		.byte	-127
 223 00c7 02       		.byte	2
 224 00c8 83       		.byte	-125
 225 00c9 08       		.byte	8
 226 00ca 85       		.byte	-123
 227 00cb 04       		.byte	4
 228 00cc 89       		.byte	-119
ARM GAS  C:\Users\MONICA~1\AppData\Local\Temp\ccerkEsg.s 			page 5


 229 00cd 04       		.byte	4
 230 00ce 8D       		.byte	-115
 231 00cf 04       		.byte	4
 232 00d0 90       		.byte	-112
 233 00d1 03       		.byte	3
 234 00d2 93       		.byte	-109
 235 00d3 30       		.byte	48
 236 00d4 9B       		.byte	-101
 237 00d5 10       		.byte	16
 238 00d6 9C       		.byte	-100
 239 00d7 03       		.byte	3
 240 00d8 9D       		.byte	-99
 241 00d9 01       		.byte	1
 242 00da 9F       		.byte	-97
 243 00db 28       		.byte	40
 244 00dc A1       		.byte	-95
 245 00dd 01       		.byte	1
 246 00de A2       		.byte	-94
 247 00df 01       		.byte	1
 248 00e0 A3       		.byte	-93
 249 00e1 18       		.byte	24
 250 00e2 AD       		.byte	-83
 251 00e3 30       		.byte	48
 252 00e4 AF       		.byte	-81
 253 00e5 09       		.byte	9
 254 00e6 B1       		.byte	-79
 255 00e7 03       		.byte	3
 256 00e8 B3       		.byte	-77
 257 00e9 04       		.byte	4
 258 00ea B4       		.byte	-76
 259 00eb 03       		.byte	3
 260 00ec B7       		.byte	-73
 261 00ed 38       		.byte	56
 262 00ee B8       		.byte	-72
 263 00ef 20       		.byte	32
 264 00f0 B9       		.byte	-71
 265 00f1 02       		.byte	2
 266 00f2 BB       		.byte	-69
 267 00f3 80       		.byte	-128
 268 00f4 BE       		.byte	-66
 269 00f5 10       		.byte	16
 270 00f6 C0       		.byte	-64
 271 00f7 02       		.byte	2
 272 00f8 C6       		.byte	-58
 273 00f9 40       		.byte	64
 274 00fa C9       		.byte	-55
 275 00fb FF       		.byte	-1
 276 00fc CA       		.byte	-54
 277 00fd 07       		.byte	7
 278 00fe CB       		.byte	-53
 279 00ff FF       		.byte	-1
 280 0100 CC       		.byte	-52
 281 0101 40       		.byte	64
 282 0102 CD       		.byte	-51
 283 0103 20       		.byte	32
 284 0104 CE       		.byte	-50
 285 0105 F0       		.byte	-16
ARM GAS  C:\Users\MONICA~1\AppData\Local\Temp\ccerkEsg.s 			page 6


 286 0106 CF       		.byte	-49
 287 0107 05       		.byte	5
 288 0108 D0       		.byte	-48
 289 0109 08       		.byte	8
 290 010a D8       		.byte	-40
 291 010b 04       		.byte	4
 292 010c D9       		.byte	-39
 293 010d 04       		.byte	4
 294 010e DA       		.byte	-38
 295 010f 04       		.byte	4
 296 0110 DC       		.byte	-36
 297 0111 10       		.byte	16
 298 0112 DD       		.byte	-35
 299 0113 01       		.byte	1
 300 0114 DF       		.byte	-33
 301 0115 01       		.byte	1
 302 0116 E0       		.byte	-32
 303 0117 40       		.byte	64
 304 0118 E1       		.byte	-31
 305 0119 A8       		.byte	-88
 306 011a E2       		.byte	-30
 307 011b 40       		.byte	64
 308 011c E3       		.byte	-29
 309 011d 20       		.byte	32
 310 011e 00       		.byte	0
 311 011f 02       		.byte	2
 312 0120 02       		.byte	2
 313 0121 40       		.byte	64
 314 0122 03       		.byte	3
 315 0123 80       		.byte	-128
 316 0124 05       		.byte	5
 317 0125 04       		.byte	4
 318 0126 06       		.byte	6
 319 0127 44       		.byte	68
 320 0128 07       		.byte	7
 321 0129 01       		.byte	1
 322 012a 09       		.byte	9
 323 012b 40       		.byte	64
 324 012c 0A       		.byte	10
 325 012d C0       		.byte	-64
 326 012e 0C       		.byte	12
 327 012f 80       		.byte	-128
 328 0130 0D       		.byte	13
 329 0131 90       		.byte	-112
 330 0132 0E       		.byte	14
 331 0133 40       		.byte	64
 332 0134 0F       		.byte	15
 333 0135 80       		.byte	-128
 334 0136 10       		.byte	16
 335 0137 80       		.byte	-128
 336 0138 11       		.byte	17
 337 0139 01       		.byte	1
 338 013a 15       		.byte	21
 339 013b 02       		.byte	2
 340 013c 16       		.byte	22
 341 013d 10       		.byte	16
 342 013e 18       		.byte	24
ARM GAS  C:\Users\MONICA~1\AppData\Local\Temp\ccerkEsg.s 			page 7


 343 013f 04       		.byte	4
 344 0140 1D       		.byte	29
 345 0141 04       		.byte	4
 346 0142 1F       		.byte	31
 347 0143 48       		.byte	72
 348 0144 20       		.byte	32
 349 0145 20       		.byte	32
 350 0146 21       		.byte	33
 351 0147 01       		.byte	1
 352 0148 22       		.byte	34
 353 0149 41       		.byte	65
 354 014a 23       		.byte	35
 355 014b 90       		.byte	-112
 356 014c 25       		.byte	37
 357 014d 40       		.byte	64
 358 014e 26       		.byte	38
 359 014f 80       		.byte	-128
 360 0150 27       		.byte	39
 361 0151 09       		.byte	9
 362 0152 2A       		.byte	42
 363 0153 40       		.byte	64
 364 0154 2B       		.byte	43
 365 0155 40       		.byte	64
 366 0156 2F       		.byte	47
 367 0157 82       		.byte	-126
 368 0158 30       		.byte	48
 369 0159 20       		.byte	32
 370 015a 32       		.byte	50
 371 015b 81       		.byte	-127
 372 015c 37       		.byte	55
 373 015d 81       		.byte	-127
 374 015e 39       		.byte	57
 375 015f 55       		.byte	85
 376 0160 3C       		.byte	60
 377 0161 10       		.byte	16
 378 0162 3D       		.byte	61
 379 0163 01       		.byte	1
 380 0164 3E       		.byte	62
 381 0165 40       		.byte	64
 382 0166 3F       		.byte	63
 383 0167 20       		.byte	32
 384 0168 40       		.byte	64
 385 0169 04       		.byte	4
 386 016a 45       		.byte	69
 387 016b 80       		.byte	-128
 388 016c 47       		.byte	71
 389 016d 01       		.byte	1
 390 016e 48       		.byte	72
 391 016f 80       		.byte	-128
 392 0170 4B       		.byte	75
 393 0171 C0       		.byte	-64
 394 0172 4C       		.byte	76
 395 0173 01       		.byte	1
 396 0174 4F       		.byte	79
 397 0175 80       		.byte	-128
 398 0176 50       		.byte	80
 399 0177 20       		.byte	32
ARM GAS  C:\Users\MONICA~1\AppData\Local\Temp\ccerkEsg.s 			page 8


 400 0178 51       		.byte	81
 401 0179 10       		.byte	16
 402 017a 56       		.byte	86
 403 017b 14       		.byte	20
 404 017c 57       		.byte	87
 405 017d 12       		.byte	18
 406 017e 5C       		.byte	92
 407 017f 10       		.byte	16
 408 0180 5E       		.byte	94
 409 0181 02       		.byte	2
 410 0182 5F       		.byte	95
 411 0183 48       		.byte	72
 412 0184 7A       		.byte	122
 413 0185 01       		.byte	1
 414 0186 7B       		.byte	123
 415 0187 02       		.byte	2
 416 0188 C0       		.byte	-64
 417 0189 F8       		.byte	-8
 418 018a C2       		.byte	-62
 419 018b D9       		.byte	-39
 420 018c C4       		.byte	-60
 421 018d 38       		.byte	56
 422 018e CA       		.byte	-54
 423 018f 99       		.byte	-103
 424 0190 CC       		.byte	-52
 425 0191 9D       		.byte	-99
 426 0192 CE       		.byte	-50
 427 0193 BF       		.byte	-65
 428 0194 D0       		.byte	-48
 429 0195 94       		.byte	-108
 430 0196 D2       		.byte	-46
 431 0197 10       		.byte	16
 432 0198 D6       		.byte	-42
 433 0199 F0       		.byte	-16
 434 019a EC       		.byte	-20
 435 019b 20       		.byte	32
 436 019c E4       		.byte	-28
 437 019d 80       		.byte	-128
 438 019e 00       		.byte	0
 439 019f 01       		.byte	1
 440 01a0 02       		.byte	2
 441 01a1 0E       		.byte	14
 442 01a2 05       		.byte	5
 443 01a3 02       		.byte	2
 444 01a4 0B       		.byte	11
 445 01a5 01       		.byte	1
 446 01a6 0C       		.byte	12
 447 01a7 01       		.byte	1
 448 01a8 0D       		.byte	13
 449 01a9 01       		.byte	1
 450 01aa 0E       		.byte	14
 451 01ab 06       		.byte	6
 452 01ac 0F       		.byte	15
 453 01ad 06       		.byte	6
 454 01ae 11       		.byte	17
 455 01af 07       		.byte	7
 456 01b0 12       		.byte	18
ARM GAS  C:\Users\MONICA~1\AppData\Local\Temp\ccerkEsg.s 			page 9


 457 01b1 0C       		.byte	12
 458 01b2 15       		.byte	21
 459 01b3 07       		.byte	7
 460 01b4 1A       		.byte	26
 461 01b5 08       		.byte	8
 462 01b6 1C       		.byte	28
 463 01b7 0C       		.byte	12
 464 01b8 1D       		.byte	29
 465 01b9 06       		.byte	6
 466 01ba 1E       		.byte	30
 467 01bb 03       		.byte	3
 468 01bc 1F       		.byte	31
 469 01bd 01       		.byte	1
 470 01be 21       		.byte	33
 471 01bf 04       		.byte	4
 472 01c0 22       		.byte	34
 473 01c1 03       		.byte	3
 474 01c2 29       		.byte	41
 475 01c3 06       		.byte	6
 476 01c4 33       		.byte	51
 477 01c5 07       		.byte	7
 478 01c6 36       		.byte	54
 479 01c7 0F       		.byte	15
 480 01c8 39       		.byte	57
 481 01c9 20       		.byte	32
 482 01ca 3A       		.byte	58
 483 01cb 80       		.byte	-128
 484 01cc 3F       		.byte	63
 485 01cd 10       		.byte	16
 486 01ce 58       		.byte	88
 487 01cf 04       		.byte	4
 488 01d0 59       		.byte	89
 489 01d1 04       		.byte	4
 490 01d2 5C       		.byte	92
 491 01d3 11       		.byte	17
 492 01d4 5F       		.byte	95
 493 01d5 01       		.byte	1
 494 01d6 84       		.byte	-124
 495 01d7 03       		.byte	3
 496 01d8 85       		.byte	-123
 497 01d9 08       		.byte	8
 498 01da 8A       		.byte	-118
 499 01db 03       		.byte	3
 500 01dc 8B       		.byte	-117
 501 01dd 23       		.byte	35
 502 01de 8C       		.byte	-116
 503 01df 03       		.byte	3
 504 01e0 8D       		.byte	-115
 505 01e1 27       		.byte	39
 506 01e2 8E       		.byte	-114
 507 01e3 0C       		.byte	12
 508 01e4 8F       		.byte	-113
 509 01e5 18       		.byte	24
 510 01e6 90       		.byte	-112
 511 01e7 0F       		.byte	15
 512 01e8 91       		.byte	-111
 513 01e9 1C       		.byte	28
ARM GAS  C:\Users\MONICA~1\AppData\Local\Temp\ccerkEsg.s 			page 10


 514 01ea 93       		.byte	-109
 515 01eb 22       		.byte	34
 516 01ec 94       		.byte	-108
 517 01ed 01       		.byte	1
 518 01ee 95       		.byte	-107
 519 01ef 3F       		.byte	63
 520 01f0 98       		.byte	-104
 521 01f1 04       		.byte	4
 522 01f2 99       		.byte	-103
 523 01f3 04       		.byte	4
 524 01f4 9C       		.byte	-100
 525 01f5 0F       		.byte	15
 526 01f6 9D       		.byte	-99
 527 01f7 1C       		.byte	28
 528 01f8 9F       		.byte	-97
 529 01f9 21       		.byte	33
 530 01fa A0       		.byte	-96
 531 01fb 08       		.byte	8
 532 01fc A1       		.byte	-95
 533 01fd 10       		.byte	16
 534 01fe A4       		.byte	-92
 535 01ff 02       		.byte	2
 536 0200 A8       		.byte	-88
 537 0201 0C       		.byte	12
 538 0202 A9       		.byte	-87
 539 0203 18       		.byte	24
 540 0204 AC       		.byte	-84
 541 0205 0C       		.byte	12
 542 0206 AE       		.byte	-82
 543 0207 03       		.byte	3
 544 0208 AF       		.byte	-81
 545 0209 04       		.byte	4
 546 020a B0       		.byte	-80
 547 020b 0F       		.byte	15
 548 020c B1       		.byte	-79
 549 020d 1F       		.byte	31
 550 020e B7       		.byte	-73
 551 020f 38       		.byte	56
 552 0210 BA       		.byte	-70
 553 0211 0A       		.byte	10
 554 0212 BB       		.byte	-69
 555 0213 82       		.byte	-126
 556 0214 D6       		.byte	-42
 557 0215 02       		.byte	2
 558 0216 D7       		.byte	-41
 559 0217 12       		.byte	18
 560 0218 D8       		.byte	-40
 561 0219 04       		.byte	4
 562 021a D9       		.byte	-39
 563 021b 04       		.byte	4
 564 021c DB       		.byte	-37
 565 021d 04       		.byte	4
 566 021e DC       		.byte	-36
 567 021f 11       		.byte	17
 568 0220 DD       		.byte	-35
 569 0221 10       		.byte	16
 570 0222 DF       		.byte	-33
ARM GAS  C:\Users\MONICA~1\AppData\Local\Temp\ccerkEsg.s 			page 11


 571 0223 01       		.byte	1
 572 0224 00       		.byte	0
 573 0225 60       		.byte	96
 574 0226 01       		.byte	1
 575 0227 08       		.byte	8
 576 0228 04       		.byte	4
 577 0229 02       		.byte	2
 578 022a 07       		.byte	7
 579 022b 01       		.byte	1
 580 022c 08       		.byte	8
 581 022d 02       		.byte	2
 582 022e 09       		.byte	9
 583 022f 80       		.byte	-128
 584 0230 0A       		.byte	10
 585 0231 24       		.byte	36
 586 0232 0D       		.byte	13
 587 0233 11       		.byte	17
 588 0234 0E       		.byte	14
 589 0235 02       		.byte	2
 590 0236 10       		.byte	16
 591 0237 88       		.byte	-120
 592 0238 12       		.byte	18
 593 0239 22       		.byte	34
 594 023a 15       		.byte	21
 595 023b 01       		.byte	1
 596 023c 18       		.byte	24
 597 023d 40       		.byte	64
 598 023e 19       		.byte	25
 599 023f 04       		.byte	4
 600 0240 1C       		.byte	28
 601 0241 02       		.byte	2
 602 0242 1E       		.byte	30
 603 0243 02       		.byte	2
 604 0244 21       		.byte	33
 605 0245 80       		.byte	-128
 606 0246 22       		.byte	34
 607 0247 82       		.byte	-126
 608 0248 26       		.byte	38
 609 0249 10       		.byte	16
 610 024a 27       		.byte	39
 611 024b 10       		.byte	16
 612 024c 29       		.byte	41
 613 024d 40       		.byte	64
 614 024e 2A       		.byte	42
 615 024f 22       		.byte	34
 616 0250 2C       		.byte	44
 617 0251 08       		.byte	8
 618 0252 2E       		.byte	46
 619 0253 02       		.byte	2
 620 0254 31       		.byte	49
 621 0255 84       		.byte	-124
 622 0256 32       		.byte	50
 623 0257 12       		.byte	18
 624 0258 35       		.byte	53
 625 0259 04       		.byte	4
 626 025a 36       		.byte	54
 627 025b 82       		.byte	-126
ARM GAS  C:\Users\MONICA~1\AppData\Local\Temp\ccerkEsg.s 			page 12


 628 025c 38       		.byte	56
 629 025d 40       		.byte	64
 630 025e 3A       		.byte	58
 631 025f 08       		.byte	8
 632 0260 3B       		.byte	59
 633 0261 10       		.byte	16
 634 0262 3C       		.byte	60
 635 0263 40       		.byte	64
 636 0264 3E       		.byte	62
 637 0265 04       		.byte	4
 638 0266 3F       		.byte	63
 639 0267 10       		.byte	16
 640 0268 5A       		.byte	90
 641 0269 08       		.byte	8
 642 026a 69       		.byte	105
 643 026b 54       		.byte	84
 644 026c 70       		.byte	112
 645 026d 88       		.byte	-120
 646 026e 72       		.byte	114
 647 026f 2E       		.byte	46
 648 0270 8C       		.byte	-116
 649 0271 02       		.byte	2
 650 0272 8D       		.byte	-115
 651 0273 04       		.byte	4
 652 0274 90       		.byte	-112
 653 0275 02       		.byte	2
 654 0276 91       		.byte	-111
 655 0277 23       		.byte	35
 656 0278 93       		.byte	-109
 657 0279 10       		.byte	16
 658 027a 95       		.byte	-107
 659 027b 54       		.byte	84
 660 027c 9B       		.byte	-101
 661 027d 01       		.byte	1
 662 027e A0       		.byte	-96
 663 027f 10       		.byte	16
 664 0280 A3       		.byte	-93
 665 0281 08       		.byte	8
 666 0282 A4       		.byte	-92
 667 0283 01       		.byte	1
 668 0284 A6       		.byte	-90
 669 0285 10       		.byte	16
 670 0286 AE       		.byte	-82
 671 0287 10       		.byte	16
 672 0288 C0       		.byte	-64
 673 0289 97       		.byte	-105
 674 028a C2       		.byte	-62
 675 028b DF       		.byte	-33
 676 028c C4       		.byte	-60
 677 028d 1F       		.byte	31
 678 028e CA       		.byte	-54
 679 028f AD       		.byte	-83
 680 0290 CC       		.byte	-52
 681 0291 DF       		.byte	-33
 682 0292 CE       		.byte	-50
 683 0293 7E       		.byte	126
 684 0294 D6       		.byte	-42
ARM GAS  C:\Users\MONICA~1\AppData\Local\Temp\ccerkEsg.s 			page 13


 685 0295 02       		.byte	2
 686 0296 E4       		.byte	-28
 687 0297 80       		.byte	-128
 688 0298 EC       		.byte	-20
 689 0299 08       		.byte	8
 690 029a 01       		.byte	1
 691 029b 04       		.byte	4
 692 029c 03       		.byte	3
 693 029d 0A       		.byte	10
 694 029e 04       		.byte	4
 695 029f 32       		.byte	50
 696 02a0 05       		.byte	5
 697 02a1 0C       		.byte	12
 698 02a2 06       		.byte	6
 699 02a3 0C       		.byte	12
 700 02a4 08       		.byte	8
 701 02a5 0E       		.byte	14
 702 02a6 09       		.byte	9
 703 02a7 0C       		.byte	12
 704 02a8 0C       		.byte	12
 705 02a9 30       		.byte	48
 706 02aa 0D       		.byte	13
 707 02ab 10       		.byte	16
 708 02ac 11       		.byte	17
 709 02ad 10       		.byte	16
 710 02ae 14       		.byte	20
 711 02af 30       		.byte	48
 712 02b0 15       		.byte	21
 713 02b1 10       		.byte	16
 714 02b2 18       		.byte	24
 715 02b3 14       		.byte	20
 716 02b4 19       		.byte	25
 717 02b5 08       		.byte	8
 718 02b6 1A       		.byte	26
 719 02b7 03       		.byte	3
 720 02b8 1B       		.byte	27
 721 02b9 06       		.byte	6
 722 02ba 1C       		.byte	28
 723 02bb 28       		.byte	40
 724 02bc 1D       		.byte	29
 725 02bd 10       		.byte	16
 726 02be 1E       		.byte	30
 727 02bf 02       		.byte	2
 728 02c0 22       		.byte	34
 729 02c1 30       		.byte	48
 730 02c2 24       		.byte	36
 731 02c3 0E       		.byte	14
 732 02c4 27       		.byte	39
 733 02c5 01       		.byte	1
 734 02c6 2A       		.byte	42
 735 02c7 30       		.byte	48
 736 02c8 2E       		.byte	46
 737 02c9 30       		.byte	48
 738 02ca 30       		.byte	48
 739 02cb 30       		.byte	48
 740 02cc 32       		.byte	50
 741 02cd 0E       		.byte	14
ARM GAS  C:\Users\MONICA~1\AppData\Local\Temp\ccerkEsg.s 			page 14


 742 02ce 33       		.byte	51
 743 02cf 10       		.byte	16
 744 02d0 35       		.byte	53
 745 02d1 0C       		.byte	12
 746 02d2 36       		.byte	54
 747 02d3 01       		.byte	1
 748 02d4 37       		.byte	55
 749 02d5 03       		.byte	3
 750 02d6 3F       		.byte	63
 751 02d7 44       		.byte	68
 752 02d8 58       		.byte	88
 753 02d9 04       		.byte	4
 754 02da 59       		.byte	89
 755 02db 04       		.byte	4
 756 02dc 5C       		.byte	92
 757 02dd 11       		.byte	17
 758 02de 5F       		.byte	95
 759 02df 01       		.byte	1
 760 02e0 82       		.byte	-126
 761 02e1 01       		.byte	1
 762 02e2 84       		.byte	-124
 763 02e3 01       		.byte	1
 764 02e4 8B       		.byte	-117
 765 02e5 01       		.byte	1
 766 02e6 8C       		.byte	-116
 767 02e7 01       		.byte	1
 768 02e8 8F       		.byte	-113
 769 02e9 01       		.byte	1
 770 02ea 9A       		.byte	-102
 771 02eb 02       		.byte	2
 772 02ec A9       		.byte	-87
 773 02ed 02       		.byte	2
 774 02ee AA       		.byte	-86
 775 02ef 02       		.byte	2
 776 02f0 AE       		.byte	-82
 777 02f1 01       		.byte	1
 778 02f2 B0       		.byte	-80
 779 02f3 02       		.byte	2
 780 02f4 B1       		.byte	-79
 781 02f5 02       		.byte	2
 782 02f6 B2       		.byte	-78
 783 02f7 01       		.byte	1
 784 02f8 B3       		.byte	-77
 785 02f9 01       		.byte	1
 786 02fa B8       		.byte	-72
 787 02fb 08       		.byte	8
 788 02fc BE       		.byte	-66
 789 02fd 01       		.byte	1
 790 02fe BF       		.byte	-65
 791 02ff 05       		.byte	5
 792 0300 C0       		.byte	-64
 793 0301 56       		.byte	86
 794 0302 C1       		.byte	-63
 795 0303 03       		.byte	3
 796 0304 C2       		.byte	-62
 797 0305 02       		.byte	2
 798 0306 C4       		.byte	-60
ARM GAS  C:\Users\MONICA~1\AppData\Local\Temp\ccerkEsg.s 			page 15


 799 0307 01       		.byte	1
 800 0308 C5       		.byte	-59
 801 0309 0C       		.byte	12
 802 030a C6       		.byte	-58
 803 030b 0E       		.byte	14
 804 030c C8       		.byte	-56
 805 030d 05       		.byte	5
 806 030e C9       		.byte	-55
 807 030f FF       		.byte	-1
 808 0310 CA       		.byte	-54
 809 0311 FF       		.byte	-1
 810 0312 CB       		.byte	-53
 811 0313 FF       		.byte	-1
 812 0314 CC       		.byte	-52
 813 0315 62       		.byte	98
 814 0316 CD       		.byte	-51
 815 0317 A0       		.byte	-96
 816 0318 CE       		.byte	-50
 817 0319 F0       		.byte	-16
 818 031a CF       		.byte	-49
 819 031b 41       		.byte	65
 820 031c D0       		.byte	-48
 821 031d 0C       		.byte	12
 822 031e D4       		.byte	-44
 823 031f 18       		.byte	24
 824 0320 D8       		.byte	-40
 825 0321 04       		.byte	4
 826 0322 D9       		.byte	-39
 827 0323 04       		.byte	4
 828 0324 DA       		.byte	-38
 829 0325 04       		.byte	4
 830 0326 DB       		.byte	-37
 831 0327 04       		.byte	4
 832 0328 DC       		.byte	-36
 833 0329 01       		.byte	1
 834 032a DD       		.byte	-35
 835 032b 11       		.byte	17
 836 032c DF       		.byte	-33
 837 032d 01       		.byte	1
 838 032e E6       		.byte	-26
 839 032f 40       		.byte	64
 840 0330 E7       		.byte	-25
 841 0331 02       		.byte	2
 842 0332 E9       		.byte	-23
 843 0333 10       		.byte	16
 844 0334 EA       		.byte	-22
 845 0335 30       		.byte	48
 846 0336 EB       		.byte	-21
 847 0337 10       		.byte	16
 848 0338 ED       		.byte	-19
 849 0339 10       		.byte	16
 850 033a EE       		.byte	-18
 851 033b 10       		.byte	16
 852 033c EF       		.byte	-17
 853 033d 12       		.byte	18
 854 033e 00       		.byte	0
 855 033f 40       		.byte	64
ARM GAS  C:\Users\MONICA~1\AppData\Local\Temp\ccerkEsg.s 			page 16


 856 0340 01       		.byte	1
 857 0341 18       		.byte	24
 858 0342 04       		.byte	4
 859 0343 40       		.byte	64
 860 0344 05       		.byte	5
 861 0345 04       		.byte	4
 862 0346 06       		.byte	6
 863 0347 40       		.byte	64
 864 0348 08       		.byte	8
 865 0349 24       		.byte	36
 866 034a 0A       		.byte	10
 867 034b 02       		.byte	2
 868 034c 0F       		.byte	15
 869 034d 08       		.byte	8
 870 034e 11       		.byte	17
 871 034f 04       		.byte	4
 872 0350 12       		.byte	18
 873 0351 C2       		.byte	-62
 874 0352 13       		.byte	19
 875 0353 90       		.byte	-112
 876 0354 17       		.byte	23
 877 0355 90       		.byte	-112
 878 0356 19       		.byte	25
 879 0357 4A       		.byte	74
 880 0358 1E       		.byte	30
 881 0359 10       		.byte	16
 882 035a 1F       		.byte	31
 883 035b 01       		.byte	1
 884 035c 21       		.byte	33
 885 035d 80       		.byte	-128
 886 035e 22       		.byte	34
 887 035f 24       		.byte	36
 888 0360 25       		.byte	37
 889 0361 01       		.byte	1
 890 0362 26       		.byte	38
 891 0363 08       		.byte	8
 892 0364 29       		.byte	41
 893 0365 08       		.byte	8
 894 0366 2F       		.byte	47
 895 0367 08       		.byte	8
 896 0368 30       		.byte	48
 897 0369 04       		.byte	4
 898 036a 31       		.byte	49
 899 036b 04       		.byte	4
 900 036c 32       		.byte	50
 901 036d A2       		.byte	-94
 902 036e 33       		.byte	51
 903 036f 04       		.byte	4
 904 0370 34       		.byte	52
 905 0371 08       		.byte	8
 906 0372 36       		.byte	54
 907 0373 08       		.byte	8
 908 0374 38       		.byte	56
 909 0375 42       		.byte	66
 910 0376 39       		.byte	57
 911 0377 14       		.byte	20
 912 0378 3B       		.byte	59
ARM GAS  C:\Users\MONICA~1\AppData\Local\Temp\ccerkEsg.s 			page 17


 913 0379 40       		.byte	64
 914 037a 3E       		.byte	62
 915 037b 10       		.byte	16
 916 037c 3F       		.byte	63
 917 037d 80       		.byte	-128
 918 037e 45       		.byte	69
 919 037f 80       		.byte	-128
 920 0380 47       		.byte	71
 921 0381 14       		.byte	20
 922 0382 4F       		.byte	79
 923 0383 58       		.byte	88
 924 0384 57       		.byte	87
 925 0385 40       		.byte	64
 926 0386 5D       		.byte	93
 927 0387 02       		.byte	2
 928 0388 64       		.byte	100
 929 0389 08       		.byte	8
 930 038a 67       		.byte	103
 931 038b 02       		.byte	2
 932 038c 86       		.byte	-122
 933 038d 21       		.byte	33
 934 038e 8C       		.byte	-116
 935 038f 21       		.byte	33
 936 0390 8D       		.byte	-115
 937 0391 01       		.byte	1
 938 0392 8E       		.byte	-114
 939 0393 10       		.byte	16
 940 0394 90       		.byte	-112
 941 0395 40       		.byte	64
 942 0396 91       		.byte	-111
 943 0397 14       		.byte	20
 944 0398 93       		.byte	-109
 945 0399 10       		.byte	16
 946 039a 96       		.byte	-106
 947 039b 28       		.byte	40
 948 039c 99       		.byte	-103
 949 039d 04       		.byte	4
 950 039e 9B       		.byte	-101
 951 039f 10       		.byte	16
 952 03a0 9D       		.byte	-99
 953 03a1 48       		.byte	72
 954 03a2 A2       		.byte	-94
 955 03a3 82       		.byte	-126
 956 03a4 A3       		.byte	-93
 957 03a5 08       		.byte	8
 958 03a6 A6       		.byte	-90
 959 03a7 20       		.byte	32
 960 03a8 C0       		.byte	-64
 961 03a9 B7       		.byte	-73
 962 03aa C2       		.byte	-62
 963 03ab 47       		.byte	71
 964 03ac C4       		.byte	-60
 965 03ad CF       		.byte	-49
 966 03ae CA       		.byte	-54
 967 03af 22       		.byte	34
 968 03b0 CC       		.byte	-52
 969 03b1 0F       		.byte	15
ARM GAS  C:\Users\MONICA~1\AppData\Local\Temp\ccerkEsg.s 			page 18


 970 03b2 CE       		.byte	-50
 971 03b3 3F       		.byte	63
 972 03b4 D0       		.byte	-48
 973 03b5 70       		.byte	112
 974 03b6 D2       		.byte	-46
 975 03b7 30       		.byte	48
 976 03b8 D6       		.byte	-42
 977 03b9 80       		.byte	-128
 978 03ba D8       		.byte	-40
 979 03bb 30       		.byte	48
 980 03bc EC       		.byte	-20
 981 03bd 20       		.byte	32
 982 03be 30       		.byte	48
 983 03bf 01       		.byte	1
 984 03c0 7C       		.byte	124
 985 03c1 08       		.byte	8
 986 03c2 CC       		.byte	-52
 987 03c3 02       		.byte	2
 988 03c4 DE       		.byte	-34
 989 03c5 01       		.byte	1
 990 03c6 9C       		.byte	-100
 991 03c7 09       		.byte	9
 992 03c8 46       		.byte	70
 993 03c9 20       		.byte	32
 994 03ca 9C       		.byte	-100
 995 03cb 09       		.byte	9
 996 03cc D0       		.byte	-48
 997 03cd 01       		.byte	1
 998 03ce 9C       		.byte	-100
 999 03cf 09       		.byte	9
 1000 03d0 9E       		.byte	-98
 1001 03d1 20       		.byte	32
 1002 03d2 10       		.byte	16
 1003 03d3 08       		.byte	8
 1004 03d4 25       		.byte	37
 1005 03d5 20       		.byte	32
 1006 03d6 89       		.byte	-119
 1007 03d7 20       		.byte	32
 1008 03d8 C4       		.byte	-60
 1009 03d9 40       		.byte	64
 1010 03da C8       		.byte	-56
 1011 03db 20       		.byte	32
 1012 03dc B0       		.byte	-80
 1013 03dd 08       		.byte	8
 1014 03de 8A       		.byte	-118
 1015 03df 20       		.byte	32
 1016 03e0 9C       		.byte	-100
 1017 03e1 01       		.byte	1
 1018 03e2 9E       		.byte	-98
 1019 03e3 20       		.byte	32
 1020 03e4 AC       		.byte	-84
 1021 03e5 08       		.byte	8
 1022 03e6 E4       		.byte	-28
 1023 03e7 01       		.byte	1
 1024 03e8 12       		.byte	18
 1025 03e9 80       		.byte	-128
 1026 03ea 75       		.byte	117
ARM GAS  C:\Users\MONICA~1\AppData\Local\Temp\ccerkEsg.s 			page 19


 1027 03eb 04       		.byte	4
 1028 03ec 8D       		.byte	-115
 1029 03ed 04       		.byte	4
 1030 03ee 8E       		.byte	-114
 1031 03ef 80       		.byte	-128
 1032 03f0 B0       		.byte	-80
 1033 03f1 01       		.byte	1
 1034 03f2 C4       		.byte	-60
 1035 03f3 08       		.byte	8
 1036 03f4 DE       		.byte	-34
 1037 03f5 04       		.byte	4
 1038 03f6 E0       		.byte	-32
 1039 03f7 08       		.byte	8
 1040 03f8 E2       		.byte	-30
 1041 03f9 02       		.byte	2
 1042 03fa EC       		.byte	-20
 1043 03fb 04       		.byte	4
 1044 03fc 00       		.byte	0
 1045 03fd 02       		.byte	2
 1046 03fe 0C       		.byte	12
 1047 03ff 02       		.byte	2
 1048 0400 10       		.byte	16
 1049 0401 02       		.byte	2
 1050 0402 1C       		.byte	28
 1051 0403 02       		.byte	2
 1052 0404 80       		.byte	-128
 1053 0405 80       		.byte	-128
 1054 0406 00       		.byte	0
 1055 0407 00       		.byte	0
 1056 0408 40       		.byte	64
 1057 0409 00       		.byte	0
 1058 040a 00       		.byte	0
 1059 040b 00       		.byte	0
 1060 040c 80       		.byte	-128
 1061 040d 00       		.byte	0
 1062 040e 40       		.byte	64
 1063 040f 80       		.byte	-128
 1064 0410 80       		.byte	-128
 1065 0411 00       		.byte	0
 1066 0412 80       		.byte	-128
 1067 0413 00       		.byte	0
 1068 0414 00       		.byte	0
 1069 0415 00       		.byte	0
 1070 0416 00       		.byte	0
 1071 0417 00       		.byte	0
 1072 0418 00       		.byte	0
 1073 0419 00       		.byte	0
 1074 041a 00       		.byte	0
 1075 041b 00       		.byte	0
 1076 041c 00       		.byte	0
 1077 041d 00       		.byte	0
 1078 041e 01       		.byte	1
 1079 041f 00       		.byte	0
 1080 0420 95       		.byte	-107
 1081 0421 00       		.byte	0
 1082 0422 18       		.byte	24
 1083 0423 01       		.byte	1
ARM GAS  C:\Users\MONICA~1\AppData\Local\Temp\ccerkEsg.s 			page 20


 1084 0424 BF       		.byte	-65
 1085 0425 5D       		.byte	93
 1086 0426 18       		.byte	24
 1087 0427 01       		.byte	1
 1088              		.global	cy_meta_custnvl
 1089              		.section	.cycustnvl,"a",%progbits
 1090              		.align	2
 1091              		.type	cy_meta_custnvl, %object
 1092              		.size	cy_meta_custnvl, 4
 1093              	cy_meta_custnvl:
 1094 0000 00       		.byte	0
 1095 0001 00       		.byte	0
 1096 0002 40       		.byte	64
 1097 0003 05       		.byte	5
 1098              		.global	cy_meta_wonvl
 1099              		.section	.cywolatch,"a",%progbits
 1100              		.align	2
 1101              		.type	cy_meta_wonvl, %object
 1102              		.size	cy_meta_wonvl, 4
 1103              	cy_meta_wonvl:
 1104 0000 BC       		.byte	-68
 1105 0001 90       		.byte	-112
 1106 0002 AC       		.byte	-84
 1107 0003 AF       		.byte	-81
 1108              		.global	cy_meta_flashprotect
 1109              		.section	.cyflashprotect,"a",%progbits
 1110              		.align	2
 1111              		.type	cy_meta_flashprotect, %object
 1112              		.size	cy_meta_flashprotect, 256
 1113              	cy_meta_flashprotect:
 1114 0000 00000000 		.space	256
 1114      00000000 
 1114      00000000 
 1114      00000000 
 1114      00000000 
 1115              		.global	cy_metadata
 1116              		.section	.cymeta,"a",%progbits
 1117              		.align	2
 1118              		.type	cy_metadata, %object
 1119              		.size	cy_metadata, 12
 1120              	cy_metadata:
 1121 0000 00       		.byte	0
 1122 0001 01       		.byte	1
 1123 0002 2E       		.byte	46
 1124 0003 16       		.byte	22
 1125 0004 10       		.byte	16
 1126 0005 69       		.byte	105
 1127 0006 00       		.byte	0
 1128 0007 01       		.byte	1
 1129 0008 00       		.byte	0
 1130 0009 00       		.byte	0
 1131 000a 00       		.byte	0
 1132 000b 00       		.byte	0
 1133              		.text
 1134              	.Letext0:
 1135              		.file 1 ".\\Generated_Source\\PSoC5\\cymetadata.c"
 1136              		.file 2 ".\\Generated_Source\\PSoC5\\cytypes.h"
ARM GAS  C:\Users\MONICA~1\AppData\Local\Temp\ccerkEsg.s 			page 21


 1137              		.section	.debug_info,"",%progbits
 1138              	.Ldebug_info0:
 1139 0000 37010000 		.4byte	0x137
 1140 0004 0400     		.2byte	0x4
 1141 0006 00000000 		.4byte	.Ldebug_abbrev0
 1142 000a 04       		.byte	0x4
 1143 000b 01       		.uleb128 0x1
 1144 000c 00000000 		.4byte	.LASF18
 1145 0010 01       		.byte	0x1
 1146 0011 8E000000 		.4byte	.LASF19
 1147 0015 D4000000 		.4byte	.LASF20
 1148 0019 00000000 		.4byte	.Ldebug_line0
 1149 001d 02       		.uleb128 0x2
 1150 001e 01       		.byte	0x1
 1151 001f 06       		.byte	0x6
 1152 0020 E4010000 		.4byte	.LASF0
 1153 0024 02       		.uleb128 0x2
 1154 0025 01       		.byte	0x1
 1155 0026 08       		.byte	0x8
 1156 0027 C6000000 		.4byte	.LASF1
 1157 002b 02       		.uleb128 0x2
 1158 002c 02       		.byte	0x2
 1159 002d 05       		.byte	0x5
 1160 002e CB010000 		.4byte	.LASF2
 1161 0032 02       		.uleb128 0x2
 1162 0033 02       		.byte	0x2
 1163 0034 07       		.byte	0x7
 1164 0035 2C010000 		.4byte	.LASF3
 1165 0039 02       		.uleb128 0x2
 1166 003a 04       		.byte	0x4
 1167 003b 05       		.byte	0x5
 1168 003c DB010000 		.4byte	.LASF4
 1169 0040 02       		.uleb128 0x2
 1170 0041 04       		.byte	0x4
 1171 0042 07       		.byte	0x7
 1172 0043 1A010000 		.4byte	.LASF5
 1173 0047 02       		.uleb128 0x2
 1174 0048 08       		.byte	0x8
 1175 0049 05       		.byte	0x5
 1176 004a B8010000 		.4byte	.LASF6
 1177 004e 02       		.uleb128 0x2
 1178 004f 08       		.byte	0x8
 1179 0050 07       		.byte	0x7
 1180 0051 75010000 		.4byte	.LASF7
 1181 0055 03       		.uleb128 0x3
 1182 0056 04       		.byte	0x4
 1183 0057 05       		.byte	0x5
 1184 0058 696E7400 		.ascii	"int\000"
 1185 005c 02       		.uleb128 0x2
 1186 005d 04       		.byte	0x4
 1187 005e 07       		.byte	0x7
 1188 005f 68010000 		.4byte	.LASF8
 1189 0063 04       		.uleb128 0x4
 1190 0064 D5010000 		.4byte	.LASF21
 1191 0068 02       		.byte	0x2
 1192 0069 9201     		.2byte	0x192
 1193 006b 24000000 		.4byte	0x24
ARM GAS  C:\Users\MONICA~1\AppData\Local\Temp\ccerkEsg.s 			page 22


 1194 006f 02       		.uleb128 0x2
 1195 0070 04       		.byte	0x4
 1196 0071 04       		.byte	0x4
 1197 0072 C0000000 		.4byte	.LASF9
 1198 0076 02       		.uleb128 0x2
 1199 0077 08       		.byte	0x8
 1200 0078 04       		.byte	0x4
 1201 0079 3F010000 		.4byte	.LASF10
 1202 007d 02       		.uleb128 0x2
 1203 007e 01       		.byte	0x1
 1204 007f 08       		.byte	0x8
 1205 0080 C6010000 		.4byte	.LASF11
 1206 0084 05       		.uleb128 0x5
 1207 0085 63000000 		.4byte	0x63
 1208 0089 95000000 		.4byte	0x95
 1209 008d 06       		.uleb128 0x6
 1210 008e 95000000 		.4byte	0x95
 1211 0092 2704     		.2byte	0x427
 1212 0094 00       		.byte	0
 1213 0095 02       		.uleb128 0x2
 1214 0096 04       		.byte	0x4
 1215 0097 07       		.byte	0x7
 1216 0098 AF010000 		.4byte	.LASF12
 1217 009c 07       		.uleb128 0x7
 1218 009d 56010000 		.4byte	.LASF13
 1219 00a1 01       		.byte	0x1
 1220 00a2 1F       		.byte	0x1f
 1221 00a3 AD000000 		.4byte	0xad
 1222 00a7 05       		.uleb128 0x5
 1223 00a8 03       		.byte	0x3
 1224 00a9 00000000 		.4byte	cy_meta_configecc
 1225 00ad 08       		.uleb128 0x8
 1226 00ae 84000000 		.4byte	0x84
 1227 00b2 05       		.uleb128 0x5
 1228 00b3 63000000 		.4byte	0x63
 1229 00b7 C2000000 		.4byte	0xc2
 1230 00bb 09       		.uleb128 0x9
 1231 00bc 95000000 		.4byte	0x95
 1232 00c0 03       		.byte	0x3
 1233 00c1 00       		.byte	0
 1234 00c2 07       		.uleb128 0x7
 1235 00c3 46010000 		.4byte	.LASF14
 1236 00c7 01       		.byte	0x1
 1237 00c8 B1       		.byte	0xb1
 1238 00c9 D3000000 		.4byte	0xd3
 1239 00cd 05       		.uleb128 0x5
 1240 00ce 03       		.byte	0x3
 1241 00cf 00000000 		.4byte	cy_meta_custnvl
 1242 00d3 08       		.uleb128 0x8
 1243 00d4 B2000000 		.4byte	0xb2
 1244 00d8 07       		.uleb128 0x7
 1245 00d9 A1010000 		.4byte	.LASF15
 1246 00dd 01       		.byte	0x1
 1247 00de BF       		.byte	0xbf
 1248 00df E9000000 		.4byte	0xe9
 1249 00e3 05       		.uleb128 0x5
 1250 00e4 03       		.byte	0x3
ARM GAS  C:\Users\MONICA~1\AppData\Local\Temp\ccerkEsg.s 			page 23


 1251 00e5 00000000 		.4byte	cy_meta_wonvl
 1252 00e9 08       		.uleb128 0x8
 1253 00ea B2000000 		.4byte	0xb2
 1254 00ee 05       		.uleb128 0x5
 1255 00ef 63000000 		.4byte	0x63
 1256 00f3 FE000000 		.4byte	0xfe
 1257 00f7 09       		.uleb128 0x9
 1258 00f8 95000000 		.4byte	0x95
 1259 00fc FF       		.byte	0xff
 1260 00fd 00       		.byte	0
 1261 00fe 07       		.uleb128 0x7
 1262 00ff 8C010000 		.4byte	.LASF16
 1263 0103 01       		.byte	0x1
 1264 0104 CD       		.byte	0xcd
 1265 0105 0F010000 		.4byte	0x10f
 1266 0109 05       		.uleb128 0x5
 1267 010a 03       		.byte	0x3
 1268 010b 00000000 		.4byte	cy_meta_flashprotect
 1269 010f 08       		.uleb128 0x8
 1270 0110 EE000000 		.4byte	0xee
 1271 0114 05       		.uleb128 0x5
 1272 0115 63000000 		.4byte	0x63
 1273 0119 24010000 		.4byte	0x124
 1274 011d 09       		.uleb128 0x9
 1275 011e 95000000 		.4byte	0x95
 1276 0122 0B       		.byte	0xb
 1277 0123 00       		.byte	0
 1278 0124 07       		.uleb128 0x7
 1279 0125 B4000000 		.4byte	.LASF17
 1280 0129 01       		.byte	0x1
 1281 012a FA       		.byte	0xfa
 1282 012b 35010000 		.4byte	0x135
 1283 012f 05       		.uleb128 0x5
 1284 0130 03       		.byte	0x3
 1285 0131 00000000 		.4byte	cy_metadata
 1286 0135 08       		.uleb128 0x8
 1287 0136 14010000 		.4byte	0x114
 1288 013a 00       		.byte	0
 1289              		.section	.debug_abbrev,"",%progbits
 1290              	.Ldebug_abbrev0:
 1291 0000 01       		.uleb128 0x1
 1292 0001 11       		.uleb128 0x11
 1293 0002 01       		.byte	0x1
 1294 0003 25       		.uleb128 0x25
 1295 0004 0E       		.uleb128 0xe
 1296 0005 13       		.uleb128 0x13
 1297 0006 0B       		.uleb128 0xb
 1298 0007 03       		.uleb128 0x3
 1299 0008 0E       		.uleb128 0xe
 1300 0009 1B       		.uleb128 0x1b
 1301 000a 0E       		.uleb128 0xe
 1302 000b 10       		.uleb128 0x10
 1303 000c 17       		.uleb128 0x17
 1304 000d 00       		.byte	0
 1305 000e 00       		.byte	0
 1306 000f 02       		.uleb128 0x2
 1307 0010 24       		.uleb128 0x24
ARM GAS  C:\Users\MONICA~1\AppData\Local\Temp\ccerkEsg.s 			page 24


 1308 0011 00       		.byte	0
 1309 0012 0B       		.uleb128 0xb
 1310 0013 0B       		.uleb128 0xb
 1311 0014 3E       		.uleb128 0x3e
 1312 0015 0B       		.uleb128 0xb
 1313 0016 03       		.uleb128 0x3
 1314 0017 0E       		.uleb128 0xe
 1315 0018 00       		.byte	0
 1316 0019 00       		.byte	0
 1317 001a 03       		.uleb128 0x3
 1318 001b 24       		.uleb128 0x24
 1319 001c 00       		.byte	0
 1320 001d 0B       		.uleb128 0xb
 1321 001e 0B       		.uleb128 0xb
 1322 001f 3E       		.uleb128 0x3e
 1323 0020 0B       		.uleb128 0xb
 1324 0021 03       		.uleb128 0x3
 1325 0022 08       		.uleb128 0x8
 1326 0023 00       		.byte	0
 1327 0024 00       		.byte	0
 1328 0025 04       		.uleb128 0x4
 1329 0026 16       		.uleb128 0x16
 1330 0027 00       		.byte	0
 1331 0028 03       		.uleb128 0x3
 1332 0029 0E       		.uleb128 0xe
 1333 002a 3A       		.uleb128 0x3a
 1334 002b 0B       		.uleb128 0xb
 1335 002c 3B       		.uleb128 0x3b
 1336 002d 05       		.uleb128 0x5
 1337 002e 49       		.uleb128 0x49
 1338 002f 13       		.uleb128 0x13
 1339 0030 00       		.byte	0
 1340 0031 00       		.byte	0
 1341 0032 05       		.uleb128 0x5
 1342 0033 01       		.uleb128 0x1
 1343 0034 01       		.byte	0x1
 1344 0035 49       		.uleb128 0x49
 1345 0036 13       		.uleb128 0x13
 1346 0037 01       		.uleb128 0x1
 1347 0038 13       		.uleb128 0x13
 1348 0039 00       		.byte	0
 1349 003a 00       		.byte	0
 1350 003b 06       		.uleb128 0x6
 1351 003c 21       		.uleb128 0x21
 1352 003d 00       		.byte	0
 1353 003e 49       		.uleb128 0x49
 1354 003f 13       		.uleb128 0x13
 1355 0040 2F       		.uleb128 0x2f
 1356 0041 05       		.uleb128 0x5
 1357 0042 00       		.byte	0
 1358 0043 00       		.byte	0
 1359 0044 07       		.uleb128 0x7
 1360 0045 34       		.uleb128 0x34
 1361 0046 00       		.byte	0
 1362 0047 03       		.uleb128 0x3
 1363 0048 0E       		.uleb128 0xe
 1364 0049 3A       		.uleb128 0x3a
ARM GAS  C:\Users\MONICA~1\AppData\Local\Temp\ccerkEsg.s 			page 25


 1365 004a 0B       		.uleb128 0xb
 1366 004b 3B       		.uleb128 0x3b
 1367 004c 0B       		.uleb128 0xb
 1368 004d 49       		.uleb128 0x49
 1369 004e 13       		.uleb128 0x13
 1370 004f 3F       		.uleb128 0x3f
 1371 0050 19       		.uleb128 0x19
 1372 0051 02       		.uleb128 0x2
 1373 0052 18       		.uleb128 0x18
 1374 0053 00       		.byte	0
 1375 0054 00       		.byte	0
 1376 0055 08       		.uleb128 0x8
 1377 0056 26       		.uleb128 0x26
 1378 0057 00       		.byte	0
 1379 0058 49       		.uleb128 0x49
 1380 0059 13       		.uleb128 0x13
 1381 005a 00       		.byte	0
 1382 005b 00       		.byte	0
 1383 005c 09       		.uleb128 0x9
 1384 005d 21       		.uleb128 0x21
 1385 005e 00       		.byte	0
 1386 005f 49       		.uleb128 0x49
 1387 0060 13       		.uleb128 0x13
 1388 0061 2F       		.uleb128 0x2f
 1389 0062 0B       		.uleb128 0xb
 1390 0063 00       		.byte	0
 1391 0064 00       		.byte	0
 1392 0065 00       		.byte	0
 1393              		.section	.debug_aranges,"",%progbits
 1394 0000 14000000 		.4byte	0x14
 1395 0004 0200     		.2byte	0x2
 1396 0006 00000000 		.4byte	.Ldebug_info0
 1397 000a 04       		.byte	0x4
 1398 000b 00       		.byte	0
 1399 000c 0000     		.2byte	0
 1400 000e 0000     		.2byte	0
 1401 0010 00000000 		.4byte	0
 1402 0014 00000000 		.4byte	0
 1403              		.section	.debug_line,"",%progbits
 1404              	.Ldebug_line0:
 1405 0000 4F000000 		.section	.debug_str,"MS",%progbits,1
 1405      02004900 
 1405      00000201 
 1405      FB0E0D00 
 1405      01010101 
 1406              	.LASF18:
 1407 0000 474E5520 		.ascii	"GNU C 4.9.3 20150303 (release) [ARM/embedded-4_9-br"
 1407      4320342E 
 1407      392E3320 
 1407      32303135 
 1407      30333033 
 1408 0033 616E6368 		.ascii	"anch revision 221220] -mcpu=cortex-m3 -mthumb -g -O"
 1408      20726576 
 1408      6973696F 
 1408      6E203232 
 1408      31323230 
 1409 0066 30202D66 		.ascii	"0 -ffunction-sections -ffat-lto-objects\000"
ARM GAS  C:\Users\MONICA~1\AppData\Local\Temp\ccerkEsg.s 			page 26


 1409      66756E63 
 1409      74696F6E 
 1409      2D736563 
 1409      74696F6E 
 1410              	.LASF19:
 1411 008e 2E5C4765 		.ascii	".\\Generated_Source\\PSoC5\\cymetadata.c\000"
 1411      6E657261 
 1411      7465645F 
 1411      536F7572 
 1411      63655C50 
 1412              	.LASF17:
 1413 00b4 63795F6D 		.ascii	"cy_metadata\000"
 1413      65746164 
 1413      61746100 
 1414              	.LASF9:
 1415 00c0 666C6F61 		.ascii	"float\000"
 1415      7400
 1416              	.LASF1:
 1417 00c6 756E7369 		.ascii	"unsigned char\000"
 1417      676E6564 
 1417      20636861 
 1417      7200
 1418              	.LASF20:
 1419 00d4 433A5C55 		.ascii	"C:\\Users\\Monica P\\Desktop\\Assignment\\CE95277 A"
 1419      73657273 
 1419      5C4D6F6E 
 1419      69636120 
 1419      505C4465 
 1420 0102 44432061 		.ascii	"DC and UART\\power.cydsn\000"
 1420      6E642055 
 1420      4152545C 
 1420      706F7765 
 1420      722E6379 
 1421              	.LASF5:
 1422 011a 6C6F6E67 		.ascii	"long unsigned int\000"
 1422      20756E73 
 1422      69676E65 
 1422      6420696E 
 1422      7400
 1423              	.LASF3:
 1424 012c 73686F72 		.ascii	"short unsigned int\000"
 1424      7420756E 
 1424      7369676E 
 1424      65642069 
 1424      6E7400
 1425              	.LASF10:
 1426 013f 646F7562 		.ascii	"double\000"
 1426      6C6500
 1427              	.LASF14:
 1428 0146 63795F6D 		.ascii	"cy_meta_custnvl\000"
 1428      6574615F 
 1428      63757374 
 1428      6E766C00 
 1429              	.LASF13:
 1430 0156 63795F6D 		.ascii	"cy_meta_configecc\000"
 1430      6574615F 
 1430      636F6E66 
ARM GAS  C:\Users\MONICA~1\AppData\Local\Temp\ccerkEsg.s 			page 27


 1430      69676563 
 1430      6300
 1431              	.LASF8:
 1432 0168 756E7369 		.ascii	"unsigned int\000"
 1432      676E6564 
 1432      20696E74 
 1432      00
 1433              	.LASF7:
 1434 0175 6C6F6E67 		.ascii	"long long unsigned int\000"
 1434      206C6F6E 
 1434      6720756E 
 1434      7369676E 
 1434      65642069 
 1435              	.LASF16:
 1436 018c 63795F6D 		.ascii	"cy_meta_flashprotect\000"
 1436      6574615F 
 1436      666C6173 
 1436      6870726F 
 1436      74656374 
 1437              	.LASF15:
 1438 01a1 63795F6D 		.ascii	"cy_meta_wonvl\000"
 1438      6574615F 
 1438      776F6E76 
 1438      6C00
 1439              	.LASF12:
 1440 01af 73697A65 		.ascii	"sizetype\000"
 1440      74797065 
 1440      00
 1441              	.LASF6:
 1442 01b8 6C6F6E67 		.ascii	"long long int\000"
 1442      206C6F6E 
 1442      6720696E 
 1442      7400
 1443              	.LASF11:
 1444 01c6 63686172 		.ascii	"char\000"
 1444      00
 1445              	.LASF2:
 1446 01cb 73686F72 		.ascii	"short int\000"
 1446      7420696E 
 1446      7400
 1447              	.LASF21:
 1448 01d5 75696E74 		.ascii	"uint8\000"
 1448      3800
 1449              	.LASF4:
 1450 01db 6C6F6E67 		.ascii	"long int\000"
 1450      20696E74 
 1450      00
 1451              	.LASF0:
 1452 01e4 7369676E 		.ascii	"signed char\000"
 1452      65642063 
 1452      68617200 
 1453              		.ident	"GCC: (GNU Tools for ARM Embedded Processors) 4.9.3 20150303 (release) [ARM/embedded-4_9-br
