ARM GAS  C:\Users\MONICA~1\AppData\Local\Temp\ccVKpyry.s 			page 1


   1              		.syntax unified
   2              		.cpu cortex-m3
   3              		.fpu softvfp
   4              		.eabi_attribute 20, 1
   5              		.eabi_attribute 21, 1
   6              		.eabi_attribute 23, 3
   7              		.eabi_attribute 24, 1
   8              		.eabi_attribute 25, 1
   9              		.eabi_attribute 26, 1
  10              		.eabi_attribute 30, 6
  11              		.eabi_attribute 34, 1
  12              		.eabi_attribute 18, 4
  13              		.thumb
  14              		.file	"Sample_Hold_1.c"
  15              		.text
  16              	.Ltext0:
  17              		.cfi_sections	.debug_frame
  18              		.global	Sample_Hold_1_initVar
  19              		.bss
  20              		.type	Sample_Hold_1_initVar, %object
  21              		.size	Sample_Hold_1_initVar, 1
  22              	Sample_Hold_1_initVar:
  23 0000 00       		.space	1
  24              		.section	.text.Sample_Hold_1_Init,"ax",%progbits
  25              		.align	2
  26              		.global	Sample_Hold_1_Init
  27              		.thumb
  28              		.thumb_func
  29              		.type	Sample_Hold_1_Init, %function
  30              	Sample_Hold_1_Init:
  31              	.LFB0:
  32              		.file 1 ".\\Generated_Source\\PSoC5\\Sample_Hold_1.c"
   1:.\Generated_Source\PSoC5/Sample_Hold_1.c **** /*******************************************************************************
   2:.\Generated_Source\PSoC5/Sample_Hold_1.c **** * File Name: Sample_Hold_1.c
   3:.\Generated_Source\PSoC5/Sample_Hold_1.c **** * Version 1.40
   4:.\Generated_Source\PSoC5/Sample_Hold_1.c **** *
   5:.\Generated_Source\PSoC5/Sample_Hold_1.c **** * Description:
   6:.\Generated_Source\PSoC5/Sample_Hold_1.c **** *  This file provides the source code to the API for the SAMPLE/TRACK AND HOLD 
   7:.\Generated_Source\PSoC5/Sample_Hold_1.c **** *  component.
   8:.\Generated_Source\PSoC5/Sample_Hold_1.c **** *
   9:.\Generated_Source\PSoC5/Sample_Hold_1.c **** * Note:
  10:.\Generated_Source\PSoC5/Sample_Hold_1.c **** *  None
  11:.\Generated_Source\PSoC5/Sample_Hold_1.c **** *
  12:.\Generated_Source\PSoC5/Sample_Hold_1.c **** ********************************************************************************
  13:.\Generated_Source\PSoC5/Sample_Hold_1.c **** * Copyright 2008-2012, Cypress Semiconductor Corporation.  All rights reserved.
  14:.\Generated_Source\PSoC5/Sample_Hold_1.c **** * You may use this file only in accordance with the license, terms, conditions, 
  15:.\Generated_Source\PSoC5/Sample_Hold_1.c **** * disclaimers, and limitations in the end user license agreement accompanying 
  16:.\Generated_Source\PSoC5/Sample_Hold_1.c **** * the software package with which this file was provided.
  17:.\Generated_Source\PSoC5/Sample_Hold_1.c **** *******************************************************************************/
  18:.\Generated_Source\PSoC5/Sample_Hold_1.c **** 
  19:.\Generated_Source\PSoC5/Sample_Hold_1.c **** #include "Sample_Hold_1.h"
  20:.\Generated_Source\PSoC5/Sample_Hold_1.c **** 
  21:.\Generated_Source\PSoC5/Sample_Hold_1.c **** #if (!CY_PSOC5A)
  22:.\Generated_Source\PSoC5/Sample_Hold_1.c ****     #if (CYDEV_VARIABLE_VDDA == 1u)
  23:.\Generated_Source\PSoC5/Sample_Hold_1.c ****         #include "CyScBoostClk.h"
  24:.\Generated_Source\PSoC5/Sample_Hold_1.c ****     #endif /* (CYDEV_VARIABLE_VDDA == 1u) */
  25:.\Generated_Source\PSoC5/Sample_Hold_1.c **** #endif /* (!CY_PSOC5A) */
ARM GAS  C:\Users\MONICA~1\AppData\Local\Temp\ccVKpyry.s 			page 2


  26:.\Generated_Source\PSoC5/Sample_Hold_1.c **** 
  27:.\Generated_Source\PSoC5/Sample_Hold_1.c **** uint8 Sample_Hold_1_initVar = 0u;
  28:.\Generated_Source\PSoC5/Sample_Hold_1.c **** 
  29:.\Generated_Source\PSoC5/Sample_Hold_1.c **** /* static Sample_Hold_1_backupStruct  Sample_Hold_1_backup; */
  30:.\Generated_Source\PSoC5/Sample_Hold_1.c **** #if (CY_PSOC5A)
  31:.\Generated_Source\PSoC5/Sample_Hold_1.c ****     static Sample_Hold_1_backupStruct  Sample_Hold_1_P5backup;
  32:.\Generated_Source\PSoC5/Sample_Hold_1.c **** #endif /* CY_PSOC5A */
  33:.\Generated_Source\PSoC5/Sample_Hold_1.c **** 
  34:.\Generated_Source\PSoC5/Sample_Hold_1.c **** 
  35:.\Generated_Source\PSoC5/Sample_Hold_1.c **** 
  36:.\Generated_Source\PSoC5/Sample_Hold_1.c **** /*******************************************************************************   
  37:.\Generated_Source\PSoC5/Sample_Hold_1.c **** * Function Name: Sample_Hold_1_Init
  38:.\Generated_Source\PSoC5/Sample_Hold_1.c **** ********************************************************************************
  39:.\Generated_Source\PSoC5/Sample_Hold_1.c **** *
  40:.\Generated_Source\PSoC5/Sample_Hold_1.c **** * Summary:
  41:.\Generated_Source\PSoC5/Sample_Hold_1.c **** *  Initialize component's parameters to the parameters set by user in the 
  42:.\Generated_Source\PSoC5/Sample_Hold_1.c **** *  customizer of the component placed onto schematic. Usually called in 
  43:.\Generated_Source\PSoC5/Sample_Hold_1.c **** *  Sample_Hold_1_Start().
  44:.\Generated_Source\PSoC5/Sample_Hold_1.c **** *
  45:.\Generated_Source\PSoC5/Sample_Hold_1.c **** * Parameters:
  46:.\Generated_Source\PSoC5/Sample_Hold_1.c **** *  void
  47:.\Generated_Source\PSoC5/Sample_Hold_1.c **** *
  48:.\Generated_Source\PSoC5/Sample_Hold_1.c **** * Return:
  49:.\Generated_Source\PSoC5/Sample_Hold_1.c **** *  void
  50:.\Generated_Source\PSoC5/Sample_Hold_1.c **** *
  51:.\Generated_Source\PSoC5/Sample_Hold_1.c **** *******************************************************************************/
  52:.\Generated_Source\PSoC5/Sample_Hold_1.c **** void Sample_Hold_1_Init(void) 
  53:.\Generated_Source\PSoC5/Sample_Hold_1.c **** {   
  33              		.loc 1 53 0
  34              		.cfi_startproc
  35              		@ args = 0, pretend = 0, frame = 0
  36              		@ frame_needed = 1, uses_anonymous_args = 0
  37 0000 80B5     		push	{r7, lr}
  38              		.cfi_def_cfa_offset 8
  39              		.cfi_offset 7, -8
  40              		.cfi_offset 14, -4
  41 0002 00AF     		add	r7, sp, #0
  42              		.cfi_def_cfa_register 7
  54:.\Generated_Source\PSoC5/Sample_Hold_1.c ****     /* Configure SC Block based on selected Sample/Track type */
  55:.\Generated_Source\PSoC5/Sample_Hold_1.c ****     #if (Sample_Hold_1_SAMPLE_TRACK_MODE == Sample_Hold_1_SAMPLEANDHOLD) /* Sample and hold mode */
  56:.\Generated_Source\PSoC5/Sample_Hold_1.c ****         /* SC Block mode -  - SCxx_CR0[3:1] */
  57:.\Generated_Source\PSoC5/Sample_Hold_1.c ****         Sample_Hold_1_CR0_REG = Sample_Hold_1_MODE_SAMPLEANDHOLD;
  43              		.loc 1 57 0
  44 0004 0E4B     		ldr	r3, .L2
  45 0006 0622     		movs	r2, #6
  46 0008 1A70     		strb	r2, [r3]
  58:.\Generated_Source\PSoC5/Sample_Hold_1.c ****         
  59:.\Generated_Source\PSoC5/Sample_Hold_1.c ****         /* SC Block CR1 */ 
  60:.\Generated_Source\PSoC5/Sample_Hold_1.c ****         Sample_Hold_1_CR1_REG = (Sample_Hold_1_COMP_4P35PF  |
  47              		.loc 1 60 0
  48 000a 0E4B     		ldr	r3, .L2+4
  49 000c 0822     		movs	r2, #8
  50 000e 1A70     		strb	r2, [r3]
  61:.\Generated_Source\PSoC5/Sample_Hold_1.c ****                                 Sample_Hold_1_GAIN_0DB);
  62:.\Generated_Source\PSoC5/Sample_Hold_1.c ****         #if(Sample_Hold_1_SAMPLE_CLOCK_EDGE == Sample_Hold_1_EDGE_POSITIVENEGATIVE)
  63:.\Generated_Source\PSoC5/Sample_Hold_1.c ****             Sample_Hold_1_CR1_REG =  Sample_Hold_1_CR1_REG  | Sample_Hold_1_DIV2_DISABLE ;
  64:.\Generated_Source\PSoC5/Sample_Hold_1.c ****         #else
ARM GAS  C:\Users\MONICA~1\AppData\Local\Temp\ccVKpyry.s 			page 3


  65:.\Generated_Source\PSoC5/Sample_Hold_1.c ****             Sample_Hold_1_CR1_REG =  Sample_Hold_1_CR1_REG  | Sample_Hold_1_DIV2_ENABLE ;
  51              		.loc 1 65 0
  52 0010 0C4A     		ldr	r2, .L2+4
  53 0012 0C4B     		ldr	r3, .L2+4
  54 0014 1B78     		ldrb	r3, [r3]
  55 0016 DBB2     		uxtb	r3, r3
  56 0018 43F01003 		orr	r3, r3, #16
  57 001c DBB2     		uxtb	r3, r3
  58 001e 1370     		strb	r3, [r2]
  66:.\Generated_Source\PSoC5/Sample_Hold_1.c ****         #endif
  67:.\Generated_Source\PSoC5/Sample_Hold_1.c ****          
  68:.\Generated_Source\PSoC5/Sample_Hold_1.c ****         #if(Sample_Hold_1_VREF_TYPE == Sample_Hold_1_EXTERNAL)
  69:.\Generated_Source\PSoC5/Sample_Hold_1.c ****             Sample_Hold_1_CR2_REG = Sample_Hold_1_BIAS_LOW |
  70:.\Generated_Source\PSoC5/Sample_Hold_1.c ****                                        Sample_Hold_1_REDC_00 | 
  71:.\Generated_Source\PSoC5/Sample_Hold_1.c ****                                        Sample_Hold_1_GNDVREF_DI;
  72:.\Generated_Source\PSoC5/Sample_Hold_1.c ****         #else
  73:.\Generated_Source\PSoC5/Sample_Hold_1.c ****             Sample_Hold_1_CR2_REG = Sample_Hold_1_BIAS_LOW |
  59              		.loc 1 73 0
  60 0020 094B     		ldr	r3, .L2+8
  61 0022 8122     		movs	r2, #129
  62 0024 1A70     		strb	r2, [r3]
  74:.\Generated_Source\PSoC5/Sample_Hold_1.c ****                                        Sample_Hold_1_REDC_00 | 
  75:.\Generated_Source\PSoC5/Sample_Hold_1.c ****                                        Sample_Hold_1_GNDVREF_E;
  76:.\Generated_Source\PSoC5/Sample_Hold_1.c ****         #endif
  77:.\Generated_Source\PSoC5/Sample_Hold_1.c ****     #else
  78:.\Generated_Source\PSoC5/Sample_Hold_1.c ****         /* Track and Hold Mode */
  79:.\Generated_Source\PSoC5/Sample_Hold_1.c ****         /* SC Block mode -  - SCxx_CR0[3:1] */
  80:.\Generated_Source\PSoC5/Sample_Hold_1.c ****         Sample_Hold_1_CR0_REG = Sample_Hold_1_MODE_TRACKANDHOLD; 
  81:.\Generated_Source\PSoC5/Sample_Hold_1.c ****         
  82:.\Generated_Source\PSoC5/Sample_Hold_1.c ****         /* SC Block CR1 */ 
  83:.\Generated_Source\PSoC5/Sample_Hold_1.c ****         Sample_Hold_1_CR1_REG = Sample_Hold_1_COMP_4P35PF  |
  84:.\Generated_Source\PSoC5/Sample_Hold_1.c ****                                    Sample_Hold_1_DIV2_ENABLE |
  85:.\Generated_Source\PSoC5/Sample_Hold_1.c ****                                    Sample_Hold_1_GAIN_0DB;
  86:.\Generated_Source\PSoC5/Sample_Hold_1.c ****                                 
  87:.\Generated_Source\PSoC5/Sample_Hold_1.c ****         /* SC Block CR2 */
  88:.\Generated_Source\PSoC5/Sample_Hold_1.c ****         Sample_Hold_1_CR2_REG = Sample_Hold_1_BIAS_LOW |
  89:.\Generated_Source\PSoC5/Sample_Hold_1.c ****                                    Sample_Hold_1_REDC_00 |
  90:.\Generated_Source\PSoC5/Sample_Hold_1.c ****                                    Sample_Hold_1_GNDVREF_E;
  91:.\Generated_Source\PSoC5/Sample_Hold_1.c ****     #endif /* end if - Sample/Track Type */
  92:.\Generated_Source\PSoC5/Sample_Hold_1.c ****     
  93:.\Generated_Source\PSoC5/Sample_Hold_1.c ****     /* Enable SC Block clocking */
  94:.\Generated_Source\PSoC5/Sample_Hold_1.c ****     Sample_Hold_1_CLK_REG |= Sample_Hold_1_CLK_EN;
  63              		.loc 1 94 0
  64 0026 094A     		ldr	r2, .L2+12
  65 0028 084B     		ldr	r3, .L2+12
  66 002a 1B78     		ldrb	r3, [r3]
  67 002c DBB2     		uxtb	r3, r3
  68 002e 43F00803 		orr	r3, r3, #8
  69 0032 DBB2     		uxtb	r3, r3
  70 0034 1370     		strb	r3, [r2]
  95:.\Generated_Source\PSoC5/Sample_Hold_1.c ****     
  96:.\Generated_Source\PSoC5/Sample_Hold_1.c ****     /* Set default power */
  97:.\Generated_Source\PSoC5/Sample_Hold_1.c ****     Sample_Hold_1_SetPower(Sample_Hold_1_INIT_POWER);
  71              		.loc 1 97 0
  72 0036 0220     		movs	r0, #2
  73 0038 FFF7FEFF 		bl	Sample_Hold_1_SetPower
  98:.\Generated_Source\PSoC5/Sample_Hold_1.c **** }
ARM GAS  C:\Users\MONICA~1\AppData\Local\Temp\ccVKpyry.s 			page 4


  74              		.loc 1 98 0
  75 003c 80BD     		pop	{r7, pc}
  76              	.L3:
  77 003e 00BF     		.align	2
  78              	.L2:
  79 0040 00580040 		.word	1073764352
  80 0044 01580040 		.word	1073764353
  81 0048 02580040 		.word	1073764354
  82 004c 0B5A0040 		.word	1073764875
  83              		.cfi_endproc
  84              	.LFE0:
  85              		.size	Sample_Hold_1_Init, .-Sample_Hold_1_Init
  86              		.section	.text.Sample_Hold_1_Enable,"ax",%progbits
  87              		.align	2
  88              		.global	Sample_Hold_1_Enable
  89              		.thumb
  90              		.thumb_func
  91              		.type	Sample_Hold_1_Enable, %function
  92              	Sample_Hold_1_Enable:
  93              	.LFB1:
  99:.\Generated_Source\PSoC5/Sample_Hold_1.c **** 
 100:.\Generated_Source\PSoC5/Sample_Hold_1.c **** 
 101:.\Generated_Source\PSoC5/Sample_Hold_1.c **** /*******************************************************************************   
 102:.\Generated_Source\PSoC5/Sample_Hold_1.c **** * Function Name: Sample_Hold_1_Enable
 103:.\Generated_Source\PSoC5/Sample_Hold_1.c **** ********************************************************************************
 104:.\Generated_Source\PSoC5/Sample_Hold_1.c **** *
 105:.\Generated_Source\PSoC5/Sample_Hold_1.c **** * Summary:
 106:.\Generated_Source\PSoC5/Sample_Hold_1.c **** *  Enables the Sample/Track and Hold block operation
 107:.\Generated_Source\PSoC5/Sample_Hold_1.c **** *
 108:.\Generated_Source\PSoC5/Sample_Hold_1.c **** * Parameters:
 109:.\Generated_Source\PSoC5/Sample_Hold_1.c **** *  void
 110:.\Generated_Source\PSoC5/Sample_Hold_1.c **** *
 111:.\Generated_Source\PSoC5/Sample_Hold_1.c **** * Return:
 112:.\Generated_Source\PSoC5/Sample_Hold_1.c **** *  void
 113:.\Generated_Source\PSoC5/Sample_Hold_1.c **** *
 114:.\Generated_Source\PSoC5/Sample_Hold_1.c **** *******************************************************************************/
 115:.\Generated_Source\PSoC5/Sample_Hold_1.c **** void Sample_Hold_1_Enable(void) 
 116:.\Generated_Source\PSoC5/Sample_Hold_1.c **** {
  94              		.loc 1 116 0
  95              		.cfi_startproc
  96              		@ args = 0, pretend = 0, frame = 0
  97              		@ frame_needed = 1, uses_anonymous_args = 0
  98              		@ link register save eliminated.
  99 0000 80B4     		push	{r7}
 100              		.cfi_def_cfa_offset 4
 101              		.cfi_offset 7, -4
 102 0002 00AF     		add	r7, sp, #0
 103              		.cfi_def_cfa_register 7
 117:.\Generated_Source\PSoC5/Sample_Hold_1.c ****     /* This is to restore the value of register CR1 and CR2 which is saved 
 118:.\Generated_Source\PSoC5/Sample_Hold_1.c ****       in prior to the modifications in stop() API */
 119:.\Generated_Source\PSoC5/Sample_Hold_1.c ****     #if (CY_PSOC5A)
 120:.\Generated_Source\PSoC5/Sample_Hold_1.c ****         if(Sample_Hold_1_P5backup.enableState == 1u)
 121:.\Generated_Source\PSoC5/Sample_Hold_1.c ****         {
 122:.\Generated_Source\PSoC5/Sample_Hold_1.c ****             Sample_Hold_1_CR1_REG = Sample_Hold_1_P5backup.scCR1Reg;
 123:.\Generated_Source\PSoC5/Sample_Hold_1.c ****             Sample_Hold_1_CR2_REG = Sample_Hold_1_P5backup.scCR2Reg;
 124:.\Generated_Source\PSoC5/Sample_Hold_1.c ****             Sample_Hold_1_P5backup.enableState = 0u;
 125:.\Generated_Source\PSoC5/Sample_Hold_1.c ****         }
ARM GAS  C:\Users\MONICA~1\AppData\Local\Temp\ccVKpyry.s 			page 5


 126:.\Generated_Source\PSoC5/Sample_Hold_1.c ****     #endif /* CY_PSOC5A */
 127:.\Generated_Source\PSoC5/Sample_Hold_1.c ****     
 128:.\Generated_Source\PSoC5/Sample_Hold_1.c ****     /* Enable power to SC block in active mode */
 129:.\Generated_Source\PSoC5/Sample_Hold_1.c ****     Sample_Hold_1_PM_ACT_CFG_REG |= Sample_Hold_1_ACT_PWR_EN;
 104              		.loc 1 129 0
 105 0004 0D4A     		ldr	r2, .L5
 106 0006 0D4B     		ldr	r3, .L5
 107 0008 1B78     		ldrb	r3, [r3]
 108 000a DBB2     		uxtb	r3, r3
 109 000c 43F00103 		orr	r3, r3, #1
 110 0010 DBB2     		uxtb	r3, r3
 111 0012 1370     		strb	r3, [r2]
 130:.\Generated_Source\PSoC5/Sample_Hold_1.c ****     
 131:.\Generated_Source\PSoC5/Sample_Hold_1.c ****     /* Enable power to SC block in Alternative active mode */
 132:.\Generated_Source\PSoC5/Sample_Hold_1.c ****     Sample_Hold_1_PM_STBY_CFG_REG |= Sample_Hold_1_STBY_PWR_EN;
 112              		.loc 1 132 0
 113 0014 0A4A     		ldr	r2, .L5+4
 114 0016 0A4B     		ldr	r3, .L5+4
 115 0018 1B78     		ldrb	r3, [r3]
 116 001a DBB2     		uxtb	r3, r3
 117 001c 43F00103 		orr	r3, r3, #1
 118 0020 DBB2     		uxtb	r3, r3
 119 0022 1370     		strb	r3, [r2]
 133:.\Generated_Source\PSoC5/Sample_Hold_1.c **** 
 134:.\Generated_Source\PSoC5/Sample_Hold_1.c ****     Sample_Hold_1_PUMP_CR1_REG |= Sample_Hold_1_PUMP_CR1_SC_CLKSEL;
 120              		.loc 1 134 0
 121 0024 074A     		ldr	r2, .L5+8
 122 0026 074B     		ldr	r3, .L5+8
 123 0028 1B78     		ldrb	r3, [r3]
 124 002a DBB2     		uxtb	r3, r3
 125 002c 63F07F03 		orn	r3, r3, #127
 126 0030 DBB2     		uxtb	r3, r3
 127 0032 1370     		strb	r3, [r2]
 135:.\Generated_Source\PSoC5/Sample_Hold_1.c ****     
 136:.\Generated_Source\PSoC5/Sample_Hold_1.c ****     #if (!CY_PSOC5A)
 137:.\Generated_Source\PSoC5/Sample_Hold_1.c ****         #if (CYDEV_VARIABLE_VDDA == 1u)
 138:.\Generated_Source\PSoC5/Sample_Hold_1.c ****             if(CyScPumpEnabled == 1u)
 139:.\Generated_Source\PSoC5/Sample_Hold_1.c ****             {
 140:.\Generated_Source\PSoC5/Sample_Hold_1.c ****                 Sample_Hold_1_BSTCLK_REG &= (uint8)(~Sample_Hold_1_BST_CLK_INDEX_MASK);
 141:.\Generated_Source\PSoC5/Sample_Hold_1.c ****                 Sample_Hold_1_BSTCLK_REG |= Sample_Hold_1_BST_CLK_EN | CyScBoostClk__INDEX;
 142:.\Generated_Source\PSoC5/Sample_Hold_1.c ****                 Sample_Hold_1_SC_MISC_REG |= Sample_Hold_1_PUMP_FORCE;
 143:.\Generated_Source\PSoC5/Sample_Hold_1.c ****                 CyScBoostClk_Start();
 144:.\Generated_Source\PSoC5/Sample_Hold_1.c ****             }
 145:.\Generated_Source\PSoC5/Sample_Hold_1.c ****             else
 146:.\Generated_Source\PSoC5/Sample_Hold_1.c ****             {
 147:.\Generated_Source\PSoC5/Sample_Hold_1.c ****                 Sample_Hold_1_BSTCLK_REG &= (uint8)(~Sample_Hold_1_BST_CLK_EN);
 148:.\Generated_Source\PSoC5/Sample_Hold_1.c ****                 Sample_Hold_1_SC_MISC_REG &= (uint8)(~Sample_Hold_1_PUMP_FORCE);
 149:.\Generated_Source\PSoC5/Sample_Hold_1.c ****             }
 150:.\Generated_Source\PSoC5/Sample_Hold_1.c ****         #endif /* (CYDEV_VARIABLE_VDDA == 1u) */
 151:.\Generated_Source\PSoC5/Sample_Hold_1.c ****     #endif /* (!CY_PSOC5A) */
 152:.\Generated_Source\PSoC5/Sample_Hold_1.c **** }
 128              		.loc 1 152 0
 129 0034 BD46     		mov	sp, r7
 130              		.cfi_def_cfa_register 13
 131              		@ sp needed
 132 0036 5DF8047B 		ldr	r7, [sp], #4
 133              		.cfi_restore 7
ARM GAS  C:\Users\MONICA~1\AppData\Local\Temp\ccVKpyry.s 			page 6


 134              		.cfi_def_cfa_offset 0
 135 003a 7047     		bx	lr
 136              	.L6:
 137              		.align	2
 138              	.L5:
 139 003c A9430040 		.word	1073759145
 140 0040 B9430040 		.word	1073759161
 141 0044 77580040 		.word	1073764471
 142              		.cfi_endproc
 143              	.LFE1:
 144              		.size	Sample_Hold_1_Enable, .-Sample_Hold_1_Enable
 145              		.section	.text.Sample_Hold_1_Start,"ax",%progbits
 146              		.align	2
 147              		.global	Sample_Hold_1_Start
 148              		.thumb
 149              		.thumb_func
 150              		.type	Sample_Hold_1_Start, %function
 151              	Sample_Hold_1_Start:
 152              	.LFB2:
 153:.\Generated_Source\PSoC5/Sample_Hold_1.c **** 
 154:.\Generated_Source\PSoC5/Sample_Hold_1.c **** 
 155:.\Generated_Source\PSoC5/Sample_Hold_1.c **** /*******************************************************************************
 156:.\Generated_Source\PSoC5/Sample_Hold_1.c **** * Function Name: Sample_Hold_1_Start
 157:.\Generated_Source\PSoC5/Sample_Hold_1.c **** ********************************************************************************
 158:.\Generated_Source\PSoC5/Sample_Hold_1.c **** *
 159:.\Generated_Source\PSoC5/Sample_Hold_1.c **** * Summary:
 160:.\Generated_Source\PSoC5/Sample_Hold_1.c **** *  The start function initializes the Sample and Hold with the default values, 
 161:.\Generated_Source\PSoC5/Sample_Hold_1.c **** *  and sets the power to the given level.  A power level of 0, is the same as 
 162:.\Generated_Source\PSoC5/Sample_Hold_1.c **** *  executing the stop function.
 163:.\Generated_Source\PSoC5/Sample_Hold_1.c **** *
 164:.\Generated_Source\PSoC5/Sample_Hold_1.c **** * Parameters:
 165:.\Generated_Source\PSoC5/Sample_Hold_1.c **** *  void
 166:.\Generated_Source\PSoC5/Sample_Hold_1.c **** *
 167:.\Generated_Source\PSoC5/Sample_Hold_1.c **** * Return:
 168:.\Generated_Source\PSoC5/Sample_Hold_1.c **** *  void
 169:.\Generated_Source\PSoC5/Sample_Hold_1.c **** *
 170:.\Generated_Source\PSoC5/Sample_Hold_1.c **** *******************************************************************************/
 171:.\Generated_Source\PSoC5/Sample_Hold_1.c **** void Sample_Hold_1_Start(void) 
 172:.\Generated_Source\PSoC5/Sample_Hold_1.c **** {
 153              		.loc 1 172 0
 154              		.cfi_startproc
 155              		@ args = 0, pretend = 0, frame = 0
 156              		@ frame_needed = 1, uses_anonymous_args = 0
 157 0000 80B5     		push	{r7, lr}
 158              		.cfi_def_cfa_offset 8
 159              		.cfi_offset 7, -8
 160              		.cfi_offset 14, -4
 161 0002 00AF     		add	r7, sp, #0
 162              		.cfi_def_cfa_register 7
 173:.\Generated_Source\PSoC5/Sample_Hold_1.c ****     /* If not Initialized then initialize all required hardware and software */
 174:.\Generated_Source\PSoC5/Sample_Hold_1.c ****     if(Sample_Hold_1_initVar == 0u)
 163              		.loc 1 174 0
 164 0004 054B     		ldr	r3, .L9
 165 0006 1B78     		ldrb	r3, [r3]	@ zero_extendqisi2
 166 0008 002B     		cmp	r3, #0
 167 000a 04D1     		bne	.L8
 175:.\Generated_Source\PSoC5/Sample_Hold_1.c ****     {
ARM GAS  C:\Users\MONICA~1\AppData\Local\Temp\ccVKpyry.s 			page 7


 176:.\Generated_Source\PSoC5/Sample_Hold_1.c ****         Sample_Hold_1_Init();
 168              		.loc 1 176 0
 169 000c FFF7FEFF 		bl	Sample_Hold_1_Init
 177:.\Generated_Source\PSoC5/Sample_Hold_1.c ****         Sample_Hold_1_initVar = 1u;
 170              		.loc 1 177 0
 171 0010 024B     		ldr	r3, .L9
 172 0012 0122     		movs	r2, #1
 173 0014 1A70     		strb	r2, [r3]
 174              	.L8:
 178:.\Generated_Source\PSoC5/Sample_Hold_1.c ****     }
 179:.\Generated_Source\PSoC5/Sample_Hold_1.c ****     Sample_Hold_1_Enable();
 175              		.loc 1 179 0
 176 0016 FFF7FEFF 		bl	Sample_Hold_1_Enable
 180:.\Generated_Source\PSoC5/Sample_Hold_1.c **** }
 177              		.loc 1 180 0
 178 001a 80BD     		pop	{r7, pc}
 179              	.L10:
 180              		.align	2
 181              	.L9:
 182 001c 00000000 		.word	Sample_Hold_1_initVar
 183              		.cfi_endproc
 184              	.LFE2:
 185              		.size	Sample_Hold_1_Start, .-Sample_Hold_1_Start
 186              		.section	.text.Sample_Hold_1_Stop,"ax",%progbits
 187              		.align	2
 188              		.global	Sample_Hold_1_Stop
 189              		.thumb
 190              		.thumb_func
 191              		.type	Sample_Hold_1_Stop, %function
 192              	Sample_Hold_1_Stop:
 193              	.LFB3:
 181:.\Generated_Source\PSoC5/Sample_Hold_1.c **** 
 182:.\Generated_Source\PSoC5/Sample_Hold_1.c **** 
 183:.\Generated_Source\PSoC5/Sample_Hold_1.c **** /*******************************************************************************
 184:.\Generated_Source\PSoC5/Sample_Hold_1.c **** * Function Name: Sample_Hold_1_Stop
 185:.\Generated_Source\PSoC5/Sample_Hold_1.c **** ********************************************************************************
 186:.\Generated_Source\PSoC5/Sample_Hold_1.c **** *
 187:.\Generated_Source\PSoC5/Sample_Hold_1.c **** * Summary:
 188:.\Generated_Source\PSoC5/Sample_Hold_1.c **** *  Powers down amplifier to lowest power state.
 189:.\Generated_Source\PSoC5/Sample_Hold_1.c **** *
 190:.\Generated_Source\PSoC5/Sample_Hold_1.c **** * Parameters:
 191:.\Generated_Source\PSoC5/Sample_Hold_1.c **** *  void
 192:.\Generated_Source\PSoC5/Sample_Hold_1.c **** *
 193:.\Generated_Source\PSoC5/Sample_Hold_1.c **** * Return:
 194:.\Generated_Source\PSoC5/Sample_Hold_1.c **** *  void
 195:.\Generated_Source\PSoC5/Sample_Hold_1.c **** *
 196:.\Generated_Source\PSoC5/Sample_Hold_1.c **** *******************************************************************************/
 197:.\Generated_Source\PSoC5/Sample_Hold_1.c **** void Sample_Hold_1_Stop(void) 
 198:.\Generated_Source\PSoC5/Sample_Hold_1.c **** {   
 194              		.loc 1 198 0
 195              		.cfi_startproc
 196              		@ args = 0, pretend = 0, frame = 0
 197              		@ frame_needed = 1, uses_anonymous_args = 0
 198              		@ link register save eliminated.
 199 0000 80B4     		push	{r7}
 200              		.cfi_def_cfa_offset 4
 201              		.cfi_offset 7, -4
ARM GAS  C:\Users\MONICA~1\AppData\Local\Temp\ccVKpyry.s 			page 8


 202 0002 00AF     		add	r7, sp, #0
 203              		.cfi_def_cfa_register 7
 199:.\Generated_Source\PSoC5/Sample_Hold_1.c ****     /* Disble power to the Amp in Active mode template */
 200:.\Generated_Source\PSoC5/Sample_Hold_1.c ****     Sample_Hold_1_PM_ACT_CFG_REG &= (uint8)(~Sample_Hold_1_ACT_PWR_EN);
 204              		.loc 1 200 0
 205 0004 094A     		ldr	r2, .L12
 206 0006 094B     		ldr	r3, .L12
 207 0008 1B78     		ldrb	r3, [r3]
 208 000a DBB2     		uxtb	r3, r3
 209 000c 23F00103 		bic	r3, r3, #1
 210 0010 DBB2     		uxtb	r3, r3
 211 0012 1370     		strb	r3, [r2]
 201:.\Generated_Source\PSoC5/Sample_Hold_1.c **** 
 202:.\Generated_Source\PSoC5/Sample_Hold_1.c ****     /* Disble power to the Amp in Alternative Active mode template */
 203:.\Generated_Source\PSoC5/Sample_Hold_1.c ****     Sample_Hold_1_PM_STBY_CFG_REG &= (uint8)(~Sample_Hold_1_STBY_PWR_EN);
 212              		.loc 1 203 0
 213 0014 064A     		ldr	r2, .L12+4
 214 0016 064B     		ldr	r3, .L12+4
 215 0018 1B78     		ldrb	r3, [r3]
 216 001a DBB2     		uxtb	r3, r3
 217 001c 23F00103 		bic	r3, r3, #1
 218 0020 DBB2     		uxtb	r3, r3
 219 0022 1370     		strb	r3, [r2]
 204:.\Generated_Source\PSoC5/Sample_Hold_1.c ****     
 205:.\Generated_Source\PSoC5/Sample_Hold_1.c ****     #if (!CY_PSOC5A)
 206:.\Generated_Source\PSoC5/Sample_Hold_1.c ****         #if (CYDEV_VARIABLE_VDDA == 1u)
 207:.\Generated_Source\PSoC5/Sample_Hold_1.c ****             Sample_Hold_1_BSTCLK_REG &= (uint8)(~Sample_Hold_1_BST_CLK_EN);
 208:.\Generated_Source\PSoC5/Sample_Hold_1.c ****             /* Disable pumps only if there aren't any SC block in use */
 209:.\Generated_Source\PSoC5/Sample_Hold_1.c ****             if ((Sample_Hold_1_PM_ACT_CFG_REG & Sample_Hold_1_PM_ACT_CFG_MASK) == 0u)
 210:.\Generated_Source\PSoC5/Sample_Hold_1.c ****             {
 211:.\Generated_Source\PSoC5/Sample_Hold_1.c ****                 Sample_Hold_1_SC_MISC_REG &= (uint8)(~Sample_Hold_1_PUMP_FORCE);
 212:.\Generated_Source\PSoC5/Sample_Hold_1.c ****                 Sample_Hold_1_PUMP_CR1_REG &= (uint8)(~Sample_Hold_1_PUMP_CR1_SC_CLKSEL);
 213:.\Generated_Source\PSoC5/Sample_Hold_1.c ****                 CyScBoostClk_Stop();
 214:.\Generated_Source\PSoC5/Sample_Hold_1.c ****             }
 215:.\Generated_Source\PSoC5/Sample_Hold_1.c ****         #endif /* CYDEV_VARIABLE_VDDA == 1u */
 216:.\Generated_Source\PSoC5/Sample_Hold_1.c ****     #endif /* (CY_PSOC3 || CY_PSOC5LP) */
 217:.\Generated_Source\PSoC5/Sample_Hold_1.c ****  
 218:.\Generated_Source\PSoC5/Sample_Hold_1.c ****     /* This sets Sample and hold in zero current mode and output routes are valid */
 219:.\Generated_Source\PSoC5/Sample_Hold_1.c ****     #if (CY_PSOC5A)
 220:.\Generated_Source\PSoC5/Sample_Hold_1.c ****         Sample_Hold_1_P5backup.scCR1Reg = Sample_Hold_1_CR1_REG;
 221:.\Generated_Source\PSoC5/Sample_Hold_1.c ****         Sample_Hold_1_P5backup.scCR2Reg = Sample_Hold_1_CR2_REG;
 222:.\Generated_Source\PSoC5/Sample_Hold_1.c ****         Sample_Hold_1_CR1_REG = 0x00u;
 223:.\Generated_Source\PSoC5/Sample_Hold_1.c ****         Sample_Hold_1_CR2_REG = 0x00u;
 224:.\Generated_Source\PSoC5/Sample_Hold_1.c ****         Sample_Hold_1_P5backup.enableState = 1u;
 225:.\Generated_Source\PSoC5/Sample_Hold_1.c ****     #endif /* CY_PSOC5A */
 226:.\Generated_Source\PSoC5/Sample_Hold_1.c **** }
 220              		.loc 1 226 0
 221 0024 BD46     		mov	sp, r7
 222              		.cfi_def_cfa_register 13
 223              		@ sp needed
 224 0026 5DF8047B 		ldr	r7, [sp], #4
 225              		.cfi_restore 7
 226              		.cfi_def_cfa_offset 0
 227 002a 7047     		bx	lr
 228              	.L13:
 229              		.align	2
 230              	.L12:
ARM GAS  C:\Users\MONICA~1\AppData\Local\Temp\ccVKpyry.s 			page 9


 231 002c A9430040 		.word	1073759145
 232 0030 B9430040 		.word	1073759161
 233              		.cfi_endproc
 234              	.LFE3:
 235              		.size	Sample_Hold_1_Stop, .-Sample_Hold_1_Stop
 236              		.section	.text.Sample_Hold_1_SetPower,"ax",%progbits
 237              		.align	2
 238              		.global	Sample_Hold_1_SetPower
 239              		.thumb
 240              		.thumb_func
 241              		.type	Sample_Hold_1_SetPower, %function
 242              	Sample_Hold_1_SetPower:
 243              	.LFB4:
 227:.\Generated_Source\PSoC5/Sample_Hold_1.c **** 
 228:.\Generated_Source\PSoC5/Sample_Hold_1.c **** 
 229:.\Generated_Source\PSoC5/Sample_Hold_1.c **** /*******************************************************************************
 230:.\Generated_Source\PSoC5/Sample_Hold_1.c **** * Function Name: Sample_Hold_1_SetPower
 231:.\Generated_Source\PSoC5/Sample_Hold_1.c **** ********************************************************************************
 232:.\Generated_Source\PSoC5/Sample_Hold_1.c **** *
 233:.\Generated_Source\PSoC5/Sample_Hold_1.c **** * Summary:
 234:.\Generated_Source\PSoC5/Sample_Hold_1.c **** *  Set the power of the Sample/Track and Hold.
 235:.\Generated_Source\PSoC5/Sample_Hold_1.c **** *
 236:.\Generated_Source\PSoC5/Sample_Hold_1.c **** * Parameters:
 237:.\Generated_Source\PSoC5/Sample_Hold_1.c **** *  power: Sets power level between (0) and (3) high power
 238:.\Generated_Source\PSoC5/Sample_Hold_1.c **** *
 239:.\Generated_Source\PSoC5/Sample_Hold_1.c **** * Return:
 240:.\Generated_Source\PSoC5/Sample_Hold_1.c **** *  void
 241:.\Generated_Source\PSoC5/Sample_Hold_1.c **** *
 242:.\Generated_Source\PSoC5/Sample_Hold_1.c **** *******************************************************************************/
 243:.\Generated_Source\PSoC5/Sample_Hold_1.c **** void Sample_Hold_1_SetPower(uint8 power) 
 244:.\Generated_Source\PSoC5/Sample_Hold_1.c **** {
 244              		.loc 1 244 0
 245              		.cfi_startproc
 246              		@ args = 0, pretend = 0, frame = 16
 247              		@ frame_needed = 1, uses_anonymous_args = 0
 248              		@ link register save eliminated.
 249 0000 80B4     		push	{r7}
 250              		.cfi_def_cfa_offset 4
 251              		.cfi_offset 7, -4
 252 0002 85B0     		sub	sp, sp, #20
 253              		.cfi_def_cfa_offset 24
 254 0004 00AF     		add	r7, sp, #0
 255              		.cfi_def_cfa_register 7
 256 0006 0346     		mov	r3, r0
 257 0008 FB71     		strb	r3, [r7, #7]
 245:.\Generated_Source\PSoC5/Sample_Hold_1.c ****     uint8 tmpCR;
 246:.\Generated_Source\PSoC5/Sample_Hold_1.c **** 
 247:.\Generated_Source\PSoC5/Sample_Hold_1.c ****     /* Sets drive bits in SC Block Control Register 1:  SCxx_CR[1:0] */
 248:.\Generated_Source\PSoC5/Sample_Hold_1.c ****     tmpCR = Sample_Hold_1_CR1_REG & (uint8)(~Sample_Hold_1_DRIVE_MASK);
 258              		.loc 1 248 0
 259 000a 0A4B     		ldr	r3, .L15
 260 000c 1B78     		ldrb	r3, [r3]
 261 000e DBB2     		uxtb	r3, r3
 262 0010 23F00303 		bic	r3, r3, #3
 263 0014 FB73     		strb	r3, [r7, #15]
 249:.\Generated_Source\PSoC5/Sample_Hold_1.c ****     tmpCR |= (power & Sample_Hold_1_DRIVE_MASK);
 264              		.loc 1 249 0
ARM GAS  C:\Users\MONICA~1\AppData\Local\Temp\ccVKpyry.s 			page 10


 265 0016 FB79     		ldrb	r3, [r7, #7]
 266 0018 03F00303 		and	r3, r3, #3
 267 001c DAB2     		uxtb	r2, r3
 268 001e FB7B     		ldrb	r3, [r7, #15]
 269 0020 1343     		orrs	r3, r3, r2
 270 0022 FB73     		strb	r3, [r7, #15]
 250:.\Generated_Source\PSoC5/Sample_Hold_1.c ****     Sample_Hold_1_CR1_REG = tmpCR;
 271              		.loc 1 250 0
 272 0024 034A     		ldr	r2, .L15
 273 0026 FB7B     		ldrb	r3, [r7, #15]
 274 0028 1370     		strb	r3, [r2]
 251:.\Generated_Source\PSoC5/Sample_Hold_1.c **** }
 275              		.loc 1 251 0
 276 002a 1437     		adds	r7, r7, #20
 277              		.cfi_def_cfa_offset 4
 278 002c BD46     		mov	sp, r7
 279              		.cfi_def_cfa_register 13
 280              		@ sp needed
 281 002e 5DF8047B 		ldr	r7, [sp], #4
 282              		.cfi_restore 7
 283              		.cfi_def_cfa_offset 0
 284 0032 7047     		bx	lr
 285              	.L16:
 286              		.align	2
 287              	.L15:
 288 0034 01580040 		.word	1073764353
 289              		.cfi_endproc
 290              	.LFE4:
 291              		.size	Sample_Hold_1_SetPower, .-Sample_Hold_1_SetPower
 292              		.text
 293              	.Letext0:
 294              		.file 2 ".\\Generated_Source\\PSoC5\\cytypes.h"
 295              		.section	.debug_info,"",%progbits
 296              	.Ldebug_info0:
 297 0000 28010000 		.4byte	0x128
 298 0004 0400     		.2byte	0x4
 299 0006 00000000 		.4byte	.Ldebug_abbrev0
 300 000a 04       		.byte	0x4
 301 000b 01       		.uleb128 0x1
 302 000c F0000000 		.4byte	.LASF19
 303 0010 01       		.byte	0x1
 304 0011 85010000 		.4byte	.LASF20
 305 0015 1B000000 		.4byte	.LASF21
 306 0019 00000000 		.4byte	.Ldebug_ranges0+0
 307 001d 00000000 		.4byte	0
 308 0021 00000000 		.4byte	.Ldebug_line0
 309 0025 02       		.uleb128 0x2
 310 0026 01       		.byte	0x1
 311 0027 06       		.byte	0x6
 312 0028 E8010000 		.4byte	.LASF0
 313 002c 02       		.uleb128 0x2
 314 002d 01       		.byte	0x1
 315 002e 08       		.byte	0x8
 316 002f D4000000 		.4byte	.LASF1
 317 0033 02       		.uleb128 0x2
 318 0034 02       		.byte	0x2
 319 0035 05       		.byte	0x5
ARM GAS  C:\Users\MONICA~1\AppData\Local\Temp\ccVKpyry.s 			page 11


 320 0036 FD010000 		.4byte	.LASF2
 321 003a 02       		.uleb128 0x2
 322 003b 02       		.byte	0x2
 323 003c 07       		.byte	0x7
 324 003d D5010000 		.4byte	.LASF3
 325 0041 02       		.uleb128 0x2
 326 0042 04       		.byte	0x4
 327 0043 05       		.byte	0x5
 328 0044 E7000000 		.4byte	.LASF4
 329 0048 02       		.uleb128 0x2
 330 0049 04       		.byte	0x4
 331 004a 07       		.byte	0x7
 332 004b A5000000 		.4byte	.LASF5
 333 004f 02       		.uleb128 0x2
 334 0050 08       		.byte	0x8
 335 0051 05       		.byte	0x5
 336 0052 00000000 		.4byte	.LASF6
 337 0056 02       		.uleb128 0x2
 338 0057 08       		.byte	0x8
 339 0058 07       		.byte	0x7
 340 0059 B7000000 		.4byte	.LASF7
 341 005d 03       		.uleb128 0x3
 342 005e 04       		.byte	0x4
 343 005f 05       		.byte	0x5
 344 0060 696E7400 		.ascii	"int\000"
 345 0064 02       		.uleb128 0x2
 346 0065 04       		.byte	0x4
 347 0066 07       		.byte	0x7
 348 0067 0E000000 		.4byte	.LASF8
 349 006b 04       		.uleb128 0x4
 350 006c 9F000000 		.4byte	.LASF12
 351 0070 02       		.byte	0x2
 352 0071 9201     		.2byte	0x192
 353 0073 2C000000 		.4byte	0x2c
 354 0077 02       		.uleb128 0x2
 355 0078 04       		.byte	0x4
 356 0079 04       		.byte	0x4
 357 007a CE000000 		.4byte	.LASF9
 358 007e 02       		.uleb128 0x2
 359 007f 08       		.byte	0x8
 360 0080 04       		.byte	0x4
 361 0081 7E010000 		.4byte	.LASF10
 362 0085 02       		.uleb128 0x2
 363 0086 01       		.byte	0x1
 364 0087 08       		.byte	0x8
 365 0088 E2000000 		.4byte	.LASF11
 366 008c 04       		.uleb128 0x4
 367 008d 07020000 		.4byte	.LASF13
 368 0091 02       		.byte	0x2
 369 0092 3C02     		.2byte	0x23c
 370 0094 98000000 		.4byte	0x98
 371 0098 05       		.uleb128 0x5
 372 0099 6B000000 		.4byte	0x6b
 373 009d 02       		.uleb128 0x2
 374 009e 04       		.byte	0x4
 375 009f 07       		.byte	0x7
 376 00a0 F4010000 		.4byte	.LASF14
ARM GAS  C:\Users\MONICA~1\AppData\Local\Temp\ccVKpyry.s 			page 12


 377 00a4 06       		.uleb128 0x6
 378 00a5 AE010000 		.4byte	.LASF15
 379 00a9 01       		.byte	0x1
 380 00aa 34       		.byte	0x34
 381 00ab 00000000 		.4byte	.LFB0
 382 00af 50000000 		.4byte	.LFE0-.LFB0
 383 00b3 01       		.uleb128 0x1
 384 00b4 9C       		.byte	0x9c
 385 00b5 07       		.uleb128 0x7
 386 00b6 8A000000 		.4byte	.LASF16
 387 00ba 01       		.byte	0x1
 388 00bb 73       		.byte	0x73
 389 00bc 00000000 		.4byte	.LFB1
 390 00c0 48000000 		.4byte	.LFE1-.LFB1
 391 00c4 01       		.uleb128 0x1
 392 00c5 9C       		.byte	0x9c
 393 00c6 06       		.uleb128 0x6
 394 00c7 C1010000 		.4byte	.LASF17
 395 00cb 01       		.byte	0x1
 396 00cc AB       		.byte	0xab
 397 00cd 00000000 		.4byte	.LFB2
 398 00d1 20000000 		.4byte	.LFE2-.LFB2
 399 00d5 01       		.uleb128 0x1
 400 00d6 9C       		.byte	0x9c
 401 00d7 07       		.uleb128 0x7
 402 00d8 61000000 		.4byte	.LASF18
 403 00dc 01       		.byte	0x1
 404 00dd C5       		.byte	0xc5
 405 00de 00000000 		.4byte	.LFB3
 406 00e2 34000000 		.4byte	.LFE3-.LFB3
 407 00e6 01       		.uleb128 0x1
 408 00e7 9C       		.byte	0x9c
 409 00e8 08       		.uleb128 0x8
 410 00e9 0C020000 		.4byte	.LASF22
 411 00ed 01       		.byte	0x1
 412 00ee F3       		.byte	0xf3
 413 00ef 00000000 		.4byte	.LFB4
 414 00f3 38000000 		.4byte	.LFE4-.LFB4
 415 00f7 01       		.uleb128 0x1
 416 00f8 9C       		.byte	0x9c
 417 00f9 1A010000 		.4byte	0x11a
 418 00fd 09       		.uleb128 0x9
 419 00fe 29020000 		.4byte	.LASF23
 420 0102 01       		.byte	0x1
 421 0103 F3       		.byte	0xf3
 422 0104 6B000000 		.4byte	0x6b
 423 0108 02       		.uleb128 0x2
 424 0109 91       		.byte	0x91
 425 010a 6F       		.sleb128 -17
 426 010b 0A       		.uleb128 0xa
 427 010c 23020000 		.4byte	.LASF24
 428 0110 01       		.byte	0x1
 429 0111 F5       		.byte	0xf5
 430 0112 6B000000 		.4byte	0x6b
 431 0116 02       		.uleb128 0x2
 432 0117 91       		.byte	0x91
 433 0118 77       		.sleb128 -9
ARM GAS  C:\Users\MONICA~1\AppData\Local\Temp\ccVKpyry.s 			page 13


 434 0119 00       		.byte	0
 435 011a 0B       		.uleb128 0xb
 436 011b 74000000 		.4byte	.LASF25
 437 011f 01       		.byte	0x1
 438 0120 1B       		.byte	0x1b
 439 0121 6B000000 		.4byte	0x6b
 440 0125 05       		.uleb128 0x5
 441 0126 03       		.byte	0x3
 442 0127 00000000 		.4byte	Sample_Hold_1_initVar
 443 012b 00       		.byte	0
 444              		.section	.debug_abbrev,"",%progbits
 445              	.Ldebug_abbrev0:
 446 0000 01       		.uleb128 0x1
 447 0001 11       		.uleb128 0x11
 448 0002 01       		.byte	0x1
 449 0003 25       		.uleb128 0x25
 450 0004 0E       		.uleb128 0xe
 451 0005 13       		.uleb128 0x13
 452 0006 0B       		.uleb128 0xb
 453 0007 03       		.uleb128 0x3
 454 0008 0E       		.uleb128 0xe
 455 0009 1B       		.uleb128 0x1b
 456 000a 0E       		.uleb128 0xe
 457 000b 55       		.uleb128 0x55
 458 000c 17       		.uleb128 0x17
 459 000d 11       		.uleb128 0x11
 460 000e 01       		.uleb128 0x1
 461 000f 10       		.uleb128 0x10
 462 0010 17       		.uleb128 0x17
 463 0011 00       		.byte	0
 464 0012 00       		.byte	0
 465 0013 02       		.uleb128 0x2
 466 0014 24       		.uleb128 0x24
 467 0015 00       		.byte	0
 468 0016 0B       		.uleb128 0xb
 469 0017 0B       		.uleb128 0xb
 470 0018 3E       		.uleb128 0x3e
 471 0019 0B       		.uleb128 0xb
 472 001a 03       		.uleb128 0x3
 473 001b 0E       		.uleb128 0xe
 474 001c 00       		.byte	0
 475 001d 00       		.byte	0
 476 001e 03       		.uleb128 0x3
 477 001f 24       		.uleb128 0x24
 478 0020 00       		.byte	0
 479 0021 0B       		.uleb128 0xb
 480 0022 0B       		.uleb128 0xb
 481 0023 3E       		.uleb128 0x3e
 482 0024 0B       		.uleb128 0xb
 483 0025 03       		.uleb128 0x3
 484 0026 08       		.uleb128 0x8
 485 0027 00       		.byte	0
 486 0028 00       		.byte	0
 487 0029 04       		.uleb128 0x4
 488 002a 16       		.uleb128 0x16
 489 002b 00       		.byte	0
 490 002c 03       		.uleb128 0x3
ARM GAS  C:\Users\MONICA~1\AppData\Local\Temp\ccVKpyry.s 			page 14


 491 002d 0E       		.uleb128 0xe
 492 002e 3A       		.uleb128 0x3a
 493 002f 0B       		.uleb128 0xb
 494 0030 3B       		.uleb128 0x3b
 495 0031 05       		.uleb128 0x5
 496 0032 49       		.uleb128 0x49
 497 0033 13       		.uleb128 0x13
 498 0034 00       		.byte	0
 499 0035 00       		.byte	0
 500 0036 05       		.uleb128 0x5
 501 0037 35       		.uleb128 0x35
 502 0038 00       		.byte	0
 503 0039 49       		.uleb128 0x49
 504 003a 13       		.uleb128 0x13
 505 003b 00       		.byte	0
 506 003c 00       		.byte	0
 507 003d 06       		.uleb128 0x6
 508 003e 2E       		.uleb128 0x2e
 509 003f 00       		.byte	0
 510 0040 3F       		.uleb128 0x3f
 511 0041 19       		.uleb128 0x19
 512 0042 03       		.uleb128 0x3
 513 0043 0E       		.uleb128 0xe
 514 0044 3A       		.uleb128 0x3a
 515 0045 0B       		.uleb128 0xb
 516 0046 3B       		.uleb128 0x3b
 517 0047 0B       		.uleb128 0xb
 518 0048 27       		.uleb128 0x27
 519 0049 19       		.uleb128 0x19
 520 004a 11       		.uleb128 0x11
 521 004b 01       		.uleb128 0x1
 522 004c 12       		.uleb128 0x12
 523 004d 06       		.uleb128 0x6
 524 004e 40       		.uleb128 0x40
 525 004f 18       		.uleb128 0x18
 526 0050 9642     		.uleb128 0x2116
 527 0052 19       		.uleb128 0x19
 528 0053 00       		.byte	0
 529 0054 00       		.byte	0
 530 0055 07       		.uleb128 0x7
 531 0056 2E       		.uleb128 0x2e
 532 0057 00       		.byte	0
 533 0058 3F       		.uleb128 0x3f
 534 0059 19       		.uleb128 0x19
 535 005a 03       		.uleb128 0x3
 536 005b 0E       		.uleb128 0xe
 537 005c 3A       		.uleb128 0x3a
 538 005d 0B       		.uleb128 0xb
 539 005e 3B       		.uleb128 0x3b
 540 005f 0B       		.uleb128 0xb
 541 0060 27       		.uleb128 0x27
 542 0061 19       		.uleb128 0x19
 543 0062 11       		.uleb128 0x11
 544 0063 01       		.uleb128 0x1
 545 0064 12       		.uleb128 0x12
 546 0065 06       		.uleb128 0x6
 547 0066 40       		.uleb128 0x40
ARM GAS  C:\Users\MONICA~1\AppData\Local\Temp\ccVKpyry.s 			page 15


 548 0067 18       		.uleb128 0x18
 549 0068 9742     		.uleb128 0x2117
 550 006a 19       		.uleb128 0x19
 551 006b 00       		.byte	0
 552 006c 00       		.byte	0
 553 006d 08       		.uleb128 0x8
 554 006e 2E       		.uleb128 0x2e
 555 006f 01       		.byte	0x1
 556 0070 3F       		.uleb128 0x3f
 557 0071 19       		.uleb128 0x19
 558 0072 03       		.uleb128 0x3
 559 0073 0E       		.uleb128 0xe
 560 0074 3A       		.uleb128 0x3a
 561 0075 0B       		.uleb128 0xb
 562 0076 3B       		.uleb128 0x3b
 563 0077 0B       		.uleb128 0xb
 564 0078 27       		.uleb128 0x27
 565 0079 19       		.uleb128 0x19
 566 007a 11       		.uleb128 0x11
 567 007b 01       		.uleb128 0x1
 568 007c 12       		.uleb128 0x12
 569 007d 06       		.uleb128 0x6
 570 007e 40       		.uleb128 0x40
 571 007f 18       		.uleb128 0x18
 572 0080 9742     		.uleb128 0x2117
 573 0082 19       		.uleb128 0x19
 574 0083 01       		.uleb128 0x1
 575 0084 13       		.uleb128 0x13
 576 0085 00       		.byte	0
 577 0086 00       		.byte	0
 578 0087 09       		.uleb128 0x9
 579 0088 05       		.uleb128 0x5
 580 0089 00       		.byte	0
 581 008a 03       		.uleb128 0x3
 582 008b 0E       		.uleb128 0xe
 583 008c 3A       		.uleb128 0x3a
 584 008d 0B       		.uleb128 0xb
 585 008e 3B       		.uleb128 0x3b
 586 008f 0B       		.uleb128 0xb
 587 0090 49       		.uleb128 0x49
 588 0091 13       		.uleb128 0x13
 589 0092 02       		.uleb128 0x2
 590 0093 18       		.uleb128 0x18
 591 0094 00       		.byte	0
 592 0095 00       		.byte	0
 593 0096 0A       		.uleb128 0xa
 594 0097 34       		.uleb128 0x34
 595 0098 00       		.byte	0
 596 0099 03       		.uleb128 0x3
 597 009a 0E       		.uleb128 0xe
 598 009b 3A       		.uleb128 0x3a
 599 009c 0B       		.uleb128 0xb
 600 009d 3B       		.uleb128 0x3b
 601 009e 0B       		.uleb128 0xb
 602 009f 49       		.uleb128 0x49
 603 00a0 13       		.uleb128 0x13
 604 00a1 02       		.uleb128 0x2
ARM GAS  C:\Users\MONICA~1\AppData\Local\Temp\ccVKpyry.s 			page 16


 605 00a2 18       		.uleb128 0x18
 606 00a3 00       		.byte	0
 607 00a4 00       		.byte	0
 608 00a5 0B       		.uleb128 0xb
 609 00a6 34       		.uleb128 0x34
 610 00a7 00       		.byte	0
 611 00a8 03       		.uleb128 0x3
 612 00a9 0E       		.uleb128 0xe
 613 00aa 3A       		.uleb128 0x3a
 614 00ab 0B       		.uleb128 0xb
 615 00ac 3B       		.uleb128 0x3b
 616 00ad 0B       		.uleb128 0xb
 617 00ae 49       		.uleb128 0x49
 618 00af 13       		.uleb128 0x13
 619 00b0 3F       		.uleb128 0x3f
 620 00b1 19       		.uleb128 0x19
 621 00b2 02       		.uleb128 0x2
 622 00b3 18       		.uleb128 0x18
 623 00b4 00       		.byte	0
 624 00b5 00       		.byte	0
 625 00b6 00       		.byte	0
 626              		.section	.debug_aranges,"",%progbits
 627 0000 3C000000 		.4byte	0x3c
 628 0004 0200     		.2byte	0x2
 629 0006 00000000 		.4byte	.Ldebug_info0
 630 000a 04       		.byte	0x4
 631 000b 00       		.byte	0
 632 000c 0000     		.2byte	0
 633 000e 0000     		.2byte	0
 634 0010 00000000 		.4byte	.LFB0
 635 0014 50000000 		.4byte	.LFE0-.LFB0
 636 0018 00000000 		.4byte	.LFB1
 637 001c 48000000 		.4byte	.LFE1-.LFB1
 638 0020 00000000 		.4byte	.LFB2
 639 0024 20000000 		.4byte	.LFE2-.LFB2
 640 0028 00000000 		.4byte	.LFB3
 641 002c 34000000 		.4byte	.LFE3-.LFB3
 642 0030 00000000 		.4byte	.LFB4
 643 0034 38000000 		.4byte	.LFE4-.LFB4
 644 0038 00000000 		.4byte	0
 645 003c 00000000 		.4byte	0
 646              		.section	.debug_ranges,"",%progbits
 647              	.Ldebug_ranges0:
 648 0000 00000000 		.4byte	.LFB0
 649 0004 50000000 		.4byte	.LFE0
 650 0008 00000000 		.4byte	.LFB1
 651 000c 48000000 		.4byte	.LFE1
 652 0010 00000000 		.4byte	.LFB2
 653 0014 20000000 		.4byte	.LFE2
 654 0018 00000000 		.4byte	.LFB3
 655 001c 34000000 		.4byte	.LFE3
 656 0020 00000000 		.4byte	.LFB4
 657 0024 38000000 		.4byte	.LFE4
 658 0028 00000000 		.4byte	0
 659 002c 00000000 		.4byte	0
 660              		.section	.debug_line,"",%progbits
 661              	.Ldebug_line0:
ARM GAS  C:\Users\MONICA~1\AppData\Local\Temp\ccVKpyry.s 			page 17


 662 0000 C0000000 		.section	.debug_str,"MS",%progbits,1
 662      02004C00 
 662      00000201 
 662      FB0E0D00 
 662      01010101 
 663              	.LASF6:
 664 0000 6C6F6E67 		.ascii	"long long int\000"
 664      206C6F6E 
 664      6720696E 
 664      7400
 665              	.LASF8:
 666 000e 756E7369 		.ascii	"unsigned int\000"
 666      676E6564 
 666      20696E74 
 666      00
 667              	.LASF21:
 668 001b 433A5C55 		.ascii	"C:\\Users\\Monica P\\Desktop\\Assignment\\CE95277 A"
 668      73657273 
 668      5C4D6F6E 
 668      69636120 
 668      505C4465 
 669 0049 44432061 		.ascii	"DC and UART\\power.cydsn\000"
 669      6E642055 
 669      4152545C 
 669      706F7765 
 669      722E6379 
 670              	.LASF18:
 671 0061 53616D70 		.ascii	"Sample_Hold_1_Stop\000"
 671      6C655F48 
 671      6F6C645F 
 671      315F5374 
 671      6F7000
 672              	.LASF25:
 673 0074 53616D70 		.ascii	"Sample_Hold_1_initVar\000"
 673      6C655F48 
 673      6F6C645F 
 673      315F696E 
 673      69745661 
 674              	.LASF16:
 675 008a 53616D70 		.ascii	"Sample_Hold_1_Enable\000"
 675      6C655F48 
 675      6F6C645F 
 675      315F456E 
 675      61626C65 
 676              	.LASF12:
 677 009f 75696E74 		.ascii	"uint8\000"
 677      3800
 678              	.LASF5:
 679 00a5 6C6F6E67 		.ascii	"long unsigned int\000"
 679      20756E73 
 679      69676E65 
 679      6420696E 
 679      7400
 680              	.LASF7:
 681 00b7 6C6F6E67 		.ascii	"long long unsigned int\000"
 681      206C6F6E 
 681      6720756E 
ARM GAS  C:\Users\MONICA~1\AppData\Local\Temp\ccVKpyry.s 			page 18


 681      7369676E 
 681      65642069 
 682              	.LASF9:
 683 00ce 666C6F61 		.ascii	"float\000"
 683      7400
 684              	.LASF1:
 685 00d4 756E7369 		.ascii	"unsigned char\000"
 685      676E6564 
 685      20636861 
 685      7200
 686              	.LASF11:
 687 00e2 63686172 		.ascii	"char\000"
 687      00
 688              	.LASF4:
 689 00e7 6C6F6E67 		.ascii	"long int\000"
 689      20696E74 
 689      00
 690              	.LASF19:
 691 00f0 474E5520 		.ascii	"GNU C 4.9.3 20150303 (release) [ARM/embedded-4_9-br"
 691      4320342E 
 691      392E3320 
 691      32303135 
 691      30333033 
 692 0123 616E6368 		.ascii	"anch revision 221220] -mcpu=cortex-m3 -mthumb -g -O"
 692      20726576 
 692      6973696F 
 692      6E203232 
 692      31323230 
 693 0156 30202D66 		.ascii	"0 -ffunction-sections -ffat-lto-objects\000"
 693      66756E63 
 693      74696F6E 
 693      2D736563 
 693      74696F6E 
 694              	.LASF10:
 695 017e 646F7562 		.ascii	"double\000"
 695      6C6500
 696              	.LASF20:
 697 0185 2E5C4765 		.ascii	".\\Generated_Source\\PSoC5\\Sample_Hold_1.c\000"
 697      6E657261 
 697      7465645F 
 697      536F7572 
 697      63655C50 
 698              	.LASF15:
 699 01ae 53616D70 		.ascii	"Sample_Hold_1_Init\000"
 699      6C655F48 
 699      6F6C645F 
 699      315F496E 
 699      697400
 700              	.LASF17:
 701 01c1 53616D70 		.ascii	"Sample_Hold_1_Start\000"
 701      6C655F48 
 701      6F6C645F 
 701      315F5374 
 701      61727400 
 702              	.LASF3:
 703 01d5 73686F72 		.ascii	"short unsigned int\000"
 703      7420756E 
ARM GAS  C:\Users\MONICA~1\AppData\Local\Temp\ccVKpyry.s 			page 19


 703      7369676E 
 703      65642069 
 703      6E7400
 704              	.LASF0:
 705 01e8 7369676E 		.ascii	"signed char\000"
 705      65642063 
 705      68617200 
 706              	.LASF14:
 707 01f4 73697A65 		.ascii	"sizetype\000"
 707      74797065 
 707      00
 708              	.LASF2:
 709 01fd 73686F72 		.ascii	"short int\000"
 709      7420696E 
 709      7400
 710              	.LASF13:
 711 0207 72656738 		.ascii	"reg8\000"
 711      00
 712              	.LASF22:
 713 020c 53616D70 		.ascii	"Sample_Hold_1_SetPower\000"
 713      6C655F48 
 713      6F6C645F 
 713      315F5365 
 713      74506F77 
 714              	.LASF24:
 715 0223 746D7043 		.ascii	"tmpCR\000"
 715      5200
 716              	.LASF23:
 717 0229 706F7765 		.ascii	"power\000"
 717      7200
 718              		.ident	"GCC: (GNU Tools for ARM Embedded Processors) 4.9.3 20150303 (release) [ARM/embedded-4_9-br
