ARM GAS  C:\Users\Randhir\AppData\Local\Temp\ccBcfPVe.s 			page 1


   1              		.syntax unified
   2              		.cpu cortex-m3
   3              		.fpu softvfp
   4              		.eabi_attribute 20, 1
   5              		.eabi_attribute 21, 1
   6              		.eabi_attribute 23, 3
   7              		.eabi_attribute 24, 1
   8              		.eabi_attribute 25, 1
   9              		.eabi_attribute 26, 1
  10              		.eabi_attribute 30, 6
  11              		.eabi_attribute 34, 1
  12              		.eabi_attribute 18, 4
  13              		.thumb
  14              		.file	"cymetadata.c"
  15              		.text
  16              	.Ltext0:
  17              		.cfi_sections	.debug_frame
  18              		.global	cy_meta_configecc
  19              		.section	.cyconfigecc,"a",%progbits
  20              		.align	2
  21              		.type	cy_meta_configecc, %object
  22              		.size	cy_meta_configecc, 1024
  23              	cy_meta_configecc:
  24 0000 01       		.byte	1
  25 0001 5A       		.byte	90
  26 0002 00       		.byte	0
  27 0003 40       		.byte	64
  28 0004 01       		.byte	1
  29 0005 64       		.byte	100
  30 0006 00       		.byte	0
  31 0007 40       		.byte	64
  32 0008 02       		.byte	2
  33 0009 65       		.byte	101
  34 000a 00       		.byte	0
  35 000b 40       		.byte	64
  36 000c 5F       		.byte	95
  37 000d 08       		.byte	8
  38 000e 01       		.byte	1
  39 000f 40       		.byte	64
  40 0010 34       		.byte	52
  41 0011 09       		.byte	9
  42 0012 01       		.byte	1
  43 0013 40       		.byte	64
  44 0014 04       		.byte	4
  45 0015 0E       		.byte	14
  46 0016 01       		.byte	1
  47 0017 40       		.byte	64
  48 0018 02       		.byte	2
  49 0019 0F       		.byte	15
  50 001a 01       		.byte	1
  51 001b 40       		.byte	64
  52 001c 01       		.byte	1
  53 001d 15       		.byte	21
  54 001e 01       		.byte	1
  55 001f 40       		.byte	64
  56 0020 52       		.byte	82
  57 0021 18       		.byte	24
ARM GAS  C:\Users\Randhir\AppData\Local\Temp\ccBcfPVe.s 			page 2


  58 0022 01       		.byte	1
  59 0023 40       		.byte	64
  60 0024 39       		.byte	57
  61 0025 19       		.byte	25
  62 0026 01       		.byte	1
  63 0027 40       		.byte	64
  64 0028 41       		.byte	65
  65 0029 1A       		.byte	26
  66 002a 01       		.byte	1
  67 002b 40       		.byte	64
  68 002c 44       		.byte	68
  69 002d 1B       		.byte	27
  70 002e 01       		.byte	1
  71 002f 40       		.byte	64
  72 0030 04       		.byte	4
  73 0031 44       		.byte	68
  74 0032 01       		.byte	1
  75 0033 40       		.byte	64
  76 0034 02       		.byte	2
  77 0035 46       		.byte	70
  78 0036 01       		.byte	1
  79 0037 40       		.byte	64
  80 0038 01       		.byte	1
  81 0039 47       		.byte	71
  82 003a 01       		.byte	1
  83 003b 40       		.byte	64
  84 003c 02       		.byte	2
  85 003d 48       		.byte	72
  86 003e 01       		.byte	1
  87 003f 40       		.byte	64
  88 0040 01       		.byte	1
  89 0041 49       		.byte	73
  90 0042 01       		.byte	1
  91 0043 40       		.byte	64
  92 0044 01       		.byte	1
  93 0045 4C       		.byte	76
  94 0046 01       		.byte	1
  95 0047 40       		.byte	64
  96 0048 09       		.byte	9
  97 0049 4D       		.byte	77
  98 004a 01       		.byte	1
  99 004b 40       		.byte	64
 100 004c 04       		.byte	4
 101 004d 50       		.byte	80
 102 004e 01       		.byte	1
 103 004f 40       		.byte	64
 104 0050 0B       		.byte	11
 105 0051 01       		.byte	1
 106 0052 88       		.byte	-120
 107 0053 0F       		.byte	15
 108 0054 89       		.byte	-119
 109 0055 72       		.byte	114
 110 0056 8B       		.byte	-117
 111 0057 38       		.byte	56
 112 0058 00       		.byte	0
 113 0059 2A       		.byte	42
 114 005a 02       		.byte	2
ARM GAS  C:\Users\Randhir\AppData\Local\Temp\ccBcfPVe.s 			page 3


 115 005b 44       		.byte	68
 116 005c 04       		.byte	4
 117 005d 03       		.byte	3
 118 005e 05       		.byte	5
 119 005f 10       		.byte	16
 120 0060 06       		.byte	6
 121 0061 44       		.byte	68
 122 0062 07       		.byte	7
 123 0063 2A       		.byte	42
 124 0064 08       		.byte	8
 125 0065 73       		.byte	115
 126 0066 0A       		.byte	10
 127 0067 0C       		.byte	12
 128 0068 12       		.byte	18
 129 0069 08       		.byte	8
 130 006a 13       		.byte	19
 131 006b 2C       		.byte	44
 132 006c 15       		.byte	21
 133 006d 10       		.byte	16
 134 006e 17       		.byte	23
 135 006f 26       		.byte	38
 136 0070 1A       		.byte	26
 137 0071 55       		.byte	85
 138 0072 1D       		.byte	29
 139 0073 2C       		.byte	44
 140 0074 1F       		.byte	31
 141 0075 12       		.byte	18
 142 0076 23       		.byte	35
 143 0077 04       		.byte	4
 144 0078 27       		.byte	39
 145 0079 12       		.byte	18
 146 007a 28       		.byte	40
 147 007b 73       		.byte	115
 148 007c 2A       		.byte	42
 149 007d 04       		.byte	4
 150 007e 2D       		.byte	45
 151 007f 01       		.byte	1
 152 0080 30       		.byte	48
 153 0081 40       		.byte	64
 154 0082 31       		.byte	49
 155 0083 36       		.byte	54
 156 0084 32       		.byte	50
 157 0085 30       		.byte	48
 158 0086 33       		.byte	51
 159 0087 0E       		.byte	14
 160 0088 34       		.byte	52
 161 0089 0F       		.byte	15
 162 008a 35       		.byte	53
 163 008b 01       		.byte	1
 164 008c 38       		.byte	56
 165 008d 08       		.byte	8
 166 008e 3A       		.byte	58
 167 008f 20       		.byte	32
 168 0090 3B       		.byte	59
 169 0091 0A       		.byte	10
 170 0092 3E       		.byte	62
 171 0093 05       		.byte	5
ARM GAS  C:\Users\Randhir\AppData\Local\Temp\ccBcfPVe.s 			page 4


 172 0094 3F       		.byte	63
 173 0095 10       		.byte	16
 174 0096 40       		.byte	64
 175 0097 03       		.byte	3
 176 0098 45       		.byte	69
 177 0099 40       		.byte	64
 178 009a 49       		.byte	73
 179 009b FF       		.byte	-1
 180 009c 4A       		.byte	74
 181 009d 07       		.byte	7
 182 009e 4B       		.byte	75
 183 009f FF       		.byte	-1
 184 00a0 4C       		.byte	76
 185 00a1 40       		.byte	64
 186 00a2 4D       		.byte	77
 187 00a3 20       		.byte	32
 188 00a4 4E       		.byte	78
 189 00a5 F0       		.byte	-16
 190 00a6 4F       		.byte	79
 191 00a7 05       		.byte	5
 192 00a8 50       		.byte	80
 193 00a9 08       		.byte	8
 194 00aa 54       		.byte	84
 195 00ab 01       		.byte	1
 196 00ac 58       		.byte	88
 197 00ad 04       		.byte	4
 198 00ae 59       		.byte	89
 199 00af 04       		.byte	4
 200 00b0 5A       		.byte	90
 201 00b1 04       		.byte	4
 202 00b2 5B       		.byte	91
 203 00b3 04       		.byte	4
 204 00b4 5C       		.byte	92
 205 00b5 11       		.byte	17
 206 00b6 5D       		.byte	93
 207 00b7 11       		.byte	17
 208 00b8 5F       		.byte	95
 209 00b9 01       		.byte	1
 210 00ba 60       		.byte	96
 211 00bb 40       		.byte	64
 212 00bc 61       		.byte	97
 213 00bd A8       		.byte	-88
 214 00be 62       		.byte	98
 215 00bf 40       		.byte	64
 216 00c0 63       		.byte	99
 217 00c1 20       		.byte	32
 218 00c2 80       		.byte	-128
 219 00c3 1C       		.byte	28
 220 00c4 82       		.byte	-126
 221 00c5 02       		.byte	2
 222 00c6 84       		.byte	-124
 223 00c7 14       		.byte	20
 224 00c8 85       		.byte	-123
 225 00c9 02       		.byte	2
 226 00ca 89       		.byte	-119
 227 00cb 04       		.byte	4
 228 00cc 8A       		.byte	-118
ARM GAS  C:\Users\Randhir\AppData\Local\Temp\ccBcfPVe.s 			page 5


 229 00cd 03       		.byte	3
 230 00ce 8D       		.byte	-115
 231 00cf 04       		.byte	4
 232 00d0 98       		.byte	-104
 233 00d1 10       		.byte	16
 234 00d2 99       		.byte	-103
 235 00d3 04       		.byte	4
 236 00d4 9A       		.byte	-102
 237 00d5 0C       		.byte	12
 238 00d6 9F       		.byte	-97
 239 00d7 01       		.byte	1
 240 00d8 A0       		.byte	-96
 241 00d9 10       		.byte	16
 242 00da A5       		.byte	-91
 243 00db 01       		.byte	1
 244 00dc A8       		.byte	-88
 245 00dd 0C       		.byte	12
 246 00de A9       		.byte	-87
 247 00df 01       		.byte	1
 248 00e0 AA       		.byte	-86
 249 00e1 11       		.byte	17
 250 00e2 AC       		.byte	-84
 251 00e3 09       		.byte	9
 252 00e4 AE       		.byte	-82
 253 00e5 10       		.byte	16
 254 00e6 B1       		.byte	-79
 255 00e7 03       		.byte	3
 256 00e8 B2       		.byte	-78
 257 00e9 1F       		.byte	31
 258 00ea B5       		.byte	-75
 259 00eb 04       		.byte	4
 260 00ec B9       		.byte	-71
 261 00ed 02       		.byte	2
 262 00ee C0       		.byte	-64
 263 00ef 63       		.byte	99
 264 00f0 C1       		.byte	-63
 265 00f1 02       		.byte	2
 266 00f2 C5       		.byte	-59
 267 00f3 EB       		.byte	-21
 268 00f4 C7       		.byte	-57
 269 00f5 0C       		.byte	12
 270 00f6 C8       		.byte	-56
 271 00f7 13       		.byte	19
 272 00f8 C9       		.byte	-55
 273 00f9 FF       		.byte	-1
 274 00fa CA       		.byte	-54
 275 00fb FF       		.byte	-1
 276 00fc CB       		.byte	-53
 277 00fd FF       		.byte	-1
 278 00fe CE       		.byte	-50
 279 00ff F0       		.byte	-16
 280 0100 CF       		.byte	-49
 281 0101 44       		.byte	68
 282 0102 D0       		.byte	-48
 283 0103 0C       		.byte	12
 284 0104 D8       		.byte	-40
 285 0105 04       		.byte	4
ARM GAS  C:\Users\Randhir\AppData\Local\Temp\ccBcfPVe.s 			page 6


 286 0106 D9       		.byte	-39
 287 0107 04       		.byte	4
 288 0108 DA       		.byte	-38
 289 0109 04       		.byte	4
 290 010a DC       		.byte	-36
 291 010b 11       		.byte	17
 292 010c DD       		.byte	-35
 293 010d 01       		.byte	1
 294 010e DF       		.byte	-33
 295 010f 01       		.byte	1
 296 0110 E6       		.byte	-26
 297 0111 C0       		.byte	-64
 298 0112 EA       		.byte	-22
 299 0113 40       		.byte	64
 300 0114 EB       		.byte	-21
 301 0115 02       		.byte	2
 302 0116 00       		.byte	0
 303 0117 10       		.byte	16
 304 0118 01       		.byte	1
 305 0119 08       		.byte	8
 306 011a 03       		.byte	3
 307 011b 40       		.byte	64
 308 011c 04       		.byte	4
 309 011d 08       		.byte	8
 310 011e 05       		.byte	5
 311 011f 10       		.byte	16
 312 0120 07       		.byte	7
 313 0121 60       		.byte	96
 314 0122 0A       		.byte	10
 315 0123 04       		.byte	4
 316 0124 0F       		.byte	15
 317 0125 44       		.byte	68
 318 0126 10       		.byte	16
 319 0127 80       		.byte	-128
 320 0128 12       		.byte	18
 321 0129 08       		.byte	8
 322 012a 13       		.byte	19
 323 012b 40       		.byte	64
 324 012c 17       		.byte	23
 325 012d 10       		.byte	16
 326 012e 18       		.byte	24
 327 012f 10       		.byte	16
 328 0130 1D       		.byte	29
 329 0131 18       		.byte	24
 330 0132 1E       		.byte	30
 331 0133 44       		.byte	68
 332 0134 22       		.byte	34
 333 0135 12       		.byte	18
 334 0136 23       		.byte	35
 335 0137 40       		.byte	64
 336 0138 26       		.byte	38
 337 0139 08       		.byte	8
 338 013a 27       		.byte	39
 339 013b 58       		.byte	88
 340 013c 29       		.byte	41
 341 013d 14       		.byte	20
 342 013e 2C       		.byte	44
ARM GAS  C:\Users\Randhir\AppData\Local\Temp\ccBcfPVe.s 			page 7


 343 013f 80       		.byte	-128
 344 0140 2D       		.byte	45
 345 0141 04       		.byte	4
 346 0142 2F       		.byte	47
 347 0143 01       		.byte	1
 348 0144 30       		.byte	48
 349 0145 20       		.byte	32
 350 0146 33       		.byte	51
 351 0147 40       		.byte	64
 352 0148 35       		.byte	53
 353 0149 04       		.byte	4
 354 014a 36       		.byte	54
 355 014b 0A       		.byte	10
 356 014c 37       		.byte	55
 357 014d 40       		.byte	64
 358 014e 39       		.byte	57
 359 014f 58       		.byte	88
 360 0150 3B       		.byte	59
 361 0151 04       		.byte	4
 362 0152 3E       		.byte	62
 363 0153 04       		.byte	4
 364 0154 41       		.byte	65
 365 0155 04       		.byte	4
 366 0156 43       		.byte	67
 367 0157 10       		.byte	16
 368 0158 45       		.byte	69
 369 0159 08       		.byte	8
 370 015a 49       		.byte	73
 371 015b 1A       		.byte	26
 372 015c 4B       		.byte	75
 373 015d 02       		.byte	2
 374 015e 4C       		.byte	76
 375 015f 80       		.byte	-128
 376 0160 4D       		.byte	77
 377 0161 04       		.byte	4
 378 0162 4F       		.byte	79
 379 0163 04       		.byte	4
 380 0164 50       		.byte	80
 381 0165 04       		.byte	4
 382 0166 5D       		.byte	93
 383 0167 02       		.byte	2
 384 0168 5E       		.byte	94
 385 0169 40       		.byte	64
 386 016a 5F       		.byte	95
 387 016b 28       		.byte	40
 388 016c C0       		.byte	-64
 389 016d 7E       		.byte	126
 390 016e C2       		.byte	-62
 391 016f 52       		.byte	82
 392 0170 C4       		.byte	-60
 393 0171 4B       		.byte	75
 394 0172 CA       		.byte	-54
 395 0173 D6       		.byte	-42
 396 0174 CC       		.byte	-52
 397 0175 DC       		.byte	-36
 398 0176 CE       		.byte	-50
 399 0177 4E       		.byte	78
ARM GAS  C:\Users\Randhir\AppData\Local\Temp\ccBcfPVe.s 			page 8


 400 0178 D0       		.byte	-48
 401 0179 46       		.byte	70
 402 017a D2       		.byte	-46
 403 017b 04       		.byte	4
 404 017c D6       		.byte	-42
 405 017d F0       		.byte	-16
 406 017e B9       		.byte	-71
 407 017f 80       		.byte	-128
 408 0180 BF       		.byte	-65
 409 0181 40       		.byte	64
 410 0182 D9       		.byte	-39
 411 0183 04       		.byte	4
 412 0184 DF       		.byte	-33
 413 0185 01       		.byte	1
 414 0186 26       		.byte	38
 415 0187 80       		.byte	-128
 416 0188 8A       		.byte	-118
 417 0189 80       		.byte	-128
 418 018a EC       		.byte	-20
 419 018b 10       		.byte	16
 420 018c 03       		.byte	3
 421 018d 02       		.byte	2
 422 018e 08       		.byte	8
 423 018f 07       		.byte	7
 424 0190 09       		.byte	9
 425 0191 01       		.byte	1
 426 0192 0C       		.byte	12
 427 0193 07       		.byte	7
 428 0194 10       		.byte	16
 429 0195 01       		.byte	1
 430 0196 11       		.byte	17
 431 0197 01       		.byte	1
 432 0198 12       		.byte	18
 433 0199 06       		.byte	6
 434 019a 14       		.byte	20
 435 019b 06       		.byte	6
 436 019c 15       		.byte	21
 437 019d 01       		.byte	1
 438 019e 16       		.byte	22
 439 019f 01       		.byte	1
 440 01a0 1A       		.byte	26
 441 01a1 01       		.byte	1
 442 01a2 1C       		.byte	28
 443 01a3 04       		.byte	4
 444 01a4 23       		.byte	35
 445 01a5 02       		.byte	2
 446 01a6 24       		.byte	36
 447 01a7 02       		.byte	2
 448 01a8 28       		.byte	40
 449 01a9 06       		.byte	6
 450 01aa 2D       		.byte	45
 451 01ab 01       		.byte	1
 452 01ac 33       		.byte	51
 453 01ad 01       		.byte	1
 454 01ae 35       		.byte	53
 455 01af 02       		.byte	2
 456 01b0 36       		.byte	54
ARM GAS  C:\Users\Randhir\AppData\Local\Temp\ccBcfPVe.s 			page 9


 457 01b1 07       		.byte	7
 458 01b2 3B       		.byte	59
 459 01b3 80       		.byte	-128
 460 01b4 3F       		.byte	63
 461 01b5 14       		.byte	20
 462 01b6 40       		.byte	64
 463 01b7 53       		.byte	83
 464 01b8 41       		.byte	65
 465 01b9 04       		.byte	4
 466 01ba 42       		.byte	66
 467 01bb 01       		.byte	1
 468 01bc 44       		.byte	68
 469 01bd 06       		.byte	6
 470 01be 45       		.byte	69
 471 01bf CE       		.byte	-50
 472 01c0 48       		.byte	72
 473 01c1 03       		.byte	3
 474 01c2 49       		.byte	73
 475 01c3 FF       		.byte	-1
 476 01c4 4A       		.byte	74
 477 01c5 FF       		.byte	-1
 478 01c6 4B       		.byte	75
 479 01c7 FF       		.byte	-1
 480 01c8 4C       		.byte	76
 481 01c9 62       		.byte	98
 482 01ca 4D       		.byte	77
 483 01cb A0       		.byte	-96
 484 01cc 4E       		.byte	78
 485 01cd F0       		.byte	-16
 486 01ce 4F       		.byte	79
 487 01cf 41       		.byte	65
 488 01d0 50       		.byte	80
 489 01d1 0C       		.byte	12
 490 01d2 58       		.byte	88
 491 01d3 04       		.byte	4
 492 01d4 59       		.byte	89
 493 01d5 04       		.byte	4
 494 01d6 5A       		.byte	90
 495 01d7 04       		.byte	4
 496 01d8 5C       		.byte	92
 497 01d9 11       		.byte	17
 498 01da 5D       		.byte	93
 499 01db 01       		.byte	1
 500 01dc 5F       		.byte	95
 501 01dd 01       		.byte	1
 502 01de 66       		.byte	102
 503 01df 40       		.byte	64
 504 01e0 67       		.byte	103
 505 01e1 02       		.byte	2
 506 01e2 69       		.byte	105
 507 01e3 10       		.byte	16
 508 01e4 6A       		.byte	106
 509 01e5 30       		.byte	48
 510 01e6 6B       		.byte	107
 511 01e7 10       		.byte	16
 512 01e8 6D       		.byte	109
 513 01e9 10       		.byte	16
ARM GAS  C:\Users\Randhir\AppData\Local\Temp\ccBcfPVe.s 			page 10


 514 01ea 6E       		.byte	110
 515 01eb 10       		.byte	16
 516 01ec 6F       		.byte	111
 517 01ed 12       		.byte	18
 518 01ee 80       		.byte	-128
 519 01ef 28       		.byte	40
 520 01f0 82       		.byte	-126
 521 01f1 46       		.byte	70
 522 01f2 85       		.byte	-123
 523 01f3 06       		.byte	6
 524 01f4 89       		.byte	-119
 525 01f5 02       		.byte	2
 526 01f6 8D       		.byte	-115
 527 01f7 07       		.byte	7
 528 01f8 90       		.byte	-112
 529 01f9 50       		.byte	80
 530 01fa 92       		.byte	-110
 531 01fb 26       		.byte	38
 532 01fc 95       		.byte	-107
 533 01fd 06       		.byte	6
 534 01fe 97       		.byte	-105
 535 01ff 01       		.byte	1
 536 0200 9B       		.byte	-101
 537 0201 01       		.byte	1
 538 0202 9C       		.byte	-100
 539 0203 04       		.byte	4
 540 0204 9D       		.byte	-99
 541 0205 04       		.byte	4
 542 0206 9E       		.byte	-98
 543 0207 19       		.byte	25
 544 0208 A4       		.byte	-92
 545 0209 7C       		.byte	124
 546 020a A8       		.byte	-88
 547 020b 7C       		.byte	124
 548 020c A9       		.byte	-87
 549 020d 06       		.byte	6
 550 020e AB       		.byte	-85
 551 020f 01       		.byte	1
 552 0210 AD       		.byte	-83
 553 0211 01       		.byte	1
 554 0212 AF       		.byte	-81
 555 0213 06       		.byte	6
 556 0214 B0       		.byte	-80
 557 0215 60       		.byte	96
 558 0216 B3       		.byte	-77
 559 0217 07       		.byte	7
 560 0218 B4       		.byte	-76
 561 0219 03       		.byte	3
 562 021a B6       		.byte	-74
 563 021b 1C       		.byte	28
 564 021c BB       		.byte	-69
 565 021d 08       		.byte	8
 566 021e BE       		.byte	-66
 567 021f 10       		.byte	16
 568 0220 D6       		.byte	-42
 569 0221 02       		.byte	2
 570 0222 D7       		.byte	-41
ARM GAS  C:\Users\Randhir\AppData\Local\Temp\ccBcfPVe.s 			page 11


 571 0223 11       		.byte	17
 572 0224 D8       		.byte	-40
 573 0225 04       		.byte	4
 574 0226 D9       		.byte	-39
 575 0227 04       		.byte	4
 576 0228 DB       		.byte	-37
 577 0229 04       		.byte	4
 578 022a DC       		.byte	-36
 579 022b 11       		.byte	17
 580 022c DD       		.byte	-35
 581 022d 10       		.byte	16
 582 022e DF       		.byte	-33
 583 022f 01       		.byte	1
 584 0230 00       		.byte	0
 585 0231 02       		.byte	2
 586 0232 07       		.byte	7
 587 0233 05       		.byte	5
 588 0234 0A       		.byte	10
 589 0235 81       		.byte	-127
 590 0236 0C       		.byte	12
 591 0237 94       		.byte	-108
 592 0238 0D       		.byte	13
 593 0239 08       		.byte	8
 594 023a 0E       		.byte	14
 595 023b 40       		.byte	64
 596 023c 10       		.byte	16
 597 023d 20       		.byte	32
 598 023e 11       		.byte	17
 599 023f 10       		.byte	16
 600 0240 17       		.byte	23
 601 0241 28       		.byte	40
 602 0242 1A       		.byte	26
 603 0243 81       		.byte	-127
 604 0244 1B       		.byte	27
 605 0245 10       		.byte	16
 606 0246 1D       		.byte	29
 607 0247 80       		.byte	-128
 608 0248 1F       		.byte	31
 609 0249 40       		.byte	64
 610 024a 20       		.byte	32
 611 024b 20       		.byte	32
 612 024c 21       		.byte	33
 613 024d 08       		.byte	8
 614 024e 25       		.byte	37
 615 024f 10       		.byte	16
 616 0250 27       		.byte	39
 617 0251 11       		.byte	17
 618 0252 28       		.byte	40
 619 0253 04       		.byte	4
 620 0254 29       		.byte	41
 621 0255 80       		.byte	-128
 622 0256 2D       		.byte	45
 623 0257 80       		.byte	-128
 624 0258 2E       		.byte	46
 625 0259 40       		.byte	64
 626 025a 2F       		.byte	47
 627 025b 40       		.byte	64
ARM GAS  C:\Users\Randhir\AppData\Local\Temp\ccBcfPVe.s 			page 12


 628 025c 30       		.byte	48
 629 025d 80       		.byte	-128
 630 025e 32       		.byte	50
 631 025f 10       		.byte	16
 632 0260 33       		.byte	51
 633 0261 04       		.byte	4
 634 0262 37       		.byte	55
 635 0263 05       		.byte	5
 636 0264 38       		.byte	56
 637 0265 28       		.byte	40
 638 0266 3A       		.byte	58
 639 0267 40       		.byte	64
 640 0268 3C       		.byte	60
 641 0269 20       		.byte	32
 642 026a 3F       		.byte	63
 643 026b 02       		.byte	2
 644 026c 44       		.byte	68
 645 026d 10       		.byte	16
 646 026e 45       		.byte	69
 647 026f 80       		.byte	-128
 648 0270 46       		.byte	70
 649 0271 40       		.byte	64
 650 0272 47       		.byte	71
 651 0273 01       		.byte	1
 652 0274 4D       		.byte	77
 653 0275 80       		.byte	-128
 654 0276 4F       		.byte	79
 655 0277 2A       		.byte	42
 656 0278 5B       		.byte	91
 657 0279 10       		.byte	16
 658 027a 68       		.byte	104
 659 027b 20       		.byte	32
 660 027c 69       		.byte	105
 661 027d 50       		.byte	80
 662 027e 70       		.byte	112
 663 027f 94       		.byte	-108
 664 0280 72       		.byte	114
 665 0281 08       		.byte	8
 666 0282 73       		.byte	115
 667 0283 38       		.byte	56
 668 0284 81       		.byte	-127
 669 0285 10       		.byte	16
 670 0286 82       		.byte	-126
 671 0287 80       		.byte	-128
 672 0288 90       		.byte	-112
 673 0289 10       		.byte	16
 674 028a 92       		.byte	-110
 675 028b 20       		.byte	32
 676 028c 95       		.byte	-107
 677 028d 50       		.byte	80
 678 028e A4       		.byte	-92
 679 028f 20       		.byte	32
 680 0290 C0       		.byte	-64
 681 0291 C8       		.byte	-56
 682 0292 C2       		.byte	-62
 683 0293 F9       		.byte	-7
 684 0294 C4       		.byte	-60
ARM GAS  C:\Users\Randhir\AppData\Local\Temp\ccBcfPVe.s 			page 13


 685 0295 66       		.byte	102
 686 0296 CA       		.byte	-54
 687 0297 9C       		.byte	-100
 688 0298 CC       		.byte	-52
 689 0299 CE       		.byte	-50
 690 029a CE       		.byte	-50
 691 029b AE       		.byte	-82
 692 029c D0       		.byte	-48
 693 029d D0       		.byte	-48
 694 029e D2       		.byte	-46
 695 029f 30       		.byte	48
 696 02a0 D6       		.byte	-42
 697 02a1 04       		.byte	4
 698 02a2 00       		.byte	0
 699 02a3 01       		.byte	1
 700 02a4 04       		.byte	4
 701 02a5 0C       		.byte	12
 702 02a6 06       		.byte	6
 703 02a7 03       		.byte	3
 704 02a8 09       		.byte	9
 705 02a9 04       		.byte	4
 706 02aa 0C       		.byte	12
 707 02ab 03       		.byte	3
 708 02ac 0D       		.byte	13
 709 02ad 03       		.byte	3
 710 02ae 0E       		.byte	14
 711 02af 0C       		.byte	12
 712 02b0 10       		.byte	16
 713 02b1 02       		.byte	2
 714 02b2 11       		.byte	17
 715 02b3 03       		.byte	3
 716 02b4 14       		.byte	20
 717 02b5 0F       		.byte	15
 718 02b6 17       		.byte	23
 719 02b7 03       		.byte	3
 720 02b8 1A       		.byte	26
 721 02b9 03       		.byte	3
 722 02ba 1B       		.byte	27
 723 02bb 03       		.byte	3
 724 02bc 1C       		.byte	28
 725 02bd 03       		.byte	3
 726 02be 1D       		.byte	29
 727 02bf 02       		.byte	2
 728 02c0 20       		.byte	32
 729 02c1 08       		.byte	8
 730 02c2 21       		.byte	33
 731 02c3 01       		.byte	1
 732 02c4 24       		.byte	36
 733 02c5 04       		.byte	4
 734 02c6 28       		.byte	40
 735 02c7 0C       		.byte	12
 736 02c8 2B       		.byte	43
 737 02c9 03       		.byte	3
 738 02ca 2C       		.byte	44
 739 02cb 0F       		.byte	15
 740 02cc 2D       		.byte	45
 741 02cd 03       		.byte	3
ARM GAS  C:\Users\Randhir\AppData\Local\Temp\ccBcfPVe.s 			page 14


 742 02ce 31       		.byte	49
 743 02cf 03       		.byte	3
 744 02d0 33       		.byte	51
 745 02d1 04       		.byte	4
 746 02d2 36       		.byte	54
 747 02d3 0F       		.byte	15
 748 02d4 3A       		.byte	58
 749 02d5 80       		.byte	-128
 750 02d6 3F       		.byte	63
 751 02d7 04       		.byte	4
 752 02d8 58       		.byte	88
 753 02d9 04       		.byte	4
 754 02da 59       		.byte	89
 755 02db 04       		.byte	4
 756 02dc 5C       		.byte	92
 757 02dd 11       		.byte	17
 758 02de 5F       		.byte	95
 759 02df 01       		.byte	1
 760 02e0 85       		.byte	-123
 761 02e1 10       		.byte	16
 762 02e2 89       		.byte	-119
 763 02e3 30       		.byte	48
 764 02e4 8C       		.byte	-116
 765 02e5 02       		.byte	2
 766 02e6 8F       		.byte	-113
 767 02e7 08       		.byte	8
 768 02e8 91       		.byte	-111
 769 02e9 3E       		.byte	62
 770 02ea 92       		.byte	-110
 771 02eb 01       		.byte	1
 772 02ec 95       		.byte	-107
 773 02ed 38       		.byte	56
 774 02ee 96       		.byte	-106
 775 02ef 02       		.byte	2
 776 02f0 97       		.byte	-105
 777 02f1 04       		.byte	4
 778 02f2 99       		.byte	-103
 779 02f3 08       		.byte	8
 780 02f4 9A       		.byte	-102
 781 02f5 01       		.byte	1
 782 02f6 9B       		.byte	-101
 783 02f7 01       		.byte	1
 784 02f8 A0       		.byte	-96
 785 02f9 02       		.byte	2
 786 02fa A1       		.byte	-95
 787 02fb 20       		.byte	32
 788 02fc A6       		.byte	-90
 789 02fd 02       		.byte	2
 790 02fe A7       		.byte	-89
 791 02ff 06       		.byte	6
 792 0300 A9       		.byte	-87
 793 0301 38       		.byte	56
 794 0302 AB       		.byte	-85
 795 0303 02       		.byte	2
 796 0304 AD       		.byte	-83
 797 0305 0E       		.byte	14
 798 0306 AF       		.byte	-81
ARM GAS  C:\Users\Randhir\AppData\Local\Temp\ccBcfPVe.s 			page 15


 799 0307 30       		.byte	48
 800 0308 B0       		.byte	-80
 801 0309 02       		.byte	2
 802 030a B2       		.byte	-78
 803 030b 01       		.byte	1
 804 030c B5       		.byte	-75
 805 030d 3E       		.byte	62
 806 030e B7       		.byte	-73
 807 030f 01       		.byte	1
 808 0310 B8       		.byte	-72
 809 0311 02       		.byte	2
 810 0312 BB       		.byte	-69
 811 0313 20       		.byte	32
 812 0314 BE       		.byte	-66
 813 0315 04       		.byte	4
 814 0316 D4       		.byte	-44
 815 0317 18       		.byte	24
 816 0318 D8       		.byte	-40
 817 0319 04       		.byte	4
 818 031a D9       		.byte	-39
 819 031b 04       		.byte	4
 820 031c DB       		.byte	-37
 821 031d 04       		.byte	4
 822 031e DC       		.byte	-36
 823 031f 11       		.byte	17
 824 0320 DD       		.byte	-35
 825 0321 10       		.byte	16
 826 0322 DF       		.byte	-33
 827 0323 01       		.byte	1
 828 0324 00       		.byte	0
 829 0325 06       		.byte	6
 830 0326 01       		.byte	1
 831 0327 80       		.byte	-128
 832 0328 05       		.byte	5
 833 0329 80       		.byte	-128
 834 032a 08       		.byte	8
 835 032b 18       		.byte	24
 836 032c 09       		.byte	9
 837 032d 08       		.byte	8
 838 032e 0A       		.byte	10
 839 032f 83       		.byte	-125
 840 0330 0D       		.byte	13
 841 0331 08       		.byte	8
 842 0332 0E       		.byte	14
 843 0333 90       		.byte	-112
 844 0334 0F       		.byte	15
 845 0335 08       		.byte	8
 846 0336 10       		.byte	16
 847 0337 81       		.byte	-127
 848 0338 11       		.byte	17
 849 0339 04       		.byte	4
 850 033a 13       		.byte	19
 851 033b 10       		.byte	16
 852 033c 16       		.byte	22
 853 033d 40       		.byte	64
 854 033e 17       		.byte	23
 855 033f 05       		.byte	5
ARM GAS  C:\Users\Randhir\AppData\Local\Temp\ccBcfPVe.s 			page 16


 856 0340 19       		.byte	25
 857 0341 80       		.byte	-128
 858 0342 1E       		.byte	30
 859 0343 80       		.byte	-128
 860 0344 1F       		.byte	31
 861 0345 04       		.byte	4
 862 0346 22       		.byte	34
 863 0347 06       		.byte	6
 864 0348 24       		.byte	36
 865 0349 04       		.byte	4
 866 034a 25       		.byte	37
 867 034b 40       		.byte	64
 868 034c 27       		.byte	39
 869 034d 04       		.byte	4
 870 034e 28       		.byte	40
 871 034f 08       		.byte	8
 872 0350 29       		.byte	41
 873 0351 80       		.byte	-128
 874 0352 2A       		.byte	42
 875 0353 02       		.byte	2
 876 0354 2C       		.byte	44
 877 0355 80       		.byte	-128
 878 0356 2D       		.byte	45
 879 0357 80       		.byte	-128
 880 0358 2E       		.byte	46
 881 0359 10       		.byte	16
 882 035a 2F       		.byte	47
 883 035b 20       		.byte	32
 884 035c 30       		.byte	48
 885 035d 10       		.byte	16
 886 035e 32       		.byte	50
 887 035f 51       		.byte	81
 888 0360 33       		.byte	51
 889 0361 24       		.byte	36
 890 0362 34       		.byte	52
 891 0363 01       		.byte	1
 892 0364 36       		.byte	54
 893 0365 10       		.byte	16
 894 0366 37       		.byte	55
 895 0367 05       		.byte	5
 896 0368 38       		.byte	56
 897 0369 10       		.byte	16
 898 036a 3A       		.byte	58
 899 036b 40       		.byte	64
 900 036c 3D       		.byte	61
 901 036d 84       		.byte	-124
 902 036e 3E       		.byte	62
 903 036f 08       		.byte	8
 904 0370 3F       		.byte	63
 905 0371 10       		.byte	16
 906 0372 4A       		.byte	74
 907 0373 03       		.byte	3
 908 0374 5E       		.byte	94
 909 0375 02       		.byte	2
 910 0376 66       		.byte	102
 911 0377 80       		.byte	-128
 912 0378 67       		.byte	103
ARM GAS  C:\Users\Randhir\AppData\Local\Temp\ccBcfPVe.s 			page 17


 913 0379 08       		.byte	8
 914 037a 86       		.byte	-122
 915 037b 04       		.byte	4
 916 037c 88       		.byte	-120
 917 037d 01       		.byte	1
 918 037e 8A       		.byte	-118
 919 037f 12       		.byte	18
 920 0380 90       		.byte	-112
 921 0381 10       		.byte	16
 922 0382 92       		.byte	-110
 923 0383 A1       		.byte	-95
 924 0384 93       		.byte	-109
 925 0385 10       		.byte	16
 926 0386 9A       		.byte	-102
 927 0387 88       		.byte	-120
 928 0388 9B       		.byte	-101
 929 0389 01       		.byte	1
 930 038a 9C       		.byte	-100
 931 038b 10       		.byte	16
 932 038c 9D       		.byte	-99
 933 038d 80       		.byte	-128
 934 038e 9F       		.byte	-97
 935 038f 04       		.byte	4
 936 0390 A0       		.byte	-96
 937 0391 80       		.byte	-128
 938 0392 A1       		.byte	-95
 939 0393 08       		.byte	8
 940 0394 A3       		.byte	-93
 941 0395 04       		.byte	4
 942 0396 A4       		.byte	-92
 943 0397 01       		.byte	1
 944 0398 C0       		.byte	-64
 945 0399 8D       		.byte	-115
 946 039a C2       		.byte	-62
 947 039b 7F       		.byte	127
 948 039c C4       		.byte	-60
 949 039d 3F       		.byte	63
 950 039e CA       		.byte	-54
 951 039f FD       		.byte	-3
 952 03a0 CC       		.byte	-52
 953 03a1 EF       		.byte	-17
 954 03a2 CE       		.byte	-50
 955 03a3 7C       		.byte	124
 956 03a4 D6       		.byte	-42
 957 03a5 80       		.byte	-128
 958 03a6 D8       		.byte	-40
 959 03a7 30       		.byte	48
 960 03a8 E4       		.byte	-28
 961 03a9 08       		.byte	8
 962 03aa EC       		.byte	-20
 963 03ab 10       		.byte	16
 964 03ac 7C       		.byte	124
 965 03ad 20       		.byte	32
 966 03ae 88       		.byte	-120
 967 03af 20       		.byte	32
 968 03b0 DE       		.byte	-34
 969 03b1 01       		.byte	1
ARM GAS  C:\Users\Randhir\AppData\Local\Temp\ccBcfPVe.s 			page 18


 970 03b2 E0       		.byte	-32
 971 03b3 01       		.byte	1
 972 03b4 45       		.byte	69
 973 03b5 08       		.byte	8
 974 03b6 D0       		.byte	-48
 975 03b7 01       		.byte	1
 976 03b8 A5       		.byte	-91
 977 03b9 08       		.byte	8
 978 03ba 25       		.byte	37
 979 03bb 10       		.byte	16
 980 03bc C8       		.byte	-56
 981 03bd 20       		.byte	32
 982 03be B5       		.byte	-75
 983 03bf 10       		.byte	16
 984 03c0 A5       		.byte	-91
 985 03c1 08       		.byte	8
 986 03c2 10       		.byte	16
 987 03c3 40       		.byte	64
 988 03c4 74       		.byte	116
 989 03c5 01       		.byte	1
 990 03c6 84       		.byte	-124
 991 03c7 01       		.byte	1
 992 03c8 88       		.byte	-120
 993 03c9 40       		.byte	64
 994 03ca B5       		.byte	-75
 995 03cb 08       		.byte	8
 996 03cc C4       		.byte	-60
 997 03cd 08       		.byte	8
 998 03ce DE       		.byte	-34
 999 03cf 04       		.byte	4
 1000 03d0 E2       		.byte	-30
 1001 03d1 01       		.byte	1
 1002 03d2 EC       		.byte	-20
 1003 03d3 08       		.byte	8
 1004 03d4 00       		.byte	0
 1005 03d5 02       		.byte	2
 1006 03d6 0C       		.byte	12
 1007 03d7 02       		.byte	2
 1008 03d8 10       		.byte	16
 1009 03d9 02       		.byte	2
 1010 03da 1C       		.byte	28
 1011 03db 02       		.byte	2
 1012 03dc 80       		.byte	-128
 1013 03dd 80       		.byte	-128
 1014 03de 00       		.byte	0
 1015 03df 00       		.byte	0
 1016 03e0 40       		.byte	64
 1017 03e1 00       		.byte	0
 1018 03e2 00       		.byte	0
 1019 03e3 00       		.byte	0
 1020 03e4 80       		.byte	-128
 1021 03e5 00       		.byte	0
 1022 03e6 40       		.byte	64
 1023 03e7 80       		.byte	-128
 1024 03e8 80       		.byte	-128
 1025 03e9 00       		.byte	0
 1026 03ea 80       		.byte	-128
ARM GAS  C:\Users\Randhir\AppData\Local\Temp\ccBcfPVe.s 			page 19


 1027 03eb 00       		.byte	0
 1028 03ec 00       		.byte	0
 1029 03ed 00       		.byte	0
 1030 03ee 00       		.byte	0
 1031 03ef 00       		.byte	0
 1032 03f0 00       		.byte	0
 1033 03f1 00       		.byte	0
 1034 03f2 00       		.byte	0
 1035 03f3 00       		.byte	0
 1036 03f4 00       		.byte	0
 1037 03f5 00       		.byte	0
 1038 03f6 01       		.byte	1
 1039 03f7 00       		.byte	0
 1040 03f8 95       		.byte	-107
 1041 03f9 00       		.byte	0
 1042 03fa 18       		.byte	24
 1043 03fb 01       		.byte	1
 1044 03fc 0F       		.byte	15
 1045 03fd 27       		.byte	39
 1046 03fe 1B       		.byte	27
 1047 03ff 01       		.byte	1
 1048              		.global	cy_meta_custnvl
 1049              		.section	.cycustnvl,"a",%progbits
 1050              		.align	2
 1051              		.type	cy_meta_custnvl, %object
 1052              		.size	cy_meta_custnvl, 4
 1053              	cy_meta_custnvl:
 1054 0000 00       		.byte	0
 1055 0001 00       		.byte	0
 1056 0002 40       		.byte	64
 1057 0003 05       		.byte	5
 1058              		.global	cy_meta_wonvl
 1059              		.section	.cywolatch,"a",%progbits
 1060              		.align	2
 1061              		.type	cy_meta_wonvl, %object
 1062              		.size	cy_meta_wonvl, 4
 1063              	cy_meta_wonvl:
 1064 0000 BC       		.byte	-68
 1065 0001 90       		.byte	-112
 1066 0002 AC       		.byte	-84
 1067 0003 AF       		.byte	-81
 1068              		.global	cy_meta_flashprotect
 1069              		.section	.cyflashprotect,"a",%progbits
 1070              		.align	2
 1071              		.type	cy_meta_flashprotect, %object
 1072              		.size	cy_meta_flashprotect, 256
 1073              	cy_meta_flashprotect:
 1074 0000 00000000 		.space	256
 1074      00000000 
 1074      00000000 
 1074      00000000 
 1074      00000000 
 1075              		.global	cy_metadata
 1076              		.section	.cymeta,"a",%progbits
 1077              		.align	2
 1078              		.type	cy_metadata, %object
 1079              		.size	cy_metadata, 12
ARM GAS  C:\Users\Randhir\AppData\Local\Temp\ccBcfPVe.s 			page 20


 1080              	cy_metadata:
 1081 0000 00       		.byte	0
 1082 0001 01       		.byte	1
 1083 0002 2E       		.byte	46
 1084 0003 16       		.byte	22
 1085 0004 10       		.byte	16
 1086 0005 69       		.byte	105
 1087 0006 00       		.byte	0
 1088 0007 01       		.byte	1
 1089 0008 00       		.byte	0
 1090 0009 00       		.byte	0
 1091 000a 00       		.byte	0
 1092 000b 00       		.byte	0
 1093              		.text
 1094              	.Letext0:
 1095              		.file 1 ".\\Generated_Source\\PSoC5\\cymetadata.c"
 1096              		.file 2 ".\\Generated_Source\\PSoC5\\cytypes.h"
 1097              		.section	.debug_info,"",%progbits
 1098              	.Ldebug_info0:
 1099 0000 36010000 		.4byte	0x136
 1100 0004 0400     		.2byte	0x4
 1101 0006 00000000 		.4byte	.Ldebug_abbrev0
 1102 000a 04       		.byte	0x4
 1103 000b 01       		.uleb128 0x1
 1104 000c C2000000 		.4byte	.LASF18
 1105 0010 01       		.byte	0x1
 1106 0011 00000000 		.4byte	.LASF19
 1107 0015 7D010000 		.4byte	.LASF20
 1108 0019 00000000 		.4byte	.Ldebug_line0
 1109 001d 02       		.uleb128 0x2
 1110 001e 01       		.byte	0x1
 1111 001f 06       		.byte	0x6
 1112 0020 E8010000 		.4byte	.LASF0
 1113 0024 02       		.uleb128 0x2
 1114 0025 01       		.byte	0x1
 1115 0026 08       		.byte	0x8
 1116 0027 38000000 		.4byte	.LASF1
 1117 002b 02       		.uleb128 0x2
 1118 002c 02       		.byte	0x2
 1119 002d 05       		.byte	0x5
 1120 002e 72000000 		.4byte	.LASF2
 1121 0032 02       		.uleb128 0x2
 1122 0033 02       		.byte	0x2
 1123 0034 07       		.byte	0x7
 1124 0035 58000000 		.4byte	.LASF3
 1125 0039 02       		.uleb128 0x2
 1126 003a 04       		.byte	0x4
 1127 003b 05       		.byte	0x5
 1128 003c DF010000 		.4byte	.LASF4
 1129 0040 02       		.uleb128 0x2
 1130 0041 04       		.byte	0x4
 1131 0042 07       		.byte	0x7
 1132 0043 46000000 		.4byte	.LASF5
 1133 0047 02       		.uleb128 0x2
 1134 0048 08       		.byte	0x8
 1135 0049 05       		.byte	0x5
 1136 004a 6A010000 		.4byte	.LASF6
ARM GAS  C:\Users\Randhir\AppData\Local\Temp\ccBcfPVe.s 			page 21


 1137 004e 02       		.uleb128 0x2
 1138 004f 08       		.byte	0x8
 1139 0050 07       		.byte	0x7
 1140 0051 AB000000 		.4byte	.LASF7
 1141 0055 03       		.uleb128 0x3
 1142 0056 04       		.byte	0x4
 1143 0057 05       		.byte	0x5
 1144 0058 696E7400 		.ascii	"int\000"
 1145 005c 02       		.uleb128 0x2
 1146 005d 04       		.byte	0x4
 1147 005e 07       		.byte	0x7
 1148 005f 9E000000 		.4byte	.LASF8
 1149 0063 04       		.uleb128 0x4
 1150 0064 D9010000 		.4byte	.LASF21
 1151 0068 02       		.byte	0x2
 1152 0069 A1       		.byte	0xa1
 1153 006a 24000000 		.4byte	0x24
 1154 006e 02       		.uleb128 0x2
 1155 006f 04       		.byte	0x4
 1156 0070 04       		.byte	0x4
 1157 0071 32000000 		.4byte	.LASF9
 1158 0075 02       		.uleb128 0x2
 1159 0076 08       		.byte	0x8
 1160 0077 04       		.byte	0x4
 1161 0078 6B000000 		.4byte	.LASF10
 1162 007c 02       		.uleb128 0x2
 1163 007d 01       		.byte	0x1
 1164 007e 08       		.byte	0x8
 1165 007f 78010000 		.4byte	.LASF11
 1166 0083 05       		.uleb128 0x5
 1167 0084 63000000 		.4byte	0x63
 1168 0088 94000000 		.4byte	0x94
 1169 008c 06       		.uleb128 0x6
 1170 008d 94000000 		.4byte	0x94
 1171 0091 FF03     		.2byte	0x3ff
 1172 0093 00       		.byte	0
 1173 0094 02       		.uleb128 0x2
 1174 0095 04       		.byte	0x4
 1175 0096 07       		.byte	0x7
 1176 0097 61010000 		.4byte	.LASF12
 1177 009b 07       		.uleb128 0x7
 1178 009c 8C000000 		.4byte	.LASF13
 1179 00a0 01       		.byte	0x1
 1180 00a1 1C       		.byte	0x1c
 1181 00a2 AC000000 		.4byte	0xac
 1182 00a6 05       		.uleb128 0x5
 1183 00a7 03       		.byte	0x3
 1184 00a8 00000000 		.4byte	cy_meta_configecc
 1185 00ac 08       		.uleb128 0x8
 1186 00ad 83000000 		.4byte	0x83
 1187 00b1 05       		.uleb128 0x5
 1188 00b2 63000000 		.4byte	0x63
 1189 00b6 C1000000 		.4byte	0xc1
 1190 00ba 09       		.uleb128 0x9
 1191 00bb 94000000 		.4byte	0x94
 1192 00bf 03       		.byte	0x3
 1193 00c0 00       		.byte	0
ARM GAS  C:\Users\Randhir\AppData\Local\Temp\ccBcfPVe.s 			page 22


 1194 00c1 07       		.uleb128 0x7
 1195 00c2 7C000000 		.4byte	.LASF14
 1196 00c6 01       		.byte	0x1
 1197 00c7 A6       		.byte	0xa6
 1198 00c8 D2000000 		.4byte	0xd2
 1199 00cc 05       		.uleb128 0x5
 1200 00cd 03       		.byte	0x3
 1201 00ce 00000000 		.4byte	cy_meta_custnvl
 1202 00d2 08       		.uleb128 0x8
 1203 00d3 B1000000 		.4byte	0xb1
 1204 00d7 07       		.uleb128 0x7
 1205 00d8 53010000 		.4byte	.LASF15
 1206 00dc 01       		.byte	0x1
 1207 00dd B1       		.byte	0xb1
 1208 00de E8000000 		.4byte	0xe8
 1209 00e2 05       		.uleb128 0x5
 1210 00e3 03       		.byte	0x3
 1211 00e4 00000000 		.4byte	cy_meta_wonvl
 1212 00e8 08       		.uleb128 0x8
 1213 00e9 B1000000 		.4byte	0xb1
 1214 00ed 05       		.uleb128 0x5
 1215 00ee 63000000 		.4byte	0x63
 1216 00f2 FD000000 		.4byte	0xfd
 1217 00f6 09       		.uleb128 0x9
 1218 00f7 94000000 		.4byte	0x94
 1219 00fb FF       		.byte	0xff
 1220 00fc 00       		.byte	0
 1221 00fd 07       		.uleb128 0x7
 1222 00fe 3E010000 		.4byte	.LASF16
 1223 0102 01       		.byte	0x1
 1224 0103 BC       		.byte	0xbc
 1225 0104 0E010000 		.4byte	0x10e
 1226 0108 05       		.uleb128 0x5
 1227 0109 03       		.byte	0x3
 1228 010a 00000000 		.4byte	cy_meta_flashprotect
 1229 010e 08       		.uleb128 0x8
 1230 010f ED000000 		.4byte	0xed
 1231 0113 05       		.uleb128 0x5
 1232 0114 63000000 		.4byte	0x63
 1233 0118 23010000 		.4byte	0x123
 1234 011c 09       		.uleb128 0x9
 1235 011d 94000000 		.4byte	0x94
 1236 0121 0B       		.byte	0xb
 1237 0122 00       		.byte	0
 1238 0123 07       		.uleb128 0x7
 1239 0124 26000000 		.4byte	.LASF17
 1240 0128 01       		.byte	0x1
 1241 0129 E6       		.byte	0xe6
 1242 012a 34010000 		.4byte	0x134
 1243 012e 05       		.uleb128 0x5
 1244 012f 03       		.byte	0x3
 1245 0130 00000000 		.4byte	cy_metadata
 1246 0134 08       		.uleb128 0x8
 1247 0135 13010000 		.4byte	0x113
 1248 0139 00       		.byte	0
 1249              		.section	.debug_abbrev,"",%progbits
 1250              	.Ldebug_abbrev0:
ARM GAS  C:\Users\Randhir\AppData\Local\Temp\ccBcfPVe.s 			page 23


 1251 0000 01       		.uleb128 0x1
 1252 0001 11       		.uleb128 0x11
 1253 0002 01       		.byte	0x1
 1254 0003 25       		.uleb128 0x25
 1255 0004 0E       		.uleb128 0xe
 1256 0005 13       		.uleb128 0x13
 1257 0006 0B       		.uleb128 0xb
 1258 0007 03       		.uleb128 0x3
 1259 0008 0E       		.uleb128 0xe
 1260 0009 1B       		.uleb128 0x1b
 1261 000a 0E       		.uleb128 0xe
 1262 000b 10       		.uleb128 0x10
 1263 000c 17       		.uleb128 0x17
 1264 000d 00       		.byte	0
 1265 000e 00       		.byte	0
 1266 000f 02       		.uleb128 0x2
 1267 0010 24       		.uleb128 0x24
 1268 0011 00       		.byte	0
 1269 0012 0B       		.uleb128 0xb
 1270 0013 0B       		.uleb128 0xb
 1271 0014 3E       		.uleb128 0x3e
 1272 0015 0B       		.uleb128 0xb
 1273 0016 03       		.uleb128 0x3
 1274 0017 0E       		.uleb128 0xe
 1275 0018 00       		.byte	0
 1276 0019 00       		.byte	0
 1277 001a 03       		.uleb128 0x3
 1278 001b 24       		.uleb128 0x24
 1279 001c 00       		.byte	0
 1280 001d 0B       		.uleb128 0xb
 1281 001e 0B       		.uleb128 0xb
 1282 001f 3E       		.uleb128 0x3e
 1283 0020 0B       		.uleb128 0xb
 1284 0021 03       		.uleb128 0x3
 1285 0022 08       		.uleb128 0x8
 1286 0023 00       		.byte	0
 1287 0024 00       		.byte	0
 1288 0025 04       		.uleb128 0x4
 1289 0026 16       		.uleb128 0x16
 1290 0027 00       		.byte	0
 1291 0028 03       		.uleb128 0x3
 1292 0029 0E       		.uleb128 0xe
 1293 002a 3A       		.uleb128 0x3a
 1294 002b 0B       		.uleb128 0xb
 1295 002c 3B       		.uleb128 0x3b
 1296 002d 0B       		.uleb128 0xb
 1297 002e 49       		.uleb128 0x49
 1298 002f 13       		.uleb128 0x13
 1299 0030 00       		.byte	0
 1300 0031 00       		.byte	0
 1301 0032 05       		.uleb128 0x5
 1302 0033 01       		.uleb128 0x1
 1303 0034 01       		.byte	0x1
 1304 0035 49       		.uleb128 0x49
 1305 0036 13       		.uleb128 0x13
 1306 0037 01       		.uleb128 0x1
 1307 0038 13       		.uleb128 0x13
ARM GAS  C:\Users\Randhir\AppData\Local\Temp\ccBcfPVe.s 			page 24


 1308 0039 00       		.byte	0
 1309 003a 00       		.byte	0
 1310 003b 06       		.uleb128 0x6
 1311 003c 21       		.uleb128 0x21
 1312 003d 00       		.byte	0
 1313 003e 49       		.uleb128 0x49
 1314 003f 13       		.uleb128 0x13
 1315 0040 2F       		.uleb128 0x2f
 1316 0041 05       		.uleb128 0x5
 1317 0042 00       		.byte	0
 1318 0043 00       		.byte	0
 1319 0044 07       		.uleb128 0x7
 1320 0045 34       		.uleb128 0x34
 1321 0046 00       		.byte	0
 1322 0047 03       		.uleb128 0x3
 1323 0048 0E       		.uleb128 0xe
 1324 0049 3A       		.uleb128 0x3a
 1325 004a 0B       		.uleb128 0xb
 1326 004b 3B       		.uleb128 0x3b
 1327 004c 0B       		.uleb128 0xb
 1328 004d 49       		.uleb128 0x49
 1329 004e 13       		.uleb128 0x13
 1330 004f 3F       		.uleb128 0x3f
 1331 0050 19       		.uleb128 0x19
 1332 0051 02       		.uleb128 0x2
 1333 0052 18       		.uleb128 0x18
 1334 0053 00       		.byte	0
 1335 0054 00       		.byte	0
 1336 0055 08       		.uleb128 0x8
 1337 0056 26       		.uleb128 0x26
 1338 0057 00       		.byte	0
 1339 0058 49       		.uleb128 0x49
 1340 0059 13       		.uleb128 0x13
 1341 005a 00       		.byte	0
 1342 005b 00       		.byte	0
 1343 005c 09       		.uleb128 0x9
 1344 005d 21       		.uleb128 0x21
 1345 005e 00       		.byte	0
 1346 005f 49       		.uleb128 0x49
 1347 0060 13       		.uleb128 0x13
 1348 0061 2F       		.uleb128 0x2f
 1349 0062 0B       		.uleb128 0xb
 1350 0063 00       		.byte	0
 1351 0064 00       		.byte	0
 1352 0065 00       		.byte	0
 1353              		.section	.debug_aranges,"",%progbits
 1354 0000 14000000 		.4byte	0x14
 1355 0004 0200     		.2byte	0x2
 1356 0006 00000000 		.4byte	.Ldebug_info0
 1357 000a 04       		.byte	0x4
 1358 000b 00       		.byte	0
 1359 000c 0000     		.2byte	0
 1360 000e 0000     		.2byte	0
 1361 0010 00000000 		.4byte	0
 1362 0014 00000000 		.4byte	0
 1363              		.section	.debug_line,"",%progbits
 1364              	.Ldebug_line0:
ARM GAS  C:\Users\Randhir\AppData\Local\Temp\ccBcfPVe.s 			page 25


 1365 0000 4F000000 		.section	.debug_str,"MS",%progbits,1
 1365      02004900 
 1365      00000201 
 1365      FB0E0D00 
 1365      01010101 
 1366              	.LASF19:
 1367 0000 2E5C4765 		.ascii	".\\Generated_Source\\PSoC5\\cymetadata.c\000"
 1367      6E657261 
 1367      7465645F 
 1367      536F7572 
 1367      63655C50 
 1368              	.LASF17:
 1369 0026 63795F6D 		.ascii	"cy_metadata\000"
 1369      65746164 
 1369      61746100 
 1370              	.LASF9:
 1371 0032 666C6F61 		.ascii	"float\000"
 1371      7400
 1372              	.LASF1:
 1373 0038 756E7369 		.ascii	"unsigned char\000"
 1373      676E6564 
 1373      20636861 
 1373      7200
 1374              	.LASF5:
 1375 0046 6C6F6E67 		.ascii	"long unsigned int\000"
 1375      20756E73 
 1375      69676E65 
 1375      6420696E 
 1375      7400
 1376              	.LASF3:
 1377 0058 73686F72 		.ascii	"short unsigned int\000"
 1377      7420756E 
 1377      7369676E 
 1377      65642069 
 1377      6E7400
 1378              	.LASF10:
 1379 006b 646F7562 		.ascii	"double\000"
 1379      6C6500
 1380              	.LASF2:
 1381 0072 73686F72 		.ascii	"short int\000"
 1381      7420696E 
 1381      7400
 1382              	.LASF14:
 1383 007c 63795F6D 		.ascii	"cy_meta_custnvl\000"
 1383      6574615F 
 1383      63757374 
 1383      6E766C00 
 1384              	.LASF13:
 1385 008c 63795F6D 		.ascii	"cy_meta_configecc\000"
 1385      6574615F 
 1385      636F6E66 
 1385      69676563 
 1385      6300
 1386              	.LASF8:
 1387 009e 756E7369 		.ascii	"unsigned int\000"
 1387      676E6564 
 1387      20696E74 
ARM GAS  C:\Users\Randhir\AppData\Local\Temp\ccBcfPVe.s 			page 26


 1387      00
 1388              	.LASF7:
 1389 00ab 6C6F6E67 		.ascii	"long long unsigned int\000"
 1389      206C6F6E 
 1389      6720756E 
 1389      7369676E 
 1389      65642069 
 1390              	.LASF18:
 1391 00c2 474E5520 		.ascii	"GNU C 4.8.4 20140526 (release) [ARM/embedded-4_8-br"
 1391      4320342E 
 1391      382E3420 
 1391      32303134 
 1391      30353236 
 1392 00f5 616E6368 		.ascii	"anch revision 211358] -mcpu=cortex-m3 -mthumb -g -O"
 1392      20726576 
 1392      6973696F 
 1392      6E203231 
 1392      31333538 
 1393 0128 30202D66 		.ascii	"0 -ffunction-sections\000"
 1393      66756E63 
 1393      74696F6E 
 1393      2D736563 
 1393      74696F6E 
 1394              	.LASF16:
 1395 013e 63795F6D 		.ascii	"cy_meta_flashprotect\000"
 1395      6574615F 
 1395      666C6173 
 1395      6870726F 
 1395      74656374 
 1396              	.LASF15:
 1397 0153 63795F6D 		.ascii	"cy_meta_wonvl\000"
 1397      6574615F 
 1397      776F6E76 
 1397      6C00
 1398              	.LASF12:
 1399 0161 73697A65 		.ascii	"sizetype\000"
 1399      74797065 
 1399      00
 1400              	.LASF6:
 1401 016a 6C6F6E67 		.ascii	"long long int\000"
 1401      206C6F6E 
 1401      6720696E 
 1401      7400
 1402              	.LASF11:
 1403 0178 63686172 		.ascii	"char\000"
 1403      00
 1404              	.LASF20:
 1405 017d 433A5C55 		.ascii	"C:\\Users\\Randhir\\Desktop\\Project\\Assignment\\C"
 1405      73657273 
 1405      5C52616E 
 1405      64686972 
 1405      5C446573 
 1406 01aa 45393532 		.ascii	"E95277 ADC and UART\\CE95277 ADC and UART.cydsn\000"
 1406      37372041 
 1406      44432061 
 1406      6E642055 
 1406      4152545C 
ARM GAS  C:\Users\Randhir\AppData\Local\Temp\ccBcfPVe.s 			page 27


 1407              	.LASF21:
 1408 01d9 75696E74 		.ascii	"uint8\000"
 1408      3800
 1409              	.LASF4:
 1410 01df 6C6F6E67 		.ascii	"long int\000"
 1410      20696E74 
 1410      00
 1411              	.LASF0:
 1412 01e8 7369676E 		.ascii	"signed char\000"
 1412      65642063 
 1412      68617200 
 1413              		.ident	"GCC: (GNU Tools for ARM Embedded Processors) 4.8.4 20140526 (release) [ARM/embedded-4_8-br
