ARM GAS  C:\Users\Randhir\AppData\Local\Temp\ccLEGzMc.s 			page 1


   1              		.syntax unified
   2              		.cpu cortex-m3
   3              		.fpu softvfp
   4              		.eabi_attribute 20, 1
   5              		.eabi_attribute 21, 1
   6              		.eabi_attribute 23, 3
   7              		.eabi_attribute 24, 1
   8              		.eabi_attribute 25, 1
   9              		.eabi_attribute 26, 1
  10              		.eabi_attribute 30, 6
  11              		.eabi_attribute 34, 1
  12              		.eabi_attribute 18, 4
  13              		.thumb
  14              		.file	"Sample_Hold_1_PM.c"
  15              		.text
  16              	.Ltext0:
  17              		.cfi_sections	.debug_frame
  18              		.bss
  19              		.align	2
  20              	Sample_Hold_1_backup:
  21 0000 00000000 		.space	4
  22              		.section	.text.Sample_Hold_1_SaveConfig,"ax",%progbits
  23              		.align	2
  24              		.global	Sample_Hold_1_SaveConfig
  25              		.thumb
  26              		.thumb_func
  27              		.type	Sample_Hold_1_SaveConfig, %function
  28              	Sample_Hold_1_SaveConfig:
  29              	.LFB0:
  30              		.file 1 ".\\Generated_Source\\PSoC5\\Sample_Hold_1_PM.c"
   1:.\Generated_Source\PSoC5/Sample_Hold_1_PM.c **** /*******************************************************************************
   2:.\Generated_Source\PSoC5/Sample_Hold_1_PM.c **** * File Name: Sample_Hold_1.c
   3:.\Generated_Source\PSoC5/Sample_Hold_1_PM.c **** * Version 1.40
   4:.\Generated_Source\PSoC5/Sample_Hold_1_PM.c **** *
   5:.\Generated_Source\PSoC5/Sample_Hold_1_PM.c **** * Description:
   6:.\Generated_Source\PSoC5/Sample_Hold_1_PM.c **** *  This file provides the power manager source code to the API for 
   7:.\Generated_Source\PSoC5/Sample_Hold_1_PM.c **** *  the SAMPLE/TRACK AND HOLD component.
   8:.\Generated_Source\PSoC5/Sample_Hold_1_PM.c **** *
   9:.\Generated_Source\PSoC5/Sample_Hold_1_PM.c **** * Note:
  10:.\Generated_Source\PSoC5/Sample_Hold_1_PM.c **** *  None
  11:.\Generated_Source\PSoC5/Sample_Hold_1_PM.c **** *
  12:.\Generated_Source\PSoC5/Sample_Hold_1_PM.c **** ********************************************************************************
  13:.\Generated_Source\PSoC5/Sample_Hold_1_PM.c **** * Copyright 2008-2012, Cypress Semiconductor Corporation.  All rights reserved.
  14:.\Generated_Source\PSoC5/Sample_Hold_1_PM.c **** * You may use this file only in accordance with the license, terms, conditions, 
  15:.\Generated_Source\PSoC5/Sample_Hold_1_PM.c **** * disclaimers, and limitations in the end user license agreement accompanying 
  16:.\Generated_Source\PSoC5/Sample_Hold_1_PM.c **** * the software package with which this file was provided.
  17:.\Generated_Source\PSoC5/Sample_Hold_1_PM.c **** *******************************************************************************/
  18:.\Generated_Source\PSoC5/Sample_Hold_1_PM.c **** 
  19:.\Generated_Source\PSoC5/Sample_Hold_1_PM.c **** #include "Sample_Hold_1.h"
  20:.\Generated_Source\PSoC5/Sample_Hold_1_PM.c **** 
  21:.\Generated_Source\PSoC5/Sample_Hold_1_PM.c **** static Sample_Hold_1_backupStruct  Sample_Hold_1_backup;
  22:.\Generated_Source\PSoC5/Sample_Hold_1_PM.c **** 
  23:.\Generated_Source\PSoC5/Sample_Hold_1_PM.c **** 
  24:.\Generated_Source\PSoC5/Sample_Hold_1_PM.c **** /*******************************************************************************
  25:.\Generated_Source\PSoC5/Sample_Hold_1_PM.c **** * Function Name: Sample_Hold_1_SaveConfig
  26:.\Generated_Source\PSoC5/Sample_Hold_1_PM.c **** ********************************************************************************
  27:.\Generated_Source\PSoC5/Sample_Hold_1_PM.c **** *
ARM GAS  C:\Users\Randhir\AppData\Local\Temp\ccLEGzMc.s 			page 2


  28:.\Generated_Source\PSoC5/Sample_Hold_1_PM.c **** * Summary:
  29:.\Generated_Source\PSoC5/Sample_Hold_1_PM.c **** *  Saves the current user configuration.
  30:.\Generated_Source\PSoC5/Sample_Hold_1_PM.c **** *  
  31:.\Generated_Source\PSoC5/Sample_Hold_1_PM.c **** * Parameters:  
  32:.\Generated_Source\PSoC5/Sample_Hold_1_PM.c **** *  void.
  33:.\Generated_Source\PSoC5/Sample_Hold_1_PM.c **** *
  34:.\Generated_Source\PSoC5/Sample_Hold_1_PM.c **** * Return: 
  35:.\Generated_Source\PSoC5/Sample_Hold_1_PM.c **** *  void.
  36:.\Generated_Source\PSoC5/Sample_Hold_1_PM.c **** *
  37:.\Generated_Source\PSoC5/Sample_Hold_1_PM.c **** *******************************************************************************/
  38:.\Generated_Source\PSoC5/Sample_Hold_1_PM.c **** void Sample_Hold_1_SaveConfig(void) 
  39:.\Generated_Source\PSoC5/Sample_Hold_1_PM.c **** {
  31              		.loc 1 39 0
  32              		.cfi_startproc
  33              		@ args = 0, pretend = 0, frame = 0
  34              		@ frame_needed = 1, uses_anonymous_args = 0
  35              		@ link register save eliminated.
  36 0000 80B4     		push	{r7}
  37              		.cfi_def_cfa_offset 4
  38              		.cfi_offset 7, -4
  39 0002 00AF     		add	r7, sp, #0
  40              		.cfi_def_cfa_register 7
  40:.\Generated_Source\PSoC5/Sample_Hold_1_PM.c ****     /* Nothing to save before entering into sleep mode as all the registers used 
  41:.\Generated_Source\PSoC5/Sample_Hold_1_PM.c ****        here are retention registers. */
  42:.\Generated_Source\PSoC5/Sample_Hold_1_PM.c **** }
  41              		.loc 1 42 0
  42 0004 BD46     		mov	sp, r7
  43              		@ sp needed
  44 0006 5DF8047B 		ldr	r7, [sp], #4
  45 000a 7047     		bx	lr
  46              		.cfi_endproc
  47              	.LFE0:
  48              		.size	Sample_Hold_1_SaveConfig, .-Sample_Hold_1_SaveConfig
  49              		.section	.text.Sample_Hold_1_RestoreConfig,"ax",%progbits
  50              		.align	2
  51              		.global	Sample_Hold_1_RestoreConfig
  52              		.thumb
  53              		.thumb_func
  54              		.type	Sample_Hold_1_RestoreConfig, %function
  55              	Sample_Hold_1_RestoreConfig:
  56              	.LFB1:
  43:.\Generated_Source\PSoC5/Sample_Hold_1_PM.c **** 
  44:.\Generated_Source\PSoC5/Sample_Hold_1_PM.c **** 
  45:.\Generated_Source\PSoC5/Sample_Hold_1_PM.c **** /*******************************************************************************
  46:.\Generated_Source\PSoC5/Sample_Hold_1_PM.c **** * Function Name: Sample_Hold_1_RestoreConfig
  47:.\Generated_Source\PSoC5/Sample_Hold_1_PM.c **** ********************************************************************************
  48:.\Generated_Source\PSoC5/Sample_Hold_1_PM.c **** *
  49:.\Generated_Source\PSoC5/Sample_Hold_1_PM.c **** * Summary:
  50:.\Generated_Source\PSoC5/Sample_Hold_1_PM.c **** *  Restores the current user configuration.
  51:.\Generated_Source\PSoC5/Sample_Hold_1_PM.c **** *
  52:.\Generated_Source\PSoC5/Sample_Hold_1_PM.c **** * Parameters:  
  53:.\Generated_Source\PSoC5/Sample_Hold_1_PM.c **** *  void.
  54:.\Generated_Source\PSoC5/Sample_Hold_1_PM.c **** *
  55:.\Generated_Source\PSoC5/Sample_Hold_1_PM.c **** * Return: 
  56:.\Generated_Source\PSoC5/Sample_Hold_1_PM.c **** *  void
  57:.\Generated_Source\PSoC5/Sample_Hold_1_PM.c **** *
  58:.\Generated_Source\PSoC5/Sample_Hold_1_PM.c **** *******************************************************************************/
ARM GAS  C:\Users\Randhir\AppData\Local\Temp\ccLEGzMc.s 			page 3


  59:.\Generated_Source\PSoC5/Sample_Hold_1_PM.c **** void Sample_Hold_1_RestoreConfig(void) 
  60:.\Generated_Source\PSoC5/Sample_Hold_1_PM.c **** {
  57              		.loc 1 60 0
  58              		.cfi_startproc
  59              		@ args = 0, pretend = 0, frame = 0
  60              		@ frame_needed = 1, uses_anonymous_args = 0
  61              		@ link register save eliminated.
  62 0000 80B4     		push	{r7}
  63              		.cfi_def_cfa_offset 4
  64              		.cfi_offset 7, -4
  65 0002 00AF     		add	r7, sp, #0
  66              		.cfi_def_cfa_register 7
  61:.\Generated_Source\PSoC5/Sample_Hold_1_PM.c ****     /* Nothing to restore */
  62:.\Generated_Source\PSoC5/Sample_Hold_1_PM.c **** }
  67              		.loc 1 62 0
  68 0004 BD46     		mov	sp, r7
  69              		@ sp needed
  70 0006 5DF8047B 		ldr	r7, [sp], #4
  71 000a 7047     		bx	lr
  72              		.cfi_endproc
  73              	.LFE1:
  74              		.size	Sample_Hold_1_RestoreConfig, .-Sample_Hold_1_RestoreConfig
  75              		.section	.text.Sample_Hold_1_Sleep,"ax",%progbits
  76              		.align	2
  77              		.global	Sample_Hold_1_Sleep
  78              		.thumb
  79              		.thumb_func
  80              		.type	Sample_Hold_1_Sleep, %function
  81              	Sample_Hold_1_Sleep:
  82              	.LFB2:
  63:.\Generated_Source\PSoC5/Sample_Hold_1_PM.c **** 
  64:.\Generated_Source\PSoC5/Sample_Hold_1_PM.c **** 
  65:.\Generated_Source\PSoC5/Sample_Hold_1_PM.c **** /*******************************************************************************
  66:.\Generated_Source\PSoC5/Sample_Hold_1_PM.c **** * Function Name: Sample_Hold_1_Sleep
  67:.\Generated_Source\PSoC5/Sample_Hold_1_PM.c **** ********************************************************************************
  68:.\Generated_Source\PSoC5/Sample_Hold_1_PM.c **** *
  69:.\Generated_Source\PSoC5/Sample_Hold_1_PM.c **** * Summary:
  70:.\Generated_Source\PSoC5/Sample_Hold_1_PM.c **** *  Disables block's operation and saves its configuration. Should be called 
  71:.\Generated_Source\PSoC5/Sample_Hold_1_PM.c **** *  just prior to entering sleep.
  72:.\Generated_Source\PSoC5/Sample_Hold_1_PM.c **** *  
  73:.\Generated_Source\PSoC5/Sample_Hold_1_PM.c **** * Parameters:  
  74:.\Generated_Source\PSoC5/Sample_Hold_1_PM.c **** *  None
  75:.\Generated_Source\PSoC5/Sample_Hold_1_PM.c **** *
  76:.\Generated_Source\PSoC5/Sample_Hold_1_PM.c **** * Return: 
  77:.\Generated_Source\PSoC5/Sample_Hold_1_PM.c **** *  None
  78:.\Generated_Source\PSoC5/Sample_Hold_1_PM.c **** *
  79:.\Generated_Source\PSoC5/Sample_Hold_1_PM.c **** * Global variables:
  80:.\Generated_Source\PSoC5/Sample_Hold_1_PM.c **** *  Sample_Hold_1_backup:  The structure field 'enableState' is modified 
  81:.\Generated_Source\PSoC5/Sample_Hold_1_PM.c **** *  depending on the enable state of the block before entering to sleep mode.
  82:.\Generated_Source\PSoC5/Sample_Hold_1_PM.c **** *
  83:.\Generated_Source\PSoC5/Sample_Hold_1_PM.c **** *******************************************************************************/
  84:.\Generated_Source\PSoC5/Sample_Hold_1_PM.c **** void Sample_Hold_1_Sleep(void) 
  85:.\Generated_Source\PSoC5/Sample_Hold_1_PM.c **** {
  83              		.loc 1 85 0
  84              		.cfi_startproc
  85              		@ args = 0, pretend = 0, frame = 0
  86              		@ frame_needed = 1, uses_anonymous_args = 0
ARM GAS  C:\Users\Randhir\AppData\Local\Temp\ccLEGzMc.s 			page 4


  87 0000 80B5     		push	{r7, lr}
  88              		.cfi_def_cfa_offset 8
  89              		.cfi_offset 7, -8
  90              		.cfi_offset 14, -4
  91 0002 00AF     		add	r7, sp, #0
  92              		.cfi_def_cfa_register 7
  86:.\Generated_Source\PSoC5/Sample_Hold_1_PM.c ****     /* Save TIA enable state */
  87:.\Generated_Source\PSoC5/Sample_Hold_1_PM.c ****     if((Sample_Hold_1_PM_ACT_CFG_REG & Sample_Hold_1_ACT_PWR_EN) != 0u)
  93              		.loc 1 87 0
  94 0004 094B     		ldr	r3, .L6
  95 0006 1B78     		ldrb	r3, [r3]
  96 0008 DBB2     		uxtb	r3, r3
  97 000a 03F00103 		and	r3, r3, #1
  98 000e 002B     		cmp	r3, #0
  99 0010 05D0     		beq	.L4
  88:.\Generated_Source\PSoC5/Sample_Hold_1_PM.c ****     {
  89:.\Generated_Source\PSoC5/Sample_Hold_1_PM.c ****         /* Component is enabled */
  90:.\Generated_Source\PSoC5/Sample_Hold_1_PM.c ****         Sample_Hold_1_backup.enableState = 1u;
 100              		.loc 1 90 0
 101 0012 074B     		ldr	r3, .L6+4
 102 0014 0122     		movs	r2, #1
 103 0016 1A70     		strb	r2, [r3]
  91:.\Generated_Source\PSoC5/Sample_Hold_1_PM.c ****         /* Stop the configuration */
  92:.\Generated_Source\PSoC5/Sample_Hold_1_PM.c ****         Sample_Hold_1_Stop();
 104              		.loc 1 92 0
 105 0018 FFF7FEFF 		bl	Sample_Hold_1_Stop
 106 001c 02E0     		b	.L5
 107              	.L4:
  93:.\Generated_Source\PSoC5/Sample_Hold_1_PM.c ****     }
  94:.\Generated_Source\PSoC5/Sample_Hold_1_PM.c ****     else
  95:.\Generated_Source\PSoC5/Sample_Hold_1_PM.c ****     {
  96:.\Generated_Source\PSoC5/Sample_Hold_1_PM.c ****         /* Component is disabled */
  97:.\Generated_Source\PSoC5/Sample_Hold_1_PM.c ****         Sample_Hold_1_backup.enableState = 0u;
 108              		.loc 1 97 0
 109 001e 044B     		ldr	r3, .L6+4
 110 0020 0022     		movs	r2, #0
 111 0022 1A70     		strb	r2, [r3]
 112              	.L5:
  98:.\Generated_Source\PSoC5/Sample_Hold_1_PM.c ****     }
  99:.\Generated_Source\PSoC5/Sample_Hold_1_PM.c ****     /* Saves the user configuration */
 100:.\Generated_Source\PSoC5/Sample_Hold_1_PM.c ****     Sample_Hold_1_SaveConfig();
 113              		.loc 1 100 0
 114 0024 FFF7FEFF 		bl	Sample_Hold_1_SaveConfig
 101:.\Generated_Source\PSoC5/Sample_Hold_1_PM.c **** }
 115              		.loc 1 101 0
 116 0028 80BD     		pop	{r7, pc}
 117              	.L7:
 118 002a 00BF     		.align	2
 119              	.L6:
 120 002c A9430040 		.word	1073759145
 121 0030 00000000 		.word	Sample_Hold_1_backup
 122              		.cfi_endproc
 123              	.LFE2:
 124              		.size	Sample_Hold_1_Sleep, .-Sample_Hold_1_Sleep
 125              		.section	.text.Sample_Hold_1_Wakeup,"ax",%progbits
 126              		.align	2
 127              		.global	Sample_Hold_1_Wakeup
ARM GAS  C:\Users\Randhir\AppData\Local\Temp\ccLEGzMc.s 			page 5


 128              		.thumb
 129              		.thumb_func
 130              		.type	Sample_Hold_1_Wakeup, %function
 131              	Sample_Hold_1_Wakeup:
 132              	.LFB3:
 102:.\Generated_Source\PSoC5/Sample_Hold_1_PM.c **** 
 103:.\Generated_Source\PSoC5/Sample_Hold_1_PM.c **** 
 104:.\Generated_Source\PSoC5/Sample_Hold_1_PM.c **** /*******************************************************************************
 105:.\Generated_Source\PSoC5/Sample_Hold_1_PM.c **** * Function Name: Sample_Hold_1_Wakeup
 106:.\Generated_Source\PSoC5/Sample_Hold_1_PM.c **** ********************************************************************************
 107:.\Generated_Source\PSoC5/Sample_Hold_1_PM.c **** *
 108:.\Generated_Source\PSoC5/Sample_Hold_1_PM.c **** * Summary:
 109:.\Generated_Source\PSoC5/Sample_Hold_1_PM.c **** *  Enables block's operation and restores its configuration. Should be called
 110:.\Generated_Source\PSoC5/Sample_Hold_1_PM.c **** *  just after awaking from sleep.
 111:.\Generated_Source\PSoC5/Sample_Hold_1_PM.c **** *  
 112:.\Generated_Source\PSoC5/Sample_Hold_1_PM.c **** * Parameters:  
 113:.\Generated_Source\PSoC5/Sample_Hold_1_PM.c **** *  None
 114:.\Generated_Source\PSoC5/Sample_Hold_1_PM.c **** *
 115:.\Generated_Source\PSoC5/Sample_Hold_1_PM.c **** * Return: 
 116:.\Generated_Source\PSoC5/Sample_Hold_1_PM.c **** *  void
 117:.\Generated_Source\PSoC5/Sample_Hold_1_PM.c **** *
 118:.\Generated_Source\PSoC5/Sample_Hold_1_PM.c **** * Global variables:
 119:.\Generated_Source\PSoC5/Sample_Hold_1_PM.c **** *  Sample_Hold_1_backup:  The structure field 'enableState' is used to 
 120:.\Generated_Source\PSoC5/Sample_Hold_1_PM.c **** *  restore the enable state of block after wakeup from sleep mode.
 121:.\Generated_Source\PSoC5/Sample_Hold_1_PM.c **** *
 122:.\Generated_Source\PSoC5/Sample_Hold_1_PM.c **** *******************************************************************************/
 123:.\Generated_Source\PSoC5/Sample_Hold_1_PM.c **** void Sample_Hold_1_Wakeup(void) 
 124:.\Generated_Source\PSoC5/Sample_Hold_1_PM.c **** {
 133              		.loc 1 124 0
 134              		.cfi_startproc
 135              		@ args = 0, pretend = 0, frame = 0
 136              		@ frame_needed = 1, uses_anonymous_args = 0
 137 0000 80B5     		push	{r7, lr}
 138              		.cfi_def_cfa_offset 8
 139              		.cfi_offset 7, -8
 140              		.cfi_offset 14, -4
 141 0002 00AF     		add	r7, sp, #0
 142              		.cfi_def_cfa_register 7
 125:.\Generated_Source\PSoC5/Sample_Hold_1_PM.c ****     /* Restore the user configuration */
 126:.\Generated_Source\PSoC5/Sample_Hold_1_PM.c ****     Sample_Hold_1_RestoreConfig();
 143              		.loc 1 126 0
 144 0004 FFF7FEFF 		bl	Sample_Hold_1_RestoreConfig
 127:.\Generated_Source\PSoC5/Sample_Hold_1_PM.c ****     
 128:.\Generated_Source\PSoC5/Sample_Hold_1_PM.c ****     /* Enable's the component operation */
 129:.\Generated_Source\PSoC5/Sample_Hold_1_PM.c ****     if(Sample_Hold_1_backup.enableState == 1u)
 145              		.loc 1 129 0
 146 0008 034B     		ldr	r3, .L10
 147 000a 1B78     		ldrb	r3, [r3]	@ zero_extendqisi2
 148 000c 012B     		cmp	r3, #1
 149 000e 01D1     		bne	.L8
 130:.\Generated_Source\PSoC5/Sample_Hold_1_PM.c ****     {
 131:.\Generated_Source\PSoC5/Sample_Hold_1_PM.c ****         Sample_Hold_1_Enable();
 150              		.loc 1 131 0
 151 0010 FFF7FEFF 		bl	Sample_Hold_1_Enable
 152              	.L8:
 132:.\Generated_Source\PSoC5/Sample_Hold_1_PM.c ****     } /* Do nothing if component was disable before */
 133:.\Generated_Source\PSoC5/Sample_Hold_1_PM.c **** }
ARM GAS  C:\Users\Randhir\AppData\Local\Temp\ccLEGzMc.s 			page 6


 153              		.loc 1 133 0
 154 0014 80BD     		pop	{r7, pc}
 155              	.L11:
 156 0016 00BF     		.align	2
 157              	.L10:
 158 0018 00000000 		.word	Sample_Hold_1_backup
 159              		.cfi_endproc
 160              	.LFE3:
 161              		.size	Sample_Hold_1_Wakeup, .-Sample_Hold_1_Wakeup
 162              		.text
 163              	.Letext0:
 164              		.file 2 ".\\Generated_Source\\PSoC5\\cytypes.h"
 165              		.file 3 ".\\Generated_Source\\PSoC5\\Sample_Hold_1.h"
 166              		.section	.debug_info,"",%progbits
 167              	.Ldebug_info0:
 168 0000 39010000 		.4byte	0x139
 169 0004 0400     		.2byte	0x4
 170 0006 00000000 		.4byte	.Ldebug_abbrev0
 171 000a 04       		.byte	0x4
 172 000b 01       		.uleb128 0x1
 173 000c B2010000 		.4byte	.LASF24
 174 0010 01       		.byte	0x1
 175 0011 37020000 		.4byte	.LASF25
 176 0015 4C010000 		.4byte	.LASF26
 177 0019 00000000 		.4byte	.Ldebug_ranges0+0
 178 001d 00000000 		.4byte	0
 179 0021 00000000 		.4byte	.Ldebug_line0
 180 0025 02       		.uleb128 0x2
 181 0026 01       		.byte	0x1
 182 0027 06       		.byte	0x6
 183 0028 16010000 		.4byte	.LASF0
 184 002c 02       		.uleb128 0x2
 185 002d 01       		.byte	0x1
 186 002e 08       		.byte	0x8
 187 002f 88000000 		.4byte	.LASF1
 188 0033 02       		.uleb128 0x2
 189 0034 02       		.byte	0x2
 190 0035 05       		.byte	0x5
 191 0036 A8010000 		.4byte	.LASF2
 192 003a 02       		.uleb128 0x2
 193 003b 02       		.byte	0x2
 194 003c 07       		.byte	0x7
 195 003d 03010000 		.4byte	.LASF3
 196 0041 02       		.uleb128 0x2
 197 0042 04       		.byte	0x4
 198 0043 05       		.byte	0x5
 199 0044 FA000000 		.4byte	.LASF4
 200 0048 02       		.uleb128 0x2
 201 0049 04       		.byte	0x4
 202 004a 07       		.byte	0x7
 203 004b E1000000 		.4byte	.LASF5
 204 004f 02       		.uleb128 0x2
 205 0050 08       		.byte	0x8
 206 0051 05       		.byte	0x5
 207 0052 00000000 		.4byte	.LASF6
 208 0056 02       		.uleb128 0x2
 209 0057 08       		.byte	0x8
ARM GAS  C:\Users\Randhir\AppData\Local\Temp\ccLEGzMc.s 			page 7


 210 0058 07       		.byte	0x7
 211 0059 5D000000 		.4byte	.LASF7
 212 005d 03       		.uleb128 0x3
 213 005e 04       		.byte	0x4
 214 005f 05       		.byte	0x5
 215 0060 696E7400 		.ascii	"int\000"
 216 0064 02       		.uleb128 0x2
 217 0065 04       		.byte	0x4
 218 0066 07       		.byte	0x7
 219 0067 23000000 		.4byte	.LASF8
 220 006b 04       		.uleb128 0x4
 221 006c 4E000000 		.4byte	.LASF12
 222 0070 02       		.byte	0x2
 223 0071 A1       		.byte	0xa1
 224 0072 2C000000 		.4byte	0x2c
 225 0076 02       		.uleb128 0x2
 226 0077 04       		.byte	0x4
 227 0078 04       		.byte	0x4
 228 0079 46010000 		.4byte	.LASF9
 229 007d 02       		.uleb128 0x2
 230 007e 08       		.byte	0x8
 231 007f 04       		.byte	0x4
 232 0080 F3000000 		.4byte	.LASF10
 233 0084 02       		.uleb128 0x2
 234 0085 01       		.byte	0x1
 235 0086 08       		.byte	0x8
 236 0087 96000000 		.4byte	.LASF11
 237 008b 05       		.uleb128 0x5
 238 008c 49000000 		.4byte	.LASF13
 239 0090 02       		.byte	0x2
 240 0091 4B01     		.2byte	0x14b
 241 0093 97000000 		.4byte	0x97
 242 0097 06       		.uleb128 0x6
 243 0098 6B000000 		.4byte	0x6b
 244 009c 02       		.uleb128 0x2
 245 009d 04       		.byte	0x4
 246 009e 07       		.byte	0x7
 247 009f 2E020000 		.4byte	.LASF14
 248 00a3 07       		.uleb128 0x7
 249 00a4 04       		.byte	0x4
 250 00a5 03       		.byte	0x3
 251 00a6 2E       		.byte	0x2e
 252 00a7 DC000000 		.4byte	0xdc
 253 00ab 08       		.uleb128 0x8
 254 00ac 17000000 		.4byte	.LASF15
 255 00b0 03       		.byte	0x3
 256 00b1 30       		.byte	0x30
 257 00b2 6B000000 		.4byte	0x6b
 258 00b6 00       		.byte	0
 259 00b7 08       		.uleb128 0x8
 260 00b8 0E000000 		.4byte	.LASF16
 261 00bc 03       		.byte	0x3
 262 00bd 31       		.byte	0x31
 263 00be 6B000000 		.4byte	0x6b
 264 00c2 01       		.byte	0x1
 265 00c3 08       		.uleb128 0x8
 266 00c4 54000000 		.4byte	.LASF17
ARM GAS  C:\Users\Randhir\AppData\Local\Temp\ccLEGzMc.s 			page 8


 267 00c8 03       		.byte	0x3
 268 00c9 32       		.byte	0x32
 269 00ca 6B000000 		.4byte	0x6b
 270 00ce 02       		.byte	0x2
 271 00cf 08       		.uleb128 0x8
 272 00d0 3D010000 		.4byte	.LASF18
 273 00d4 03       		.byte	0x3
 274 00d5 33       		.byte	0x33
 275 00d6 6B000000 		.4byte	0x6b
 276 00da 03       		.byte	0x3
 277 00db 00       		.byte	0
 278 00dc 04       		.uleb128 0x4
 279 00dd 22010000 		.4byte	.LASF19
 280 00e1 03       		.byte	0x3
 281 00e2 34       		.byte	0x34
 282 00e3 A3000000 		.4byte	0xa3
 283 00e7 09       		.uleb128 0x9
 284 00e8 30000000 		.4byte	.LASF20
 285 00ec 01       		.byte	0x1
 286 00ed 26       		.byte	0x26
 287 00ee 00000000 		.4byte	.LFB0
 288 00f2 0C000000 		.4byte	.LFE0-.LFB0
 289 00f6 01       		.uleb128 0x1
 290 00f7 9C       		.byte	0x9c
 291 00f8 09       		.uleb128 0x9
 292 00f9 B0000000 		.4byte	.LASF21
 293 00fd 01       		.byte	0x1
 294 00fe 3B       		.byte	0x3b
 295 00ff 00000000 		.4byte	.LFB1
 296 0103 0C000000 		.4byte	.LFE1-.LFB1
 297 0107 01       		.uleb128 0x1
 298 0108 9C       		.byte	0x9c
 299 0109 0A       		.uleb128 0xa
 300 010a 74000000 		.4byte	.LASF22
 301 010e 01       		.byte	0x1
 302 010f 54       		.byte	0x54
 303 0110 00000000 		.4byte	.LFB2
 304 0114 34000000 		.4byte	.LFE2-.LFB2
 305 0118 01       		.uleb128 0x1
 306 0119 9C       		.byte	0x9c
 307 011a 0A       		.uleb128 0xa
 308 011b 9B000000 		.4byte	.LASF23
 309 011f 01       		.byte	0x1
 310 0120 7B       		.byte	0x7b
 311 0121 00000000 		.4byte	.LFB3
 312 0125 1C000000 		.4byte	.LFE3-.LFB3
 313 0129 01       		.uleb128 0x1
 314 012a 9C       		.byte	0x9c
 315 012b 0B       		.uleb128 0xb
 316 012c CC000000 		.4byte	.LASF27
 317 0130 01       		.byte	0x1
 318 0131 15       		.byte	0x15
 319 0132 DC000000 		.4byte	0xdc
 320 0136 05       		.uleb128 0x5
 321 0137 03       		.byte	0x3
 322 0138 00000000 		.4byte	Sample_Hold_1_backup
 323 013c 00       		.byte	0
ARM GAS  C:\Users\Randhir\AppData\Local\Temp\ccLEGzMc.s 			page 9


 324              		.section	.debug_abbrev,"",%progbits
 325              	.Ldebug_abbrev0:
 326 0000 01       		.uleb128 0x1
 327 0001 11       		.uleb128 0x11
 328 0002 01       		.byte	0x1
 329 0003 25       		.uleb128 0x25
 330 0004 0E       		.uleb128 0xe
 331 0005 13       		.uleb128 0x13
 332 0006 0B       		.uleb128 0xb
 333 0007 03       		.uleb128 0x3
 334 0008 0E       		.uleb128 0xe
 335 0009 1B       		.uleb128 0x1b
 336 000a 0E       		.uleb128 0xe
 337 000b 55       		.uleb128 0x55
 338 000c 17       		.uleb128 0x17
 339 000d 11       		.uleb128 0x11
 340 000e 01       		.uleb128 0x1
 341 000f 10       		.uleb128 0x10
 342 0010 17       		.uleb128 0x17
 343 0011 00       		.byte	0
 344 0012 00       		.byte	0
 345 0013 02       		.uleb128 0x2
 346 0014 24       		.uleb128 0x24
 347 0015 00       		.byte	0
 348 0016 0B       		.uleb128 0xb
 349 0017 0B       		.uleb128 0xb
 350 0018 3E       		.uleb128 0x3e
 351 0019 0B       		.uleb128 0xb
 352 001a 03       		.uleb128 0x3
 353 001b 0E       		.uleb128 0xe
 354 001c 00       		.byte	0
 355 001d 00       		.byte	0
 356 001e 03       		.uleb128 0x3
 357 001f 24       		.uleb128 0x24
 358 0020 00       		.byte	0
 359 0021 0B       		.uleb128 0xb
 360 0022 0B       		.uleb128 0xb
 361 0023 3E       		.uleb128 0x3e
 362 0024 0B       		.uleb128 0xb
 363 0025 03       		.uleb128 0x3
 364 0026 08       		.uleb128 0x8
 365 0027 00       		.byte	0
 366 0028 00       		.byte	0
 367 0029 04       		.uleb128 0x4
 368 002a 16       		.uleb128 0x16
 369 002b 00       		.byte	0
 370 002c 03       		.uleb128 0x3
 371 002d 0E       		.uleb128 0xe
 372 002e 3A       		.uleb128 0x3a
 373 002f 0B       		.uleb128 0xb
 374 0030 3B       		.uleb128 0x3b
 375 0031 0B       		.uleb128 0xb
 376 0032 49       		.uleb128 0x49
 377 0033 13       		.uleb128 0x13
 378 0034 00       		.byte	0
 379 0035 00       		.byte	0
 380 0036 05       		.uleb128 0x5
ARM GAS  C:\Users\Randhir\AppData\Local\Temp\ccLEGzMc.s 			page 10


 381 0037 16       		.uleb128 0x16
 382 0038 00       		.byte	0
 383 0039 03       		.uleb128 0x3
 384 003a 0E       		.uleb128 0xe
 385 003b 3A       		.uleb128 0x3a
 386 003c 0B       		.uleb128 0xb
 387 003d 3B       		.uleb128 0x3b
 388 003e 05       		.uleb128 0x5
 389 003f 49       		.uleb128 0x49
 390 0040 13       		.uleb128 0x13
 391 0041 00       		.byte	0
 392 0042 00       		.byte	0
 393 0043 06       		.uleb128 0x6
 394 0044 35       		.uleb128 0x35
 395 0045 00       		.byte	0
 396 0046 49       		.uleb128 0x49
 397 0047 13       		.uleb128 0x13
 398 0048 00       		.byte	0
 399 0049 00       		.byte	0
 400 004a 07       		.uleb128 0x7
 401 004b 13       		.uleb128 0x13
 402 004c 01       		.byte	0x1
 403 004d 0B       		.uleb128 0xb
 404 004e 0B       		.uleb128 0xb
 405 004f 3A       		.uleb128 0x3a
 406 0050 0B       		.uleb128 0xb
 407 0051 3B       		.uleb128 0x3b
 408 0052 0B       		.uleb128 0xb
 409 0053 01       		.uleb128 0x1
 410 0054 13       		.uleb128 0x13
 411 0055 00       		.byte	0
 412 0056 00       		.byte	0
 413 0057 08       		.uleb128 0x8
 414 0058 0D       		.uleb128 0xd
 415 0059 00       		.byte	0
 416 005a 03       		.uleb128 0x3
 417 005b 0E       		.uleb128 0xe
 418 005c 3A       		.uleb128 0x3a
 419 005d 0B       		.uleb128 0xb
 420 005e 3B       		.uleb128 0x3b
 421 005f 0B       		.uleb128 0xb
 422 0060 49       		.uleb128 0x49
 423 0061 13       		.uleb128 0x13
 424 0062 38       		.uleb128 0x38
 425 0063 0B       		.uleb128 0xb
 426 0064 00       		.byte	0
 427 0065 00       		.byte	0
 428 0066 09       		.uleb128 0x9
 429 0067 2E       		.uleb128 0x2e
 430 0068 00       		.byte	0
 431 0069 3F       		.uleb128 0x3f
 432 006a 19       		.uleb128 0x19
 433 006b 03       		.uleb128 0x3
 434 006c 0E       		.uleb128 0xe
 435 006d 3A       		.uleb128 0x3a
 436 006e 0B       		.uleb128 0xb
 437 006f 3B       		.uleb128 0x3b
ARM GAS  C:\Users\Randhir\AppData\Local\Temp\ccLEGzMc.s 			page 11


 438 0070 0B       		.uleb128 0xb
 439 0071 27       		.uleb128 0x27
 440 0072 19       		.uleb128 0x19
 441 0073 11       		.uleb128 0x11
 442 0074 01       		.uleb128 0x1
 443 0075 12       		.uleb128 0x12
 444 0076 06       		.uleb128 0x6
 445 0077 40       		.uleb128 0x40
 446 0078 18       		.uleb128 0x18
 447 0079 9742     		.uleb128 0x2117
 448 007b 19       		.uleb128 0x19
 449 007c 00       		.byte	0
 450 007d 00       		.byte	0
 451 007e 0A       		.uleb128 0xa
 452 007f 2E       		.uleb128 0x2e
 453 0080 00       		.byte	0
 454 0081 3F       		.uleb128 0x3f
 455 0082 19       		.uleb128 0x19
 456 0083 03       		.uleb128 0x3
 457 0084 0E       		.uleb128 0xe
 458 0085 3A       		.uleb128 0x3a
 459 0086 0B       		.uleb128 0xb
 460 0087 3B       		.uleb128 0x3b
 461 0088 0B       		.uleb128 0xb
 462 0089 27       		.uleb128 0x27
 463 008a 19       		.uleb128 0x19
 464 008b 11       		.uleb128 0x11
 465 008c 01       		.uleb128 0x1
 466 008d 12       		.uleb128 0x12
 467 008e 06       		.uleb128 0x6
 468 008f 40       		.uleb128 0x40
 469 0090 18       		.uleb128 0x18
 470 0091 9642     		.uleb128 0x2116
 471 0093 19       		.uleb128 0x19
 472 0094 00       		.byte	0
 473 0095 00       		.byte	0
 474 0096 0B       		.uleb128 0xb
 475 0097 34       		.uleb128 0x34
 476 0098 00       		.byte	0
 477 0099 03       		.uleb128 0x3
 478 009a 0E       		.uleb128 0xe
 479 009b 3A       		.uleb128 0x3a
 480 009c 0B       		.uleb128 0xb
 481 009d 3B       		.uleb128 0x3b
 482 009e 0B       		.uleb128 0xb
 483 009f 49       		.uleb128 0x49
 484 00a0 13       		.uleb128 0x13
 485 00a1 02       		.uleb128 0x2
 486 00a2 18       		.uleb128 0x18
 487 00a3 00       		.byte	0
 488 00a4 00       		.byte	0
 489 00a5 00       		.byte	0
 490              		.section	.debug_aranges,"",%progbits
 491 0000 34000000 		.4byte	0x34
 492 0004 0200     		.2byte	0x2
 493 0006 00000000 		.4byte	.Ldebug_info0
 494 000a 04       		.byte	0x4
ARM GAS  C:\Users\Randhir\AppData\Local\Temp\ccLEGzMc.s 			page 12


 495 000b 00       		.byte	0
 496 000c 0000     		.2byte	0
 497 000e 0000     		.2byte	0
 498 0010 00000000 		.4byte	.LFB0
 499 0014 0C000000 		.4byte	.LFE0-.LFB0
 500 0018 00000000 		.4byte	.LFB1
 501 001c 0C000000 		.4byte	.LFE1-.LFB1
 502 0020 00000000 		.4byte	.LFB2
 503 0024 34000000 		.4byte	.LFE2-.LFB2
 504 0028 00000000 		.4byte	.LFB3
 505 002c 1C000000 		.4byte	.LFE3-.LFB3
 506 0030 00000000 		.4byte	0
 507 0034 00000000 		.4byte	0
 508              		.section	.debug_ranges,"",%progbits
 509              	.Ldebug_ranges0:
 510 0000 00000000 		.4byte	.LFB0
 511 0004 0C000000 		.4byte	.LFE0
 512 0008 00000000 		.4byte	.LFB1
 513 000c 0C000000 		.4byte	.LFE1
 514 0010 00000000 		.4byte	.LFB2
 515 0014 34000000 		.4byte	.LFE2
 516 0018 00000000 		.4byte	.LFB3
 517 001c 1C000000 		.4byte	.LFE3
 518 0020 00000000 		.4byte	0
 519 0024 00000000 		.4byte	0
 520              		.section	.debug_line,"",%progbits
 521              	.Ldebug_line0:
 522 0000 B2000000 		.section	.debug_str,"MS",%progbits,1
 522      02006200 
 522      00000201 
 522      FB0E0D00 
 522      01010101 
 523              	.LASF6:
 524 0000 6C6F6E67 		.ascii	"long long int\000"
 524      206C6F6E 
 524      6720696E 
 524      7400
 525              	.LASF16:
 526 000e 73634352 		.ascii	"scCR0Reg\000"
 526      30526567 
 526      00
 527              	.LASF15:
 528 0017 656E6162 		.ascii	"enableState\000"
 528      6C655374 
 528      61746500 
 529              	.LASF8:
 530 0023 756E7369 		.ascii	"unsigned int\000"
 530      676E6564 
 530      20696E74 
 530      00
 531              	.LASF20:
 532 0030 53616D70 		.ascii	"Sample_Hold_1_SaveConfig\000"
 532      6C655F48 
 532      6F6C645F 
 532      315F5361 
 532      7665436F 
 533              	.LASF13:
ARM GAS  C:\Users\Randhir\AppData\Local\Temp\ccLEGzMc.s 			page 13


 534 0049 72656738 		.ascii	"reg8\000"
 534      00
 535              	.LASF12:
 536 004e 75696E74 		.ascii	"uint8\000"
 536      3800
 537              	.LASF17:
 538 0054 73634352 		.ascii	"scCR1Reg\000"
 538      31526567 
 538      00
 539              	.LASF7:
 540 005d 6C6F6E67 		.ascii	"long long unsigned int\000"
 540      206C6F6E 
 540      6720756E 
 540      7369676E 
 540      65642069 
 541              	.LASF22:
 542 0074 53616D70 		.ascii	"Sample_Hold_1_Sleep\000"
 542      6C655F48 
 542      6F6C645F 
 542      315F536C 
 542      65657000 
 543              	.LASF1:
 544 0088 756E7369 		.ascii	"unsigned char\000"
 544      676E6564 
 544      20636861 
 544      7200
 545              	.LASF11:
 546 0096 63686172 		.ascii	"char\000"
 546      00
 547              	.LASF23:
 548 009b 53616D70 		.ascii	"Sample_Hold_1_Wakeup\000"
 548      6C655F48 
 548      6F6C645F 
 548      315F5761 
 548      6B657570 
 549              	.LASF21:
 550 00b0 53616D70 		.ascii	"Sample_Hold_1_RestoreConfig\000"
 550      6C655F48 
 550      6F6C645F 
 550      315F5265 
 550      73746F72 
 551              	.LASF27:
 552 00cc 53616D70 		.ascii	"Sample_Hold_1_backup\000"
 552      6C655F48 
 552      6F6C645F 
 552      315F6261 
 552      636B7570 
 553              	.LASF5:
 554 00e1 6C6F6E67 		.ascii	"long unsigned int\000"
 554      20756E73 
 554      69676E65 
 554      6420696E 
 554      7400
 555              	.LASF10:
 556 00f3 646F7562 		.ascii	"double\000"
 556      6C6500
 557              	.LASF4:
ARM GAS  C:\Users\Randhir\AppData\Local\Temp\ccLEGzMc.s 			page 14


 558 00fa 6C6F6E67 		.ascii	"long int\000"
 558      20696E74 
 558      00
 559              	.LASF3:
 560 0103 73686F72 		.ascii	"short unsigned int\000"
 560      7420756E 
 560      7369676E 
 560      65642069 
 560      6E7400
 561              	.LASF0:
 562 0116 7369676E 		.ascii	"signed char\000"
 562      65642063 
 562      68617200 
 563              	.LASF19:
 564 0122 53616D70 		.ascii	"Sample_Hold_1_backupStruct\000"
 564      6C655F48 
 564      6F6C645F 
 564      315F6261 
 564      636B7570 
 565              	.LASF18:
 566 013d 73634352 		.ascii	"scCR2Reg\000"
 566      32526567 
 566      00
 567              	.LASF9:
 568 0146 666C6F61 		.ascii	"float\000"
 568      7400
 569              	.LASF26:
 570 014c 433A5C55 		.ascii	"C:\\Users\\Randhir\\Desktop\\Project\\Assignment\\C"
 570      73657273 
 570      5C52616E 
 570      64686972 
 570      5C446573 
 571 0179 45393532 		.ascii	"E95277 ADC and UART\\CE95277 ADC and UART.cydsn\000"
 571      37372041 
 571      44432061 
 571      6E642055 
 571      4152545C 
 572              	.LASF2:
 573 01a8 73686F72 		.ascii	"short int\000"
 573      7420696E 
 573      7400
 574              	.LASF24:
 575 01b2 474E5520 		.ascii	"GNU C 4.8.4 20140526 (release) [ARM/embedded-4_8-br"
 575      4320342E 
 575      382E3420 
 575      32303134 
 575      30353236 
 576 01e5 616E6368 		.ascii	"anch revision 211358] -mcpu=cortex-m3 -mthumb -g -O"
 576      20726576 
 576      6973696F 
 576      6E203231 
 576      31333538 
 577 0218 30202D66 		.ascii	"0 -ffunction-sections\000"
 577      66756E63 
 577      74696F6E 
 577      2D736563 
 577      74696F6E 
ARM GAS  C:\Users\Randhir\AppData\Local\Temp\ccLEGzMc.s 			page 15


 578              	.LASF14:
 579 022e 73697A65 		.ascii	"sizetype\000"
 579      74797065 
 579      00
 580              	.LASF25:
 581 0237 2E5C4765 		.ascii	".\\Generated_Source\\PSoC5\\Sample_Hold_1_PM.c\000"
 581      6E657261 
 581      7465645F 
 581      536F7572 
 581      63655C50 
 582              		.ident	"GCC: (GNU Tools for ARM Embedded Processors) 4.8.4 20140526 (release) [ARM/embedded-4_8-br
